{
 "about": {
  "channels": [
   "conda-forge",
   "defaults"
  ],
  "conda_build_version": "3.20.3",
  "conda_private": false,
  "conda_version": "4.8.5",
  "dev_url": "http://github.com/jrmadsen/pyctest",
  "doc_url": "https://pyctest.readthedocs.io/en/latest/",
  "env_vars": {
   "CIO_TEST": "<not set>"
  },
  "extra": {
   "copy_test_source_files": true,
   "final": true,
   "recipe-maintainers": [
    "jrmadsen"
   ]
  },
  "home": "http://github.com/jrmadsen/pyctest",
  "identifiers": [],
  "keywords": [],
  "license": "MIT",
  "license_family": "MIT",
  "license_file": "LICENSE",
  "root_pkgs": [
   "pytz 2020.1 pyh9f0ad1d_0",
   "urllib3 1.25.10 py_0",
   "bzip2 1.0.8 h516909a_3",
   "py-lief 0.10.1 py38h348cfbe_2",
   "filelock 3.0.12 pyh9f0ad1d_0",
   "zstd 1.4.5 h6597ccf_2",
   "libgomp 9.3.0 h5dbcf3e_17",
   "tk 8.6.10 hed695b0_1",
   "pyopenssl 19.1.0 py_1",
   "ncurses 6.2 he1b5a44_2",
   "patchelf 0.11 he1b5a44_0",
   "setuptools 49.6.0 py38h924ce5b_2",
   "readline 8.0 he28a2e2_2",
   "lz4-c 1.9.2 he1b5a44_3",
   "zlib 1.2.11 h516909a_1009",
   "patch 2.7.6 h14c3975_1001",
   "zipp 3.3.0 py_0",
   "anaconda-client 1.7.2 py_0",
   "pycparser 2.20 pyh9f0ad1d_2",
   "git 2.28.0 pl526h5e3e691_1",
   "lzo 2.10 h516909a_1000",
   "pip 20.2.3 py_0",
   "attrs 20.2.0 pyh9f0ad1d_0",
   "tini 0.18.0 h14c3975_1001",
   "libev 4.33 h516909a_1",
   "sqlite 3.33.0 h4cf870e_1",
   "yaml 0.2.5 h516909a_0",
   "clyent 1.2.2 py_1",
   "libnghttp2 1.41.0 h8cfc5f6_2",
   "importlib-metadata 2.0.0 py_1",
   "pkginfo 1.5.0.1 py_0",
   "idna 2.10 pyh9f0ad1d_0",
   "openssl 1.1.1h h516909a_0",
   "psutil 5.7.2 py38h8df0ef7_1",
   "curl 7.71.1 he644dc0_8",
   "conda-build 3.20.3 py38h32f6830_0",
   "pycosat 0.6.3 py38h8df0ef7_1005",
   "conda 4.8.5 py38h924ce5b_2",
   "nbformat 5.0.7 py_0",
   "perl 5.26.2 h516909a_1006",
   "six 1.15.0 pyh9f0ad1d_0",
   "jinja2 2.11.2 pyh9f0ad1d_0",
   "libarchive 3.4.3 hf837322_0",
   "libffi 3.2.1 he1b5a44_1007",
   "cffi 1.14.3 py38h1bdcb99_1",
   "conda-package-handling 1.7.0 py38h8df0ef7_6",
   "requests 2.24.0 pyh9f0ad1d_0",
   "_openmp_mutex 4.5 1_gnu",
   "cryptography 3.1.1 py38h766eaa4_0",
   "gettext 0.19.8.1 hc5be6a0_1002",
   "tqdm 4.50.2 pyh9f0ad1d_0",
   "su-exec 0.2 h516909a_1002",
   "traitlets 5.0.4 py_1",
   "ripgrep 12.1.1 h516909a_0",
   "beautifulsoup4 4.9.3 pyhb0f4dca_0",
   "soupsieve 2.0.1 py_1",
   "wheel 0.35.1 pyh9f0ad1d_0",
   "expat 2.2.9 he1b5a44_2",
   "jsonschema 3.2.0 py_2",
   "libiconv 1.16 h516909a_0",
   "liblief 0.10.1 he1b5a44_2",
   "pcre 8.44 he1b5a44_0",
   "ld_impl_linux-64 2.35 h769bd43_9",
   "ipython_genutils 0.2.0 py_1",
   "icu 67.1 he1b5a44_0",
   "brotlipy 0.7.0 py38h8df0ef7_1001",
   "ca-certificates 2020.6.20 hecda079_0",
   "libgcc-ng 9.3.0 h5dbcf3e_17",
   "libssh2 1.9.0 hab1572f_5",
   "jupyter_core 4.6.3 py38h32f6830_2",
   "libxml2 2.9.10 h68273f3_2",
   "ruamel_yaml 0.15.80 py38h8df0ef7_1003",
   "xz 5.2.5 h516909a_1",
   "libcurl 7.71.1 hcdd3856_8",
   "_libgcc_mutex 0.1 conda_forge",
   "libstdcxx-ng 9.3.0 h2ae2ef3_17",
   "python 3.8.6 h852b56e_0_cpython",
   "c-ares 1.16.1 h516909a_3",
   "python-libarchive-c 2.9 py38h924ce5b_2",
   "python-dateutil 2.8.1 py_0",
   "krb5 1.17.1 hfafb76e_3",
   "pyrsistent 0.17.3 py38h1e0a361_1",
   "chardet 3.0.4 py38h924ce5b_1008",
   "markupsafe 1.1.1 py38h8df0ef7_2",
   "libedit 3.1.20191231 he28a2e2_2",
   "python_abi 3.8 1_cp38",
   "pyyaml 5.3.1 py38h8df0ef7_1",
   "importlib_metadata 2.0.0 1",
   "certifi 2020.6.20 py38h924ce5b_2",
   "pysocks 1.7.1 py38h924ce5b_2",
   "glob2 0.7 py_0",
   "oniguruma 6.9.3 h516909a_0",
   "conda-env 2.6.0 1",
   "jq 1.6 h14c3975_1000",
   "conda-forge-ci-setup 3.4.0 py38h9b328fc_0",
   "shyaml 0.6.1 py_0",
   "click 7.1.2 pyh9f0ad1d_0"
  ],
  "summary": "Python bindings to select portions of CMake/CTest package -- enabling generation of CTests for CDash submission without a CMake build system",
  "tags": []
 },
 "conda_build_config": {
  "CI": "azure",
  "c_compiler": "gcc",
  "c_compiler_version": "7",
  "channel_sources": "conda-forge,defaults",
  "channel_targets": "conda-forge main",
  "cpu_optimization_target": "nocona",
  "cran_mirror": "https://cran.r-project.org",
  "curl": "7",
  "cxx_compiler": "gxx",
  "cxx_compiler_version": "7",
  "docker_image": "condaforge/linux-anvil-comp7",
  "extend_keys": [
   "ignore_version",
   "pin_run_as_build",
   "extend_keys",
   "ignore_build_only_deps"
  ],
  "fortran_compiler": "gfortran",
  "ignore_build_only_deps": [
   "python",
   "numpy"
  ],
  "lua": "5",
  "numpy": "1.11",
  "openssl": "1.1.1",
  "perl": "5.26.2",
  "pin_run_as_build": {
   "curl": {
    "max_pin": "x"
   },
   "openssl": {
    "max_pin": "x.x.x"
   },
   "python": {
    "max_pin": "x.x",
    "min_pin": "x.x"
   },
   "r-base": {
    "max_pin": "x.x",
    "min_pin": "x.x"
   }
  },
  "python": "3.8.* *_cpython",
  "r_base": "3.5",
  "target_platform": "linux-64",
  "zip_keys": [
   [
    "c_compiler_version",
    "cxx_compiler_version"
   ]
  ]
 },
 "files": [
  "lib/python3.8/site-packages/pyctest-0.0.12.dist-info/INSTALLER",
  "lib/python3.8/site-packages/pyctest-0.0.12.dist-info/LICENSE",
  "lib/python3.8/site-packages/pyctest-0.0.12.dist-info/METADATA",
  "lib/python3.8/site-packages/pyctest-0.0.12.dist-info/RECORD",
  "lib/python3.8/site-packages/pyctest-0.0.12.dist-info/REQUESTED",
  "lib/python3.8/site-packages/pyctest-0.0.12.dist-info/WHEEL",
  "lib/python3.8/site-packages/pyctest-0.0.12.dist-info/direct_url.json",
  "lib/python3.8/site-packages/pyctest/__init__.py",
  "lib/python3.8/site-packages/pyctest/__main__.py",
  "lib/python3.8/site-packages/pyctest/bin/cmake",
  "lib/python3.8/site-packages/pyctest/bin/cpack",
  "lib/python3.8/site-packages/pyctest/bin/ctest",
  "lib/python3.8/site-packages/pyctest/cdash/Init.cmake",
  "lib/python3.8/site-packages/pyctest/cdash/Stages.cmake",
  "lib/python3.8/site-packages/pyctest/cdash/Utilities.cmake",
  "lib/python3.8/site-packages/pyctest/cmake/__init__.py",
  "lib/python3.8/site-packages/pyctest/cmake/__main__.py",
  "lib/python3.8/site-packages/pyctest/cpack/__init__.py",
  "lib/python3.8/site-packages/pyctest/cpack/__main__.py",
  "lib/python3.8/site-packages/pyctest/ctest/__init__.py",
  "lib/python3.8/site-packages/pyctest/ctest/__main__.py",
  "lib/python3.8/site-packages/pyctest/doc/cmake-3.13/cmcurl/COPYING",
  "lib/python3.8/site-packages/pyctest/doc/cmake-3.13/cmlibarchive/COPYING",
  "lib/python3.8/site-packages/pyctest/doc/cmake-3.13/cmliblzma/COPYING",
  "lib/python3.8/site-packages/pyctest/doc/cmake-3.13/cmlibrhash/COPYING",
  "lib/python3.8/site-packages/pyctest/doc/cmake-3.13/cmlibrhash/README",
  "lib/python3.8/site-packages/pyctest/doc/cmake-3.13/cmlibuv/LICENSE",
  "lib/python3.8/site-packages/pyctest/helpers.py",
  "lib/python3.8/site-packages/pyctest/pycmake.cpython-38-x86_64-linux-gnu.so",
  "lib/python3.8/site-packages/pyctest/pyctest.cpython-38-x86_64-linux-gnu.so",
  "lib/python3.8/site-packages/pyctest/share/aclocal/cmake.m4",
  "lib/python3.8/site-packages/pyctest/share/cmake-3.13/Help/command/add_compile_definitions.rst",
  "lib/python3.8/site-packages/pyctest/share/cmake-3.13/Help/command/add_compile_options.rst",
  "lib/python3.8/site-packages/pyctest/share/cmake-3.13/Help/command/add_custom_command.rst",
  "lib/python3.8/site-packages/pyctest/share/cmake-3.13/Help/command/add_custom_target.rst",
  "lib/python3.8/site-packages/pyctest/share/cmake-3.13/Help/command/add_definitions.rst",
  "lib/python3.8/site-packages/pyctest/share/cmake-3.13/Help/command/add_dependencies.rst",
  "lib/python3.8/site-packages/pyctest/share/cmake-3.13/Help/command/add_executable.rst",
  "lib/python3.8/site-packages/pyctest/share/cmake-3.13/Help/command/add_library.rst",
  "lib/python3.8/site-packages/pyctest/share/cmake-3.13/Help/command/add_link_options.rst",
  "lib/python3.8/site-packages/pyctest/share/cmake-3.13/Help/command/add_subdirectory.rst",
  "lib/python3.8/site-packages/pyctest/share/cmake-3.13/Help/command/add_test.rst",
  "lib/python3.8/site-packages/pyctest/share/cmake-3.13/Help/command/aux_source_directory.rst",
  "lib/python3.8/site-packages/pyctest/share/cmake-3.13/Help/command/break.rst",
  "lib/python3.8/site-packages/pyctest/share/cmake-3.13/Help/command/build_command.rst",
  "lib/python3.8/site-packages/pyctest/share/cmake-3.13/Help/command/build_name.rst",
  "lib/python3.8/site-packages/pyctest/share/cmake-3.13/Help/command/cmake_host_system_information.rst",
  "lib/python3.8/site-packages/pyctest/share/cmake-3.13/Help/command/cmake_minimum_required.rst",
  "lib/python3.8/site-packages/pyctest/share/cmake-3.13/Help/command/cmake_parse_arguments.rst",
  "lib/python3.8/site-packages/pyctest/share/cmake-3.13/Help/command/cmake_policy.rst",
  "lib/python3.8/site-packages/pyctest/share/cmake-3.13/Help/command/configure_file.rst",
  "lib/python3.8/site-packages/pyctest/share/cmake-3.13/Help/command/continue.rst",
  "lib/python3.8/site-packages/pyctest/share/cmake-3.13/Help/command/create_test_sourcelist.rst",
  "lib/python3.8/site-packages/pyctest/share/cmake-3.13/Help/command/ctest_build.rst",
  "lib/python3.8/site-packages/pyctest/share/cmake-3.13/Help/command/ctest_configure.rst",
  "lib/python3.8/site-packages/pyctest/share/cmake-3.13/Help/command/ctest_coverage.rst",
  "lib/python3.8/site-packages/pyctest/share/cmake-3.13/Help/command/ctest_empty_binary_directory.rst",
  "lib/python3.8/site-packages/pyctest/share/cmake-3.13/Help/command/ctest_memcheck.rst",
  "lib/python3.8/site-packages/pyctest/share/cmake-3.13/Help/command/ctest_read_custom_files.rst",
  "lib/python3.8/site-packages/pyctest/share/cmake-3.13/Help/command/ctest_run_script.rst",
  "lib/python3.8/site-packages/pyctest/share/cmake-3.13/Help/command/ctest_sleep.rst",
  "lib/python3.8/site-packages/pyctest/share/cmake-3.13/Help/command/ctest_start.rst",
  "lib/python3.8/site-packages/pyctest/share/cmake-3.13/Help/command/ctest_submit.rst",
  "lib/python3.8/site-packages/pyctest/share/cmake-3.13/Help/command/ctest_test.rst",
  "lib/python3.8/site-packages/pyctest/share/cmake-3.13/Help/command/ctest_update.rst",
  "lib/python3.8/site-packages/pyctest/share/cmake-3.13/Help/command/ctest_upload.rst",
  "lib/python3.8/site-packages/pyctest/share/cmake-3.13/Help/command/define_property.rst",
  "lib/python3.8/site-packages/pyctest/share/cmake-3.13/Help/command/else.rst",
  "lib/python3.8/site-packages/pyctest/share/cmake-3.13/Help/command/elseif.rst",
  "lib/python3.8/site-packages/pyctest/share/cmake-3.13/Help/command/enable_language.rst",
  "lib/python3.8/site-packages/pyctest/share/cmake-3.13/Help/command/enable_testing.rst",
  "lib/python3.8/site-packages/pyctest/share/cmake-3.13/Help/command/endforeach.rst",
  "lib/python3.8/site-packages/pyctest/share/cmake-3.13/Help/command/endfunction.rst",
  "lib/python3.8/site-packages/pyctest/share/cmake-3.13/Help/command/endif.rst",
  "lib/python3.8/site-packages/pyctest/share/cmake-3.13/Help/command/endmacro.rst",
  "lib/python3.8/site-packages/pyctest/share/cmake-3.13/Help/command/endwhile.rst",
  "lib/python3.8/site-packages/pyctest/share/cmake-3.13/Help/command/exec_program.rst",
  "lib/python3.8/site-packages/pyctest/share/cmake-3.13/Help/command/execute_process.rst",
  "lib/python3.8/site-packages/pyctest/share/cmake-3.13/Help/command/export.rst",
  "lib/python3.8/site-packages/pyctest/share/cmake-3.13/Help/command/export_library_dependencies.rst",
  "lib/python3.8/site-packages/pyctest/share/cmake-3.13/Help/command/file.rst",
  "lib/python3.8/site-packages/pyctest/share/cmake-3.13/Help/command/find_file.rst",
  "lib/python3.8/site-packages/pyctest/share/cmake-3.13/Help/command/find_library.rst",
  "lib/python3.8/site-packages/pyctest/share/cmake-3.13/Help/command/find_package.rst",
  "lib/python3.8/site-packages/pyctest/share/cmake-3.13/Help/command/find_path.rst",
  "lib/python3.8/site-packages/pyctest/share/cmake-3.13/Help/command/find_program.rst",
  "lib/python3.8/site-packages/pyctest/share/cmake-3.13/Help/command/fltk_wrap_ui.rst",
  "lib/python3.8/site-packages/pyctest/share/cmake-3.13/Help/command/foreach.rst",
  "lib/python3.8/site-packages/pyctest/share/cmake-3.13/Help/command/function.rst",
  "lib/python3.8/site-packages/pyctest/share/cmake-3.13/Help/command/get_cmake_property.rst",
  "lib/python3.8/site-packages/pyctest/share/cmake-3.13/Help/command/get_directory_property.rst",
  "lib/python3.8/site-packages/pyctest/share/cmake-3.13/Help/command/get_filename_component.rst",
  "lib/python3.8/site-packages/pyctest/share/cmake-3.13/Help/command/get_property.rst",
  "lib/python3.8/site-packages/pyctest/share/cmake-3.13/Help/command/get_source_file_property.rst",
  "lib/python3.8/site-packages/pyctest/share/cmake-3.13/Help/command/get_target_property.rst",
  "lib/python3.8/site-packages/pyctest/share/cmake-3.13/Help/command/get_test_property.rst",
  "lib/python3.8/site-packages/pyctest/share/cmake-3.13/Help/command/if.rst",
  "lib/python3.8/site-packages/pyctest/share/cmake-3.13/Help/command/include.rst",
  "lib/python3.8/site-packages/pyctest/share/cmake-3.13/Help/command/include_directories.rst",
  "lib/python3.8/site-packages/pyctest/share/cmake-3.13/Help/command/include_external_msproject.rst",
  "lib/python3.8/site-packages/pyctest/share/cmake-3.13/Help/command/include_guard.rst",
  "lib/python3.8/site-packages/pyctest/share/cmake-3.13/Help/command/include_regular_expression.rst",
  "lib/python3.8/site-packages/pyctest/share/cmake-3.13/Help/command/install.rst",
  "lib/python3.8/site-packages/pyctest/share/cmake-3.13/Help/command/install_files.rst",
  "lib/python3.8/site-packages/pyctest/share/cmake-3.13/Help/command/install_programs.rst",
  "lib/python3.8/site-packages/pyctest/share/cmake-3.13/Help/command/install_targets.rst",
  "lib/python3.8/site-packages/pyctest/share/cmake-3.13/Help/command/link_directories.rst",
  "lib/python3.8/site-packages/pyctest/share/cmake-3.13/Help/command/link_libraries.rst",
  "lib/python3.8/site-packages/pyctest/share/cmake-3.13/Help/command/list.rst",
  "lib/python3.8/site-packages/pyctest/share/cmake-3.13/Help/command/load_cache.rst",
  "lib/python3.8/site-packages/pyctest/share/cmake-3.13/Help/command/load_command.rst",
  "lib/python3.8/site-packages/pyctest/share/cmake-3.13/Help/command/macro.rst",
  "lib/python3.8/site-packages/pyctest/share/cmake-3.13/Help/command/make_directory.rst",
  "lib/python3.8/site-packages/pyctest/share/cmake-3.13/Help/command/mark_as_advanced.rst",
  "lib/python3.8/site-packages/pyctest/share/cmake-3.13/Help/command/math.rst",
  "lib/python3.8/site-packages/pyctest/share/cmake-3.13/Help/command/message.rst",
  "lib/python3.8/site-packages/pyctest/share/cmake-3.13/Help/command/option.rst",
  "lib/python3.8/site-packages/pyctest/share/cmake-3.13/Help/command/output_required_files.rst",
  "lib/python3.8/site-packages/pyctest/share/cmake-3.13/Help/command/project.rst",
  "lib/python3.8/site-packages/pyctest/share/cmake-3.13/Help/command/qt_wrap_cpp.rst",
  "lib/python3.8/site-packages/pyctest/share/cmake-3.13/Help/command/qt_wrap_ui.rst",
  "lib/python3.8/site-packages/pyctest/share/cmake-3.13/Help/command/remove.rst",
  "lib/python3.8/site-packages/pyctest/share/cmake-3.13/Help/command/remove_definitions.rst",
  "lib/python3.8/site-packages/pyctest/share/cmake-3.13/Help/command/return.rst",
  "lib/python3.8/site-packages/pyctest/share/cmake-3.13/Help/command/separate_arguments.rst",
  "lib/python3.8/site-packages/pyctest/share/cmake-3.13/Help/command/set.rst",
  "lib/python3.8/site-packages/pyctest/share/cmake-3.13/Help/command/set_directory_properties.rst",
  "lib/python3.8/site-packages/pyctest/share/cmake-3.13/Help/command/set_property.rst",
  "lib/python3.8/site-packages/pyctest/share/cmake-3.13/Help/command/set_source_files_properties.rst",
  "lib/python3.8/site-packages/pyctest/share/cmake-3.13/Help/command/set_target_properties.rst",
  "lib/python3.8/site-packages/pyctest/share/cmake-3.13/Help/command/set_tests_properties.rst",
  "lib/python3.8/site-packages/pyctest/share/cmake-3.13/Help/command/site_name.rst",
  "lib/python3.8/site-packages/pyctest/share/cmake-3.13/Help/command/source_group.rst",
  "lib/python3.8/site-packages/pyctest/share/cmake-3.13/Help/command/string.rst",
  "lib/python3.8/site-packages/pyctest/share/cmake-3.13/Help/command/subdir_depends.rst",
  "lib/python3.8/site-packages/pyctest/share/cmake-3.13/Help/command/subdirs.rst",
  "lib/python3.8/site-packages/pyctest/share/cmake-3.13/Help/command/target_compile_definitions.rst",
  "lib/python3.8/site-packages/pyctest/share/cmake-3.13/Help/command/target_compile_features.rst",
  "lib/python3.8/site-packages/pyctest/share/cmake-3.13/Help/command/target_compile_options.rst",
  "lib/python3.8/site-packages/pyctest/share/cmake-3.13/Help/command/target_include_directories.rst",
  "lib/python3.8/site-packages/pyctest/share/cmake-3.13/Help/command/target_link_directories.rst",
  "lib/python3.8/site-packages/pyctest/share/cmake-3.13/Help/command/target_link_libraries.rst",
  "lib/python3.8/site-packages/pyctest/share/cmake-3.13/Help/command/target_link_options.rst",
  "lib/python3.8/site-packages/pyctest/share/cmake-3.13/Help/command/target_sources.rst",
  "lib/python3.8/site-packages/pyctest/share/cmake-3.13/Help/command/try_compile.rst",
  "lib/python3.8/site-packages/pyctest/share/cmake-3.13/Help/command/try_run.rst",
  "lib/python3.8/site-packages/pyctest/share/cmake-3.13/Help/command/unset.rst",
  "lib/python3.8/site-packages/pyctest/share/cmake-3.13/Help/command/use_mangled_mesa.rst",
  "lib/python3.8/site-packages/pyctest/share/cmake-3.13/Help/command/utility_source.rst",
  "lib/python3.8/site-packages/pyctest/share/cmake-3.13/Help/command/variable_requires.rst",
  "lib/python3.8/site-packages/pyctest/share/cmake-3.13/Help/command/variable_watch.rst",
  "lib/python3.8/site-packages/pyctest/share/cmake-3.13/Help/command/while.rst",
  "lib/python3.8/site-packages/pyctest/share/cmake-3.13/Help/command/write_file.rst",
  "lib/python3.8/site-packages/pyctest/share/cmake-3.13/Help/cpack_gen/archive.rst",
  "lib/python3.8/site-packages/pyctest/share/cmake-3.13/Help/cpack_gen/bundle.rst",
  "lib/python3.8/site-packages/pyctest/share/cmake-3.13/Help/cpack_gen/cygwin.rst",
  "lib/python3.8/site-packages/pyctest/share/cmake-3.13/Help/cpack_gen/deb.rst",
  "lib/python3.8/site-packages/pyctest/share/cmake-3.13/Help/cpack_gen/dmg.rst",
  "lib/python3.8/site-packages/pyctest/share/cmake-3.13/Help/cpack_gen/external.rst",
  "lib/python3.8/site-packages/pyctest/share/cmake-3.13/Help/cpack_gen/freebsd.rst",
  "lib/python3.8/site-packages/pyctest/share/cmake-3.13/Help/cpack_gen/ifw.rst",
  "lib/python3.8/site-packages/pyctest/share/cmake-3.13/Help/cpack_gen/nsis.rst",
  "lib/python3.8/site-packages/pyctest/share/cmake-3.13/Help/cpack_gen/nuget.rst",
  "lib/python3.8/site-packages/pyctest/share/cmake-3.13/Help/cpack_gen/packagemaker.rst",
  "lib/python3.8/site-packages/pyctest/share/cmake-3.13/Help/cpack_gen/productbuild.rst",
  "lib/python3.8/site-packages/pyctest/share/cmake-3.13/Help/cpack_gen/rpm.rst",
  "lib/python3.8/site-packages/pyctest/share/cmake-3.13/Help/cpack_gen/wix.rst",
  "lib/python3.8/site-packages/pyctest/share/cmake-3.13/Help/envvar/ASM_DIALECT.rst",
  "lib/python3.8/site-packages/pyctest/share/cmake-3.13/Help/envvar/ASM_DIALECTFLAGS.rst",
  "lib/python3.8/site-packages/pyctest/share/cmake-3.13/Help/envvar/CC.rst",
  "lib/python3.8/site-packages/pyctest/share/cmake-3.13/Help/envvar/CFLAGS.rst",
  "lib/python3.8/site-packages/pyctest/share/cmake-3.13/Help/envvar/CMAKE_BUILD_PARALLEL_LEVEL.rst",
  "lib/python3.8/site-packages/pyctest/share/cmake-3.13/Help/envvar/CMAKE_CONFIG_TYPE.rst",
  "lib/python3.8/site-packages/pyctest/share/cmake-3.13/Help/envvar/CMAKE_MSVCIDE_RUN_PATH.rst",
  "lib/python3.8/site-packages/pyctest/share/cmake-3.13/Help/envvar/CMAKE_OSX_ARCHITECTURES.rst",
  "lib/python3.8/site-packages/pyctest/share/cmake-3.13/Help/envvar/CSFLAGS.rst",
  "lib/python3.8/site-packages/pyctest/share/cmake-3.13/Help/envvar/CTEST_INTERACTIVE_DEBUG_MODE.rst",
  "lib/python3.8/site-packages/pyctest/share/cmake-3.13/Help/envvar/CTEST_OUTPUT_ON_FAILURE.rst",
  "lib/python3.8/site-packages/pyctest/share/cmake-3.13/Help/envvar/CTEST_PARALLEL_LEVEL.rst",
  "lib/python3.8/site-packages/pyctest/share/cmake-3.13/Help/envvar/CTEST_PROGRESS_OUTPUT.rst",
  "lib/python3.8/site-packages/pyctest/share/cmake-3.13/Help/envvar/CTEST_USE_LAUNCHERS_DEFAULT.rst",
  "lib/python3.8/site-packages/pyctest/share/cmake-3.13/Help/envvar/CUDACXX.rst",
  "lib/python3.8/site-packages/pyctest/share/cmake-3.13/Help/envvar/CUDAFLAGS.rst",
  "lib/python3.8/site-packages/pyctest/share/cmake-3.13/Help/envvar/CUDAHOSTCXX.rst",
  "lib/python3.8/site-packages/pyctest/share/cmake-3.13/Help/envvar/CXX.rst",
  "lib/python3.8/site-packages/pyctest/share/cmake-3.13/Help/envvar/CXXFLAGS.rst",
  "lib/python3.8/site-packages/pyctest/share/cmake-3.13/Help/envvar/DASHBOARD_TEST_FROM_CTEST.rst",
  "lib/python3.8/site-packages/pyctest/share/cmake-3.13/Help/envvar/DESTDIR.rst",
  "lib/python3.8/site-packages/pyctest/share/cmake-3.13/Help/envvar/FC.rst",
  "lib/python3.8/site-packages/pyctest/share/cmake-3.13/Help/envvar/FFLAGS.rst",
  "lib/python3.8/site-packages/pyctest/share/cmake-3.13/Help/envvar/LDFLAGS.rst",
  "lib/python3.8/site-packages/pyctest/share/cmake-3.13/Help/envvar/MACOSX_DEPLOYMENT_TARGET.rst",
  "lib/python3.8/site-packages/pyctest/share/cmake-3.13/Help/envvar/PackageName_ROOT.rst",
  "lib/python3.8/site-packages/pyctest/share/cmake-3.13/Help/envvar/RC.rst",
  "lib/python3.8/site-packages/pyctest/share/cmake-3.13/Help/envvar/RCFLAGS.rst",
  "lib/python3.8/site-packages/pyctest/share/cmake-3.13/Help/generator/Borland Makefiles.rst",
  "lib/python3.8/site-packages/pyctest/share/cmake-3.13/Help/generator/CodeBlocks.rst",
  "lib/python3.8/site-packages/pyctest/share/cmake-3.13/Help/generator/CodeLite.rst",
  "lib/python3.8/site-packages/pyctest/share/cmake-3.13/Help/generator/Eclipse CDT4.rst",
  "lib/python3.8/site-packages/pyctest/share/cmake-3.13/Help/generator/Green Hills MULTI.rst",
  "lib/python3.8/site-packages/pyctest/share/cmake-3.13/Help/generator/Kate.rst",
  "lib/python3.8/site-packages/pyctest/share/cmake-3.13/Help/generator/MSYS Makefiles.rst",
  "lib/python3.8/site-packages/pyctest/share/cmake-3.13/Help/generator/MinGW Makefiles.rst",
  "lib/python3.8/site-packages/pyctest/share/cmake-3.13/Help/generator/NMake Makefiles JOM.rst",
  "lib/python3.8/site-packages/pyctest/share/cmake-3.13/Help/generator/NMake Makefiles.rst",
  "lib/python3.8/site-packages/pyctest/share/cmake-3.13/Help/generator/Ninja.rst",
  "lib/python3.8/site-packages/pyctest/share/cmake-3.13/Help/generator/Sublime Text 2.rst",
  "lib/python3.8/site-packages/pyctest/share/cmake-3.13/Help/generator/Unix Makefiles.rst",
  "lib/python3.8/site-packages/pyctest/share/cmake-3.13/Help/generator/Visual Studio 10 2010.rst",
  "lib/python3.8/site-packages/pyctest/share/cmake-3.13/Help/generator/Visual Studio 11 2012.rst",
  "lib/python3.8/site-packages/pyctest/share/cmake-3.13/Help/generator/Visual Studio 12 2013.rst",
  "lib/python3.8/site-packages/pyctest/share/cmake-3.13/Help/generator/Visual Studio 14 2015.rst",
  "lib/python3.8/site-packages/pyctest/share/cmake-3.13/Help/generator/Visual Studio 15 2017.rst",
  "lib/python3.8/site-packages/pyctest/share/cmake-3.13/Help/generator/Visual Studio 6.rst",
  "lib/python3.8/site-packages/pyctest/share/cmake-3.13/Help/generator/Visual Studio 7 .NET 2003.rst",
  "lib/python3.8/site-packages/pyctest/share/cmake-3.13/Help/generator/Visual Studio 7.rst",
  "lib/python3.8/site-packages/pyctest/share/cmake-3.13/Help/generator/Visual Studio 8 2005.rst",
  "lib/python3.8/site-packages/pyctest/share/cmake-3.13/Help/generator/Visual Studio 9 2008.rst",
  "lib/python3.8/site-packages/pyctest/share/cmake-3.13/Help/generator/Watcom WMake.rst",
  "lib/python3.8/site-packages/pyctest/share/cmake-3.13/Help/generator/Xcode.rst",
  "lib/python3.8/site-packages/pyctest/share/cmake-3.13/Help/index.rst",
  "lib/python3.8/site-packages/pyctest/share/cmake-3.13/Help/manual/ccmake.1.rst",
  "lib/python3.8/site-packages/pyctest/share/cmake-3.13/Help/manual/cmake-buildsystem.7.rst",
  "lib/python3.8/site-packages/pyctest/share/cmake-3.13/Help/manual/cmake-commands.7.rst",
  "lib/python3.8/site-packages/pyctest/share/cmake-3.13/Help/manual/cmake-compile-features.7.rst",
  "lib/python3.8/site-packages/pyctest/share/cmake-3.13/Help/manual/cmake-developer.7.rst",
  "lib/python3.8/site-packages/pyctest/share/cmake-3.13/Help/manual/cmake-env-variables.7.rst",
  "lib/python3.8/site-packages/pyctest/share/cmake-3.13/Help/manual/cmake-generator-expressions.7.rst",
  "lib/python3.8/site-packages/pyctest/share/cmake-3.13/Help/manual/cmake-generators.7.rst",
  "lib/python3.8/site-packages/pyctest/share/cmake-3.13/Help/manual/cmake-gui.1.rst",
  "lib/python3.8/site-packages/pyctest/share/cmake-3.13/Help/manual/cmake-language.7.rst",
  "lib/python3.8/site-packages/pyctest/share/cmake-3.13/Help/manual/cmake-modules.7.rst",
  "lib/python3.8/site-packages/pyctest/share/cmake-3.13/Help/manual/cmake-packages.7.rst",
  "lib/python3.8/site-packages/pyctest/share/cmake-3.13/Help/manual/cmake-policies.7.rst",
  "lib/python3.8/site-packages/pyctest/share/cmake-3.13/Help/manual/cmake-properties.7.rst",
  "lib/python3.8/site-packages/pyctest/share/cmake-3.13/Help/manual/cmake-qt.7.rst",
  "lib/python3.8/site-packages/pyctest/share/cmake-3.13/Help/manual/cmake-server.7.rst",
  "lib/python3.8/site-packages/pyctest/share/cmake-3.13/Help/manual/cmake-toolchains.7.rst",
  "lib/python3.8/site-packages/pyctest/share/cmake-3.13/Help/manual/cmake-variables.7.rst",
  "lib/python3.8/site-packages/pyctest/share/cmake-3.13/Help/manual/cmake.1.rst",
  "lib/python3.8/site-packages/pyctest/share/cmake-3.13/Help/manual/cpack-generators.7.rst",
  "lib/python3.8/site-packages/pyctest/share/cmake-3.13/Help/manual/cpack.1.rst",
  "lib/python3.8/site-packages/pyctest/share/cmake-3.13/Help/manual/ctest.1.rst",
  "lib/python3.8/site-packages/pyctest/share/cmake-3.13/Help/module/AddFileDependencies.rst",
  "lib/python3.8/site-packages/pyctest/share/cmake-3.13/Help/module/AndroidTestUtilities.rst",
  "lib/python3.8/site-packages/pyctest/share/cmake-3.13/Help/module/BundleUtilities.rst",
  "lib/python3.8/site-packages/pyctest/share/cmake-3.13/Help/module/CMakeAddFortranSubdirectory.rst",
  "lib/python3.8/site-packages/pyctest/share/cmake-3.13/Help/module/CMakeBackwardCompatibilityCXX.rst",
  "lib/python3.8/site-packages/pyctest/share/cmake-3.13/Help/module/CMakeDependentOption.rst",
  "lib/python3.8/site-packages/pyctest/share/cmake-3.13/Help/module/CMakeDetermineVSServicePack.rst",
  "lib/python3.8/site-packages/pyctest/share/cmake-3.13/Help/module/CMakeExpandImportedTargets.rst",
  "lib/python3.8/site-packages/pyctest/share/cmake-3.13/Help/module/CMakeFindDependencyMacro.rst",
  "lib/python3.8/site-packages/pyctest/share/cmake-3.13/Help/module/CMakeFindFrameworks.rst",
  "lib/python3.8/site-packages/pyctest/share/cmake-3.13/Help/module/CMakeFindPackageMode.rst",
  "lib/python3.8/site-packages/pyctest/share/cmake-3.13/Help/module/CMakeForceCompiler.rst",
  "lib/python3.8/site-packages/pyctest/share/cmake-3.13/Help/module/CMakeGraphVizOptions.rst",
  "lib/python3.8/site-packages/pyctest/share/cmake-3.13/Help/module/CMakePackageConfigHelpers.rst",
  "lib/python3.8/site-packages/pyctest/share/cmake-3.13/Help/module/CMakeParseArguments.rst",
  "lib/python3.8/site-packages/pyctest/share/cmake-3.13/Help/module/CMakePrintHelpers.rst",
  "lib/python3.8/site-packages/pyctest/share/cmake-3.13/Help/module/CMakePrintSystemInformation.rst",
  "lib/python3.8/site-packages/pyctest/share/cmake-3.13/Help/module/CMakePushCheckState.rst",
  "lib/python3.8/site-packages/pyctest/share/cmake-3.13/Help/module/CMakeVerifyManifest.rst",
  "lib/python3.8/site-packages/pyctest/share/cmake-3.13/Help/module/CPack.rst",
  "lib/python3.8/site-packages/pyctest/share/cmake-3.13/Help/module/CPackArchive.rst",
  "lib/python3.8/site-packages/pyctest/share/cmake-3.13/Help/module/CPackBundle.rst",
  "lib/python3.8/site-packages/pyctest/share/cmake-3.13/Help/module/CPackComponent.rst",
  "lib/python3.8/site-packages/pyctest/share/cmake-3.13/Help/module/CPackCygwin.rst",
  "lib/python3.8/site-packages/pyctest/share/cmake-3.13/Help/module/CPackDMG.rst",
  "lib/python3.8/site-packages/pyctest/share/cmake-3.13/Help/module/CPackDeb.rst",
  "lib/python3.8/site-packages/pyctest/share/cmake-3.13/Help/module/CPackFreeBSD.rst",
  "lib/python3.8/site-packages/pyctest/share/cmake-3.13/Help/module/CPackIFW.rst",
  "lib/python3.8/site-packages/pyctest/share/cmake-3.13/Help/module/CPackIFWConfigureFile.rst",
  "lib/python3.8/site-packages/pyctest/share/cmake-3.13/Help/module/CPackNSIS.rst",
  "lib/python3.8/site-packages/pyctest/share/cmake-3.13/Help/module/CPackNuGet.rst",
  "lib/python3.8/site-packages/pyctest/share/cmake-3.13/Help/module/CPackPackageMaker.rst",
  "lib/python3.8/site-packages/pyctest/share/cmake-3.13/Help/module/CPackProductBuild.rst",
  "lib/python3.8/site-packages/pyctest/share/cmake-3.13/Help/module/CPackRPM.rst",
  "lib/python3.8/site-packages/pyctest/share/cmake-3.13/Help/module/CPackWIX.rst",
  "lib/python3.8/site-packages/pyctest/share/cmake-3.13/Help/module/CSharpUtilities.rst",
  "lib/python3.8/site-packages/pyctest/share/cmake-3.13/Help/module/CTest.rst",
  "lib/python3.8/site-packages/pyctest/share/cmake-3.13/Help/module/CTestCoverageCollectGCOV.rst",
  "lib/python3.8/site-packages/pyctest/share/cmake-3.13/Help/module/CTestScriptMode.rst",
  "lib/python3.8/site-packages/pyctest/share/cmake-3.13/Help/module/CTestUseLaunchers.rst",
  "lib/python3.8/site-packages/pyctest/share/cmake-3.13/Help/module/CheckCCompilerFlag.rst",
  "lib/python3.8/site-packages/pyctest/share/cmake-3.13/Help/module/CheckCSourceCompiles.rst",
  "lib/python3.8/site-packages/pyctest/share/cmake-3.13/Help/module/CheckCSourceRuns.rst",
  "lib/python3.8/site-packages/pyctest/share/cmake-3.13/Help/module/CheckCXXCompilerFlag.rst",
  "lib/python3.8/site-packages/pyctest/share/cmake-3.13/Help/module/CheckCXXSourceCompiles.rst",
  "lib/python3.8/site-packages/pyctest/share/cmake-3.13/Help/module/CheckCXXSourceRuns.rst",
  "lib/python3.8/site-packages/pyctest/share/cmake-3.13/Help/module/CheckCXXSymbolExists.rst",
  "lib/python3.8/site-packages/pyctest/share/cmake-3.13/Help/module/CheckFortranCompilerFlag.rst",
  "lib/python3.8/site-packages/pyctest/share/cmake-3.13/Help/module/CheckFortranFunctionExists.rst",
  "lib/python3.8/site-packages/pyctest/share/cmake-3.13/Help/module/CheckFortranSourceCompiles.rst",
  "lib/python3.8/site-packages/pyctest/share/cmake-3.13/Help/module/CheckFunctionExists.rst",
  "lib/python3.8/site-packages/pyctest/share/cmake-3.13/Help/module/CheckIPOSupported.rst",
  "lib/python3.8/site-packages/pyctest/share/cmake-3.13/Help/module/CheckIncludeFile.rst",
  "lib/python3.8/site-packages/pyctest/share/cmake-3.13/Help/module/CheckIncludeFileCXX.rst",
  "lib/python3.8/site-packages/pyctest/share/cmake-3.13/Help/module/CheckIncludeFiles.rst",
  "lib/python3.8/site-packages/pyctest/share/cmake-3.13/Help/module/CheckLanguage.rst",
  "lib/python3.8/site-packages/pyctest/share/cmake-3.13/Help/module/CheckLibraryExists.rst",
  "lib/python3.8/site-packages/pyctest/share/cmake-3.13/Help/module/CheckPrototypeDefinition.rst",
  "lib/python3.8/site-packages/pyctest/share/cmake-3.13/Help/module/CheckStructHasMember.rst",
  "lib/python3.8/site-packages/pyctest/share/cmake-3.13/Help/module/CheckSymbolExists.rst",
  "lib/python3.8/site-packages/pyctest/share/cmake-3.13/Help/module/CheckTypeSize.rst",
  "lib/python3.8/site-packages/pyctest/share/cmake-3.13/Help/module/CheckVariableExists.rst",
  "lib/python3.8/site-packages/pyctest/share/cmake-3.13/Help/module/Dart.rst",
  "lib/python3.8/site-packages/pyctest/share/cmake-3.13/Help/module/DeployQt4.rst",
  "lib/python3.8/site-packages/pyctest/share/cmake-3.13/Help/module/Documentation.rst",
  "lib/python3.8/site-packages/pyctest/share/cmake-3.13/Help/module/ExternalData.rst",
  "lib/python3.8/site-packages/pyctest/share/cmake-3.13/Help/module/ExternalProject.rst",
  "lib/python3.8/site-packages/pyctest/share/cmake-3.13/Help/module/FeatureSummary.rst",
  "lib/python3.8/site-packages/pyctest/share/cmake-3.13/Help/module/FetchContent.rst",
  "lib/python3.8/site-packages/pyctest/share/cmake-3.13/Help/module/FindALSA.rst",
  "lib/python3.8/site-packages/pyctest/share/cmake-3.13/Help/module/FindASPELL.rst",
  "lib/python3.8/site-packages/pyctest/share/cmake-3.13/Help/module/FindAVIFile.rst",
  "lib/python3.8/site-packages/pyctest/share/cmake-3.13/Help/module/FindArmadillo.rst",
  "lib/python3.8/site-packages/pyctest/share/cmake-3.13/Help/module/FindBISON.rst",
  "lib/python3.8/site-packages/pyctest/share/cmake-3.13/Help/module/FindBLAS.rst",
  "lib/python3.8/site-packages/pyctest/share/cmake-3.13/Help/module/FindBZip2.rst",
  "lib/python3.8/site-packages/pyctest/share/cmake-3.13/Help/module/FindBacktrace.rst",
  "lib/python3.8/site-packages/pyctest/share/cmake-3.13/Help/module/FindBoost.rst",
  "lib/python3.8/site-packages/pyctest/share/cmake-3.13/Help/module/FindBullet.rst",
  "lib/python3.8/site-packages/pyctest/share/cmake-3.13/Help/module/FindCABLE.rst",
  "lib/python3.8/site-packages/pyctest/share/cmake-3.13/Help/module/FindCUDA.rst",
  "lib/python3.8/site-packages/pyctest/share/cmake-3.13/Help/module/FindCURL.rst",
  "lib/python3.8/site-packages/pyctest/share/cmake-3.13/Help/module/FindCVS.rst",
  "lib/python3.8/site-packages/pyctest/share/cmake-3.13/Help/module/FindCoin3D.rst",
  "lib/python3.8/site-packages/pyctest/share/cmake-3.13/Help/module/FindCups.rst",
  "lib/python3.8/site-packages/pyctest/share/cmake-3.13/Help/module/FindCurses.rst",
  "lib/python3.8/site-packages/pyctest/share/cmake-3.13/Help/module/FindCxxTest.rst",
  "lib/python3.8/site-packages/pyctest/share/cmake-3.13/Help/module/FindCygwin.rst",
  "lib/python3.8/site-packages/pyctest/share/cmake-3.13/Help/module/FindDCMTK.rst",
  "lib/python3.8/site-packages/pyctest/share/cmake-3.13/Help/module/FindDart.rst",
  "lib/python3.8/site-packages/pyctest/share/cmake-3.13/Help/module/FindDevIL.rst",
  "lib/python3.8/site-packages/pyctest/share/cmake-3.13/Help/module/FindDoxygen.rst",
  "lib/python3.8/site-packages/pyctest/share/cmake-3.13/Help/module/FindEXPAT.rst",
  "lib/python3.8/site-packages/pyctest/share/cmake-3.13/Help/module/FindFLEX.rst",
  "lib/python3.8/site-packages/pyctest/share/cmake-3.13/Help/module/FindFLTK.rst",
  "lib/python3.8/site-packages/pyctest/share/cmake-3.13/Help/module/FindFLTK2.rst",
  "lib/python3.8/site-packages/pyctest/share/cmake-3.13/Help/module/FindFreetype.rst",
  "lib/python3.8/site-packages/pyctest/share/cmake-3.13/Help/module/FindGCCXML.rst",
  "lib/python3.8/site-packages/pyctest/share/cmake-3.13/Help/module/FindGDAL.rst",
  "lib/python3.8/site-packages/pyctest/share/cmake-3.13/Help/module/FindGIF.rst",
  "lib/python3.8/site-packages/pyctest/share/cmake-3.13/Help/module/FindGLEW.rst",
  "lib/python3.8/site-packages/pyctest/share/cmake-3.13/Help/module/FindGLUT.rst",
  "lib/python3.8/site-packages/pyctest/share/cmake-3.13/Help/module/FindGSL.rst",
  "lib/python3.8/site-packages/pyctest/share/cmake-3.13/Help/module/FindGTK.rst",
  "lib/python3.8/site-packages/pyctest/share/cmake-3.13/Help/module/FindGTK2.rst",
  "lib/python3.8/site-packages/pyctest/share/cmake-3.13/Help/module/FindGTest.rst",
  "lib/python3.8/site-packages/pyctest/share/cmake-3.13/Help/module/FindGettext.rst",
  "lib/python3.8/site-packages/pyctest/share/cmake-3.13/Help/module/FindGit.rst",
  "lib/python3.8/site-packages/pyctest/share/cmake-3.13/Help/module/FindGnuTLS.rst",
  "lib/python3.8/site-packages/pyctest/share/cmake-3.13/Help/module/FindGnuplot.rst",
  "lib/python3.8/site-packages/pyctest/share/cmake-3.13/Help/module/FindHDF5.rst",
  "lib/python3.8/site-packages/pyctest/share/cmake-3.13/Help/module/FindHSPELL.rst",
  "lib/python3.8/site-packages/pyctest/share/cmake-3.13/Help/module/FindHTMLHelp.rst",
  "lib/python3.8/site-packages/pyctest/share/cmake-3.13/Help/module/FindHg.rst",
  "lib/python3.8/site-packages/pyctest/share/cmake-3.13/Help/module/FindICU.rst",
  "lib/python3.8/site-packages/pyctest/share/cmake-3.13/Help/module/FindITK.rst",
  "lib/python3.8/site-packages/pyctest/share/cmake-3.13/Help/module/FindIce.rst",
  "lib/python3.8/site-packages/pyctest/share/cmake-3.13/Help/module/FindIconv.rst",
  "lib/python3.8/site-packages/pyctest/share/cmake-3.13/Help/module/FindIcotool.rst",
  "lib/python3.8/site-packages/pyctest/share/cmake-3.13/Help/module/FindImageMagick.rst",
  "lib/python3.8/site-packages/pyctest/share/cmake-3.13/Help/module/FindIntl.rst",
  "lib/python3.8/site-packages/pyctest/share/cmake-3.13/Help/module/FindJNI.rst",
  "lib/python3.8/site-packages/pyctest/share/cmake-3.13/Help/module/FindJPEG.rst",
  "lib/python3.8/site-packages/pyctest/share/cmake-3.13/Help/module/FindJasper.rst",
  "lib/python3.8/site-packages/pyctest/share/cmake-3.13/Help/module/FindJava.rst",
  "lib/python3.8/site-packages/pyctest/share/cmake-3.13/Help/module/FindKDE3.rst",
  "lib/python3.8/site-packages/pyctest/share/cmake-3.13/Help/module/FindKDE4.rst",
  "lib/python3.8/site-packages/pyctest/share/cmake-3.13/Help/module/FindLAPACK.rst",
  "lib/python3.8/site-packages/pyctest/share/cmake-3.13/Help/module/FindLATEX.rst",
  "lib/python3.8/site-packages/pyctest/share/cmake-3.13/Help/module/FindLTTngUST.rst",
  "lib/python3.8/site-packages/pyctest/share/cmake-3.13/Help/module/FindLibArchive.rst",
  "lib/python3.8/site-packages/pyctest/share/cmake-3.13/Help/module/FindLibLZMA.rst",
  "lib/python3.8/site-packages/pyctest/share/cmake-3.13/Help/module/FindLibXml2.rst",
  "lib/python3.8/site-packages/pyctest/share/cmake-3.13/Help/module/FindLibXslt.rst",
  "lib/python3.8/site-packages/pyctest/share/cmake-3.13/Help/module/FindLua.rst",
  "lib/python3.8/site-packages/pyctest/share/cmake-3.13/Help/module/FindLua50.rst",
  "lib/python3.8/site-packages/pyctest/share/cmake-3.13/Help/module/FindLua51.rst",
  "lib/python3.8/site-packages/pyctest/share/cmake-3.13/Help/module/FindMFC.rst",
  "lib/python3.8/site-packages/pyctest/share/cmake-3.13/Help/module/FindMPEG.rst",
  "lib/python3.8/site-packages/pyctest/share/cmake-3.13/Help/module/FindMPEG2.rst",
  "lib/python3.8/site-packages/pyctest/share/cmake-3.13/Help/module/FindMPI.rst",
  "lib/python3.8/site-packages/pyctest/share/cmake-3.13/Help/module/FindMatlab.rst",
  "lib/python3.8/site-packages/pyctest/share/cmake-3.13/Help/module/FindMotif.rst",
  "lib/python3.8/site-packages/pyctest/share/cmake-3.13/Help/module/FindODBC.rst",
  "lib/python3.8/site-packages/pyctest/share/cmake-3.13/Help/module/FindOpenACC.rst",
  "lib/python3.8/site-packages/pyctest/share/cmake-3.13/Help/module/FindOpenAL.rst",
  "lib/python3.8/site-packages/pyctest/share/cmake-3.13/Help/module/FindOpenCL.rst",
  "lib/python3.8/site-packages/pyctest/share/cmake-3.13/Help/module/FindOpenGL.rst",
  "lib/python3.8/site-packages/pyctest/share/cmake-3.13/Help/module/FindOpenMP.rst",
  "lib/python3.8/site-packages/pyctest/share/cmake-3.13/Help/module/FindOpenSSL.rst",
  "lib/python3.8/site-packages/pyctest/share/cmake-3.13/Help/module/FindOpenSceneGraph.rst",
  "lib/python3.8/site-packages/pyctest/share/cmake-3.13/Help/module/FindOpenThreads.rst",
  "lib/python3.8/site-packages/pyctest/share/cmake-3.13/Help/module/FindPHP4.rst",
  "lib/python3.8/site-packages/pyctest/share/cmake-3.13/Help/module/FindPNG.rst",
  "lib/python3.8/site-packages/pyctest/share/cmake-3.13/Help/module/FindPackageHandleStandardArgs.rst",
  "lib/python3.8/site-packages/pyctest/share/cmake-3.13/Help/module/FindPackageMessage.rst",
  "lib/python3.8/site-packages/pyctest/share/cmake-3.13/Help/module/FindPatch.rst",
  "lib/python3.8/site-packages/pyctest/share/cmake-3.13/Help/module/FindPerl.rst",
  "lib/python3.8/site-packages/pyctest/share/cmake-3.13/Help/module/FindPerlLibs.rst",
  "lib/python3.8/site-packages/pyctest/share/cmake-3.13/Help/module/FindPhysFS.rst",
  "lib/python3.8/site-packages/pyctest/share/cmake-3.13/Help/module/FindPike.rst",
  "lib/python3.8/site-packages/pyctest/share/cmake-3.13/Help/module/FindPkgConfig.rst",
  "lib/python3.8/site-packages/pyctest/share/cmake-3.13/Help/module/FindPostgreSQL.rst",
  "lib/python3.8/site-packages/pyctest/share/cmake-3.13/Help/module/FindProducer.rst",
  "lib/python3.8/site-packages/pyctest/share/cmake-3.13/Help/module/FindProtobuf.rst",
  "lib/python3.8/site-packages/pyctest/share/cmake-3.13/Help/module/FindPython.rst",
  "lib/python3.8/site-packages/pyctest/share/cmake-3.13/Help/module/FindPython2.rst",
  "lib/python3.8/site-packages/pyctest/share/cmake-3.13/Help/module/FindPython3.rst",
  "lib/python3.8/site-packages/pyctest/share/cmake-3.13/Help/module/FindPythonInterp.rst",
  "lib/python3.8/site-packages/pyctest/share/cmake-3.13/Help/module/FindPythonLibs.rst",
  "lib/python3.8/site-packages/pyctest/share/cmake-3.13/Help/module/FindQt.rst",
  "lib/python3.8/site-packages/pyctest/share/cmake-3.13/Help/module/FindQt3.rst",
  "lib/python3.8/site-packages/pyctest/share/cmake-3.13/Help/module/FindQt4.rst",
  "lib/python3.8/site-packages/pyctest/share/cmake-3.13/Help/module/FindQuickTime.rst",
  "lib/python3.8/site-packages/pyctest/share/cmake-3.13/Help/module/FindRTI.rst",
  "lib/python3.8/site-packages/pyctest/share/cmake-3.13/Help/module/FindRuby.rst",
  "lib/python3.8/site-packages/pyctest/share/cmake-3.13/Help/module/FindSDL.rst",
  "lib/python3.8/site-packages/pyctest/share/cmake-3.13/Help/module/FindSDL_image.rst",
  "lib/python3.8/site-packages/pyctest/share/cmake-3.13/Help/module/FindSDL_mixer.rst",
  "lib/python3.8/site-packages/pyctest/share/cmake-3.13/Help/module/FindSDL_net.rst",
  "lib/python3.8/site-packages/pyctest/share/cmake-3.13/Help/module/FindSDL_sound.rst",
  "lib/python3.8/site-packages/pyctest/share/cmake-3.13/Help/module/FindSDL_ttf.rst",
  "lib/python3.8/site-packages/pyctest/share/cmake-3.13/Help/module/FindSWIG.rst",
  "lib/python3.8/site-packages/pyctest/share/cmake-3.13/Help/module/FindSelfPackers.rst",
  "lib/python3.8/site-packages/pyctest/share/cmake-3.13/Help/module/FindSquish.rst",
  "lib/python3.8/site-packages/pyctest/share/cmake-3.13/Help/module/FindSubversion.rst",
  "lib/python3.8/site-packages/pyctest/share/cmake-3.13/Help/module/FindTCL.rst",
  "lib/python3.8/site-packages/pyctest/share/cmake-3.13/Help/module/FindTIFF.rst",
  "lib/python3.8/site-packages/pyctest/share/cmake-3.13/Help/module/FindTclStub.rst",
  "lib/python3.8/site-packages/pyctest/share/cmake-3.13/Help/module/FindTclsh.rst",
  "lib/python3.8/site-packages/pyctest/share/cmake-3.13/Help/module/FindThreads.rst",
  "lib/python3.8/site-packages/pyctest/share/cmake-3.13/Help/module/FindUnixCommands.rst",
  "lib/python3.8/site-packages/pyctest/share/cmake-3.13/Help/module/FindVTK.rst",
  "lib/python3.8/site-packages/pyctest/share/cmake-3.13/Help/module/FindVulkan.rst",
  "lib/python3.8/site-packages/pyctest/share/cmake-3.13/Help/module/FindWget.rst",
  "lib/python3.8/site-packages/pyctest/share/cmake-3.13/Help/module/FindWish.rst",
  "lib/python3.8/site-packages/pyctest/share/cmake-3.13/Help/module/FindX11.rst",
  "lib/python3.8/site-packages/pyctest/share/cmake-3.13/Help/module/FindXCTest.rst",
  "lib/python3.8/site-packages/pyctest/share/cmake-3.13/Help/module/FindXMLRPC.rst",
  "lib/python3.8/site-packages/pyctest/share/cmake-3.13/Help/module/FindXalanC.rst",
  "lib/python3.8/site-packages/pyctest/share/cmake-3.13/Help/module/FindXercesC.rst",
  "lib/python3.8/site-packages/pyctest/share/cmake-3.13/Help/module/FindZLIB.rst",
  "lib/python3.8/site-packages/pyctest/share/cmake-3.13/Help/module/Findosg.rst",
  "lib/python3.8/site-packages/pyctest/share/cmake-3.13/Help/module/FindosgAnimation.rst",
  "lib/python3.8/site-packages/pyctest/share/cmake-3.13/Help/module/FindosgDB.rst",
  "lib/python3.8/site-packages/pyctest/share/cmake-3.13/Help/module/FindosgFX.rst",
  "lib/python3.8/site-packages/pyctest/share/cmake-3.13/Help/module/FindosgGA.rst",
  "lib/python3.8/site-packages/pyctest/share/cmake-3.13/Help/module/FindosgIntrospection.rst",
  "lib/python3.8/site-packages/pyctest/share/cmake-3.13/Help/module/FindosgManipulator.rst",
  "lib/python3.8/site-packages/pyctest/share/cmake-3.13/Help/module/FindosgParticle.rst",
  "lib/python3.8/site-packages/pyctest/share/cmake-3.13/Help/module/FindosgPresentation.rst",
  "lib/python3.8/site-packages/pyctest/share/cmake-3.13/Help/module/FindosgProducer.rst",
  "lib/python3.8/site-packages/pyctest/share/cmake-3.13/Help/module/FindosgQt.rst",
  "lib/python3.8/site-packages/pyctest/share/cmake-3.13/Help/module/FindosgShadow.rst",
  "lib/python3.8/site-packages/pyctest/share/cmake-3.13/Help/module/FindosgSim.rst",
  "lib/python3.8/site-packages/pyctest/share/cmake-3.13/Help/module/FindosgTerrain.rst",
  "lib/python3.8/site-packages/pyctest/share/cmake-3.13/Help/module/FindosgText.rst",
  "lib/python3.8/site-packages/pyctest/share/cmake-3.13/Help/module/FindosgUtil.rst",
  "lib/python3.8/site-packages/pyctest/share/cmake-3.13/Help/module/FindosgViewer.rst",
  "lib/python3.8/site-packages/pyctest/share/cmake-3.13/Help/module/FindosgVolume.rst",
  "lib/python3.8/site-packages/pyctest/share/cmake-3.13/Help/module/FindosgWidget.rst",
  "lib/python3.8/site-packages/pyctest/share/cmake-3.13/Help/module/Findosg_functions.rst",
  "lib/python3.8/site-packages/pyctest/share/cmake-3.13/Help/module/FindwxWidgets.rst",
  "lib/python3.8/site-packages/pyctest/share/cmake-3.13/Help/module/FindwxWindows.rst",
  "lib/python3.8/site-packages/pyctest/share/cmake-3.13/Help/module/FortranCInterface.rst",
  "lib/python3.8/site-packages/pyctest/share/cmake-3.13/Help/module/GNUInstallDirs.rst",
  "lib/python3.8/site-packages/pyctest/share/cmake-3.13/Help/module/GenerateExportHeader.rst",
  "lib/python3.8/site-packages/pyctest/share/cmake-3.13/Help/module/GetPrerequisites.rst",
  "lib/python3.8/site-packages/pyctest/share/cmake-3.13/Help/module/GoogleTest.rst",
  "lib/python3.8/site-packages/pyctest/share/cmake-3.13/Help/module/InstallRequiredSystemLibraries.rst",
  "lib/python3.8/site-packages/pyctest/share/cmake-3.13/Help/module/MacroAddFileDependencies.rst",
  "lib/python3.8/site-packages/pyctest/share/cmake-3.13/Help/module/ProcessorCount.rst",
  "lib/python3.8/site-packages/pyctest/share/cmake-3.13/Help/module/SelectLibraryConfigurations.rst",
  "lib/python3.8/site-packages/pyctest/share/cmake-3.13/Help/module/SquishTestScript.rst",
  "lib/python3.8/site-packages/pyctest/share/cmake-3.13/Help/module/TestBigEndian.rst",
  "lib/python3.8/site-packages/pyctest/share/cmake-3.13/Help/module/TestCXXAcceptsFlag.rst",
  "lib/python3.8/site-packages/pyctest/share/cmake-3.13/Help/module/TestForANSIForScope.rst",
  "lib/python3.8/site-packages/pyctest/share/cmake-3.13/Help/module/TestForANSIStreamHeaders.rst",
  "lib/python3.8/site-packages/pyctest/share/cmake-3.13/Help/module/TestForSSTREAM.rst",
  "lib/python3.8/site-packages/pyctest/share/cmake-3.13/Help/module/TestForSTDNamespace.rst",
  "lib/python3.8/site-packages/pyctest/share/cmake-3.13/Help/module/UseEcos.rst",
  "lib/python3.8/site-packages/pyctest/share/cmake-3.13/Help/module/UseJava.rst",
  "lib/python3.8/site-packages/pyctest/share/cmake-3.13/Help/module/UseJavaClassFilelist.rst",
  "lib/python3.8/site-packages/pyctest/share/cmake-3.13/Help/module/UseJavaSymlinks.rst",
  "lib/python3.8/site-packages/pyctest/share/cmake-3.13/Help/module/UsePkgConfig.rst",
  "lib/python3.8/site-packages/pyctest/share/cmake-3.13/Help/module/UseSWIG.rst",
  "lib/python3.8/site-packages/pyctest/share/cmake-3.13/Help/module/Use_wxWindows.rst",
  "lib/python3.8/site-packages/pyctest/share/cmake-3.13/Help/module/UsewxWidgets.rst",
  "lib/python3.8/site-packages/pyctest/share/cmake-3.13/Help/module/WriteBasicConfigVersionFile.rst",
  "lib/python3.8/site-packages/pyctest/share/cmake-3.13/Help/module/WriteCompilerDetectionHeader.rst",
  "lib/python3.8/site-packages/pyctest/share/cmake-3.13/Help/policy/CMP0000.rst",
  "lib/python3.8/site-packages/pyctest/share/cmake-3.13/Help/policy/CMP0001.rst",
  "lib/python3.8/site-packages/pyctest/share/cmake-3.13/Help/policy/CMP0002.rst",
  "lib/python3.8/site-packages/pyctest/share/cmake-3.13/Help/policy/CMP0003.rst",
  "lib/python3.8/site-packages/pyctest/share/cmake-3.13/Help/policy/CMP0004.rst",
  "lib/python3.8/site-packages/pyctest/share/cmake-3.13/Help/policy/CMP0005.rst",
  "lib/python3.8/site-packages/pyctest/share/cmake-3.13/Help/policy/CMP0006.rst",
  "lib/python3.8/site-packages/pyctest/share/cmake-3.13/Help/policy/CMP0007.rst",
  "lib/python3.8/site-packages/pyctest/share/cmake-3.13/Help/policy/CMP0008.rst",
  "lib/python3.8/site-packages/pyctest/share/cmake-3.13/Help/policy/CMP0009.rst",
  "lib/python3.8/site-packages/pyctest/share/cmake-3.13/Help/policy/CMP0010.rst",
  "lib/python3.8/site-packages/pyctest/share/cmake-3.13/Help/policy/CMP0011.rst",
  "lib/python3.8/site-packages/pyctest/share/cmake-3.13/Help/policy/CMP0012.rst",
  "lib/python3.8/site-packages/pyctest/share/cmake-3.13/Help/policy/CMP0013.rst",
  "lib/python3.8/site-packages/pyctest/share/cmake-3.13/Help/policy/CMP0014.rst",
  "lib/python3.8/site-packages/pyctest/share/cmake-3.13/Help/policy/CMP0015.rst",
  "lib/python3.8/site-packages/pyctest/share/cmake-3.13/Help/policy/CMP0016.rst",
  "lib/python3.8/site-packages/pyctest/share/cmake-3.13/Help/policy/CMP0017.rst",
  "lib/python3.8/site-packages/pyctest/share/cmake-3.13/Help/policy/CMP0018.rst",
  "lib/python3.8/site-packages/pyctest/share/cmake-3.13/Help/policy/CMP0019.rst",
  "lib/python3.8/site-packages/pyctest/share/cmake-3.13/Help/policy/CMP0020.rst",
  "lib/python3.8/site-packages/pyctest/share/cmake-3.13/Help/policy/CMP0021.rst",
  "lib/python3.8/site-packages/pyctest/share/cmake-3.13/Help/policy/CMP0022.rst",
  "lib/python3.8/site-packages/pyctest/share/cmake-3.13/Help/policy/CMP0023.rst",
  "lib/python3.8/site-packages/pyctest/share/cmake-3.13/Help/policy/CMP0024.rst",
  "lib/python3.8/site-packages/pyctest/share/cmake-3.13/Help/policy/CMP0025.rst",
  "lib/python3.8/site-packages/pyctest/share/cmake-3.13/Help/policy/CMP0026.rst",
  "lib/python3.8/site-packages/pyctest/share/cmake-3.13/Help/policy/CMP0027.rst",
  "lib/python3.8/site-packages/pyctest/share/cmake-3.13/Help/policy/CMP0028.rst",
  "lib/python3.8/site-packages/pyctest/share/cmake-3.13/Help/policy/CMP0029.rst",
  "lib/python3.8/site-packages/pyctest/share/cmake-3.13/Help/policy/CMP0030.rst",
  "lib/python3.8/site-packages/pyctest/share/cmake-3.13/Help/policy/CMP0031.rst",
  "lib/python3.8/site-packages/pyctest/share/cmake-3.13/Help/policy/CMP0032.rst",
  "lib/python3.8/site-packages/pyctest/share/cmake-3.13/Help/policy/CMP0033.rst",
  "lib/python3.8/site-packages/pyctest/share/cmake-3.13/Help/policy/CMP0034.rst",
  "lib/python3.8/site-packages/pyctest/share/cmake-3.13/Help/policy/CMP0035.rst",
  "lib/python3.8/site-packages/pyctest/share/cmake-3.13/Help/policy/CMP0036.rst",
  "lib/python3.8/site-packages/pyctest/share/cmake-3.13/Help/policy/CMP0037.rst",
  "lib/python3.8/site-packages/pyctest/share/cmake-3.13/Help/policy/CMP0038.rst",
  "lib/python3.8/site-packages/pyctest/share/cmake-3.13/Help/policy/CMP0039.rst",
  "lib/python3.8/site-packages/pyctest/share/cmake-3.13/Help/policy/CMP0040.rst",
  "lib/python3.8/site-packages/pyctest/share/cmake-3.13/Help/policy/CMP0041.rst",
  "lib/python3.8/site-packages/pyctest/share/cmake-3.13/Help/policy/CMP0042.rst",
  "lib/python3.8/site-packages/pyctest/share/cmake-3.13/Help/policy/CMP0043.rst",
  "lib/python3.8/site-packages/pyctest/share/cmake-3.13/Help/policy/CMP0044.rst",
  "lib/python3.8/site-packages/pyctest/share/cmake-3.13/Help/policy/CMP0045.rst",
  "lib/python3.8/site-packages/pyctest/share/cmake-3.13/Help/policy/CMP0046.rst",
  "lib/python3.8/site-packages/pyctest/share/cmake-3.13/Help/policy/CMP0047.rst",
  "lib/python3.8/site-packages/pyctest/share/cmake-3.13/Help/policy/CMP0048.rst",
  "lib/python3.8/site-packages/pyctest/share/cmake-3.13/Help/policy/CMP0049.rst",
  "lib/python3.8/site-packages/pyctest/share/cmake-3.13/Help/policy/CMP0050.rst",
  "lib/python3.8/site-packages/pyctest/share/cmake-3.13/Help/policy/CMP0051.rst",
  "lib/python3.8/site-packages/pyctest/share/cmake-3.13/Help/policy/CMP0052.rst",
  "lib/python3.8/site-packages/pyctest/share/cmake-3.13/Help/policy/CMP0053.rst",
  "lib/python3.8/site-packages/pyctest/share/cmake-3.13/Help/policy/CMP0054.rst",
  "lib/python3.8/site-packages/pyctest/share/cmake-3.13/Help/policy/CMP0055.rst",
  "lib/python3.8/site-packages/pyctest/share/cmake-3.13/Help/policy/CMP0056.rst",
  "lib/python3.8/site-packages/pyctest/share/cmake-3.13/Help/policy/CMP0057.rst",
  "lib/python3.8/site-packages/pyctest/share/cmake-3.13/Help/policy/CMP0058.rst",
  "lib/python3.8/site-packages/pyctest/share/cmake-3.13/Help/policy/CMP0059.rst",
  "lib/python3.8/site-packages/pyctest/share/cmake-3.13/Help/policy/CMP0060.rst",
  "lib/python3.8/site-packages/pyctest/share/cmake-3.13/Help/policy/CMP0061.rst",
  "lib/python3.8/site-packages/pyctest/share/cmake-3.13/Help/policy/CMP0062.rst",
  "lib/python3.8/site-packages/pyctest/share/cmake-3.13/Help/policy/CMP0063.rst",
  "lib/python3.8/site-packages/pyctest/share/cmake-3.13/Help/policy/CMP0064.rst",
  "lib/python3.8/site-packages/pyctest/share/cmake-3.13/Help/policy/CMP0065.rst",
  "lib/python3.8/site-packages/pyctest/share/cmake-3.13/Help/policy/CMP0066.rst",
  "lib/python3.8/site-packages/pyctest/share/cmake-3.13/Help/policy/CMP0067.rst",
  "lib/python3.8/site-packages/pyctest/share/cmake-3.13/Help/policy/CMP0068.rst",
  "lib/python3.8/site-packages/pyctest/share/cmake-3.13/Help/policy/CMP0069.rst",
  "lib/python3.8/site-packages/pyctest/share/cmake-3.13/Help/policy/CMP0070.rst",
  "lib/python3.8/site-packages/pyctest/share/cmake-3.13/Help/policy/CMP0071.rst",
  "lib/python3.8/site-packages/pyctest/share/cmake-3.13/Help/policy/CMP0072.rst",
  "lib/python3.8/site-packages/pyctest/share/cmake-3.13/Help/policy/CMP0073.rst",
  "lib/python3.8/site-packages/pyctest/share/cmake-3.13/Help/policy/CMP0074.rst",
  "lib/python3.8/site-packages/pyctest/share/cmake-3.13/Help/policy/CMP0075.rst",
  "lib/python3.8/site-packages/pyctest/share/cmake-3.13/Help/policy/CMP0076.rst",
  "lib/python3.8/site-packages/pyctest/share/cmake-3.13/Help/policy/CMP0077.rst",
  "lib/python3.8/site-packages/pyctest/share/cmake-3.13/Help/policy/CMP0078.rst",
  "lib/python3.8/site-packages/pyctest/share/cmake-3.13/Help/policy/CMP0079.rst",
  "lib/python3.8/site-packages/pyctest/share/cmake-3.13/Help/policy/CMP0080.rst",
  "lib/python3.8/site-packages/pyctest/share/cmake-3.13/Help/policy/CMP0081.rst",
  "lib/python3.8/site-packages/pyctest/share/cmake-3.13/Help/prop_cache/ADVANCED.rst",
  "lib/python3.8/site-packages/pyctest/share/cmake-3.13/Help/prop_cache/HELPSTRING.rst",
  "lib/python3.8/site-packages/pyctest/share/cmake-3.13/Help/prop_cache/MODIFIED.rst",
  "lib/python3.8/site-packages/pyctest/share/cmake-3.13/Help/prop_cache/STRINGS.rst",
  "lib/python3.8/site-packages/pyctest/share/cmake-3.13/Help/prop_cache/TYPE.rst",
  "lib/python3.8/site-packages/pyctest/share/cmake-3.13/Help/prop_cache/VALUE.rst",
  "lib/python3.8/site-packages/pyctest/share/cmake-3.13/Help/prop_dir/ADDITIONAL_MAKE_CLEAN_FILES.rst",
  "lib/python3.8/site-packages/pyctest/share/cmake-3.13/Help/prop_dir/BINARY_DIR.rst",
  "lib/python3.8/site-packages/pyctest/share/cmake-3.13/Help/prop_dir/BUILDSYSTEM_TARGETS.rst",
  "lib/python3.8/site-packages/pyctest/share/cmake-3.13/Help/prop_dir/CACHE_VARIABLES.rst",
  "lib/python3.8/site-packages/pyctest/share/cmake-3.13/Help/prop_dir/CLEAN_NO_CUSTOM.rst",
  "lib/python3.8/site-packages/pyctest/share/cmake-3.13/Help/prop_dir/CMAKE_CONFIGURE_DEPENDS.rst",
  "lib/python3.8/site-packages/pyctest/share/cmake-3.13/Help/prop_dir/COMPILE_DEFINITIONS.rst",
  "lib/python3.8/site-packages/pyctest/share/cmake-3.13/Help/prop_dir/COMPILE_DEFINITIONS_CONFIG.rst",
  "lib/python3.8/site-packages/pyctest/share/cmake-3.13/Help/prop_dir/COMPILE_OPTIONS.rst",
  "lib/python3.8/site-packages/pyctest/share/cmake-3.13/Help/prop_dir/DEFINITIONS.rst",
  "lib/python3.8/site-packages/pyctest/share/cmake-3.13/Help/prop_dir/EXCLUDE_FROM_ALL.rst",
  "lib/python3.8/site-packages/pyctest/share/cmake-3.13/Help/prop_dir/IMPLICIT_DEPENDS_INCLUDE_TRANSFORM.rst",
  "lib/python3.8/site-packages/pyctest/share/cmake-3.13/Help/prop_dir/INCLUDE_DIRECTORIES.rst",
  "lib/python3.8/site-packages/pyctest/share/cmake-3.13/Help/prop_dir/INCLUDE_REGULAR_EXPRESSION.rst",
  "lib/python3.8/site-packages/pyctest/share/cmake-3.13/Help/prop_dir/INTERPROCEDURAL_OPTIMIZATION.rst",
  "lib/python3.8/site-packages/pyctest/share/cmake-3.13/Help/prop_dir/INTERPROCEDURAL_OPTIMIZATION_CONFIG.rst",
  "lib/python3.8/site-packages/pyctest/share/cmake-3.13/Help/prop_dir/LABELS.rst",
  "lib/python3.8/site-packages/pyctest/share/cmake-3.13/Help/prop_dir/LINK_DIRECTORIES.rst",
  "lib/python3.8/site-packages/pyctest/share/cmake-3.13/Help/prop_dir/LINK_OPTIONS.rst",
  "lib/python3.8/site-packages/pyctest/share/cmake-3.13/Help/prop_dir/LISTFILE_STACK.rst",
  "lib/python3.8/site-packages/pyctest/share/cmake-3.13/Help/prop_dir/MACROS.rst",
  "lib/python3.8/site-packages/pyctest/share/cmake-3.13/Help/prop_dir/PARENT_DIRECTORY.rst",
  "lib/python3.8/site-packages/pyctest/share/cmake-3.13/Help/prop_dir/RULE_LAUNCH_COMPILE.rst",
  "lib/python3.8/site-packages/pyctest/share/cmake-3.13/Help/prop_dir/RULE_LAUNCH_CUSTOM.rst",
  "lib/python3.8/site-packages/pyctest/share/cmake-3.13/Help/prop_dir/RULE_LAUNCH_LINK.rst",
  "lib/python3.8/site-packages/pyctest/share/cmake-3.13/Help/prop_dir/SOURCE_DIR.rst",
  "lib/python3.8/site-packages/pyctest/share/cmake-3.13/Help/prop_dir/SUBDIRECTORIES.rst",
  "lib/python3.8/site-packages/pyctest/share/cmake-3.13/Help/prop_dir/TESTS.rst",
  "lib/python3.8/site-packages/pyctest/share/cmake-3.13/Help/prop_dir/TEST_INCLUDE_FILE.rst",
  "lib/python3.8/site-packages/pyctest/share/cmake-3.13/Help/prop_dir/TEST_INCLUDE_FILES.rst",
  "lib/python3.8/site-packages/pyctest/share/cmake-3.13/Help/prop_dir/VARIABLES.rst",
  "lib/python3.8/site-packages/pyctest/share/cmake-3.13/Help/prop_dir/VS_GLOBAL_SECTION_POST_section.rst",
  "lib/python3.8/site-packages/pyctest/share/cmake-3.13/Help/prop_dir/VS_GLOBAL_SECTION_PRE_section.rst",
  "lib/python3.8/site-packages/pyctest/share/cmake-3.13/Help/prop_dir/VS_STARTUP_PROJECT.rst",
  "lib/python3.8/site-packages/pyctest/share/cmake-3.13/Help/prop_gbl/ALLOW_DUPLICATE_CUSTOM_TARGETS.rst",
  "lib/python3.8/site-packages/pyctest/share/cmake-3.13/Help/prop_gbl/AUTOGEN_SOURCE_GROUP.rst",
  "lib/python3.8/site-packages/pyctest/share/cmake-3.13/Help/prop_gbl/AUTOGEN_TARGETS_FOLDER.rst",
  "lib/python3.8/site-packages/pyctest/share/cmake-3.13/Help/prop_gbl/AUTOMOC_SOURCE_GROUP.rst",
  "lib/python3.8/site-packages/pyctest/share/cmake-3.13/Help/prop_gbl/AUTOMOC_TARGETS_FOLDER.rst",
  "lib/python3.8/site-packages/pyctest/share/cmake-3.13/Help/prop_gbl/AUTORCC_SOURCE_GROUP.rst",
  "lib/python3.8/site-packages/pyctest/share/cmake-3.13/Help/prop_gbl/CMAKE_CXX_KNOWN_FEATURES.rst",
  "lib/python3.8/site-packages/pyctest/share/cmake-3.13/Help/prop_gbl/CMAKE_C_KNOWN_FEATURES.rst",
  "lib/python3.8/site-packages/pyctest/share/cmake-3.13/Help/prop_gbl/DEBUG_CONFIGURATIONS.rst",
  "lib/python3.8/site-packages/pyctest/share/cmake-3.13/Help/prop_gbl/DISABLED_FEATURES.rst",
  "lib/python3.8/site-packages/pyctest/share/cmake-3.13/Help/prop_gbl/ECLIPSE_EXTRA_CPROJECT_CONTENTS.rst",
  "lib/python3.8/site-packages/pyctest/share/cmake-3.13/Help/prop_gbl/ECLIPSE_EXTRA_NATURES.rst",
  "lib/python3.8/site-packages/pyctest/share/cmake-3.13/Help/prop_gbl/ENABLED_FEATURES.rst",
  "lib/python3.8/site-packages/pyctest/share/cmake-3.13/Help/prop_gbl/ENABLED_LANGUAGES.rst",
  "lib/python3.8/site-packages/pyctest/share/cmake-3.13/Help/prop_gbl/FIND_LIBRARY_USE_LIB32_PATHS.rst",
  "lib/python3.8/site-packages/pyctest/share/cmake-3.13/Help/prop_gbl/FIND_LIBRARY_USE_LIB64_PATHS.rst",
  "lib/python3.8/site-packages/pyctest/share/cmake-3.13/Help/prop_gbl/FIND_LIBRARY_USE_LIBX32_PATHS.rst",
  "lib/python3.8/site-packages/pyctest/share/cmake-3.13/Help/prop_gbl/FIND_LIBRARY_USE_OPENBSD_VERSIONING.rst",
  "lib/python3.8/site-packages/pyctest/share/cmake-3.13/Help/prop_gbl/GENERATOR_IS_MULTI_CONFIG.rst",
  "lib/python3.8/site-packages/pyctest/share/cmake-3.13/Help/prop_gbl/GLOBAL_DEPENDS_DEBUG_MODE.rst",
  "lib/python3.8/site-packages/pyctest/share/cmake-3.13/Help/prop_gbl/GLOBAL_DEPENDS_NO_CYCLES.rst",
  "lib/python3.8/site-packages/pyctest/share/cmake-3.13/Help/prop_gbl/IN_TRY_COMPILE.rst",
  "lib/python3.8/site-packages/pyctest/share/cmake-3.13/Help/prop_gbl/JOB_POOLS.rst",
  "lib/python3.8/site-packages/pyctest/share/cmake-3.13/Help/prop_gbl/PACKAGES_FOUND.rst",
  "lib/python3.8/site-packages/pyctest/share/cmake-3.13/Help/prop_gbl/PACKAGES_NOT_FOUND.rst",
  "lib/python3.8/site-packages/pyctest/share/cmake-3.13/Help/prop_gbl/PREDEFINED_TARGETS_FOLDER.rst",
  "lib/python3.8/site-packages/pyctest/share/cmake-3.13/Help/prop_gbl/REPORT_UNDEFINED_PROPERTIES.rst",
  "lib/python3.8/site-packages/pyctest/share/cmake-3.13/Help/prop_gbl/RULE_LAUNCH_COMPILE.rst",
  "lib/python3.8/site-packages/pyctest/share/cmake-3.13/Help/prop_gbl/RULE_LAUNCH_CUSTOM.rst",
  "lib/python3.8/site-packages/pyctest/share/cmake-3.13/Help/prop_gbl/RULE_LAUNCH_LINK.rst",
  "lib/python3.8/site-packages/pyctest/share/cmake-3.13/Help/prop_gbl/RULE_MESSAGES.rst",
  "lib/python3.8/site-packages/pyctest/share/cmake-3.13/Help/prop_gbl/TARGET_ARCHIVES_MAY_BE_SHARED_LIBS.rst",
  "lib/python3.8/site-packages/pyctest/share/cmake-3.13/Help/prop_gbl/TARGET_MESSAGES.rst",
  "lib/python3.8/site-packages/pyctest/share/cmake-3.13/Help/prop_gbl/TARGET_SUPPORTS_SHARED_LIBS.rst",
  "lib/python3.8/site-packages/pyctest/share/cmake-3.13/Help/prop_gbl/USE_FOLDERS.rst",
  "lib/python3.8/site-packages/pyctest/share/cmake-3.13/Help/prop_gbl/XCODE_EMIT_EFFECTIVE_PLATFORM_NAME.rst",
  "lib/python3.8/site-packages/pyctest/share/cmake-3.13/Help/prop_inst/CPACK_DESKTOP_SHORTCUTS.rst",
  "lib/python3.8/site-packages/pyctest/share/cmake-3.13/Help/prop_inst/CPACK_NEVER_OVERWRITE.rst",
  "lib/python3.8/site-packages/pyctest/share/cmake-3.13/Help/prop_inst/CPACK_PERMANENT.rst",
  "lib/python3.8/site-packages/pyctest/share/cmake-3.13/Help/prop_inst/CPACK_STARTUP_SHORTCUTS.rst",
  "lib/python3.8/site-packages/pyctest/share/cmake-3.13/Help/prop_inst/CPACK_START_MENU_SHORTCUTS.rst",
  "lib/python3.8/site-packages/pyctest/share/cmake-3.13/Help/prop_inst/CPACK_WIX_ACL.rst",
  "lib/python3.8/site-packages/pyctest/share/cmake-3.13/Help/prop_sf/ABSTRACT.rst",
  "lib/python3.8/site-packages/pyctest/share/cmake-3.13/Help/prop_sf/AUTORCC_OPTIONS.rst",
  "lib/python3.8/site-packages/pyctest/share/cmake-3.13/Help/prop_sf/AUTOUIC_OPTIONS.rst",
  "lib/python3.8/site-packages/pyctest/share/cmake-3.13/Help/prop_sf/COMPILE_DEFINITIONS.rst",
  "lib/python3.8/site-packages/pyctest/share/cmake-3.13/Help/prop_sf/COMPILE_DEFINITIONS_CONFIG.rst",
  "lib/python3.8/site-packages/pyctest/share/cmake-3.13/Help/prop_sf/COMPILE_FLAGS.rst",
  "lib/python3.8/site-packages/pyctest/share/cmake-3.13/Help/prop_sf/COMPILE_OPTIONS.rst",
  "lib/python3.8/site-packages/pyctest/share/cmake-3.13/Help/prop_sf/EXTERNAL_OBJECT.rst",
  "lib/python3.8/site-packages/pyctest/share/cmake-3.13/Help/prop_sf/Fortran_FORMAT.rst",
  "lib/python3.8/site-packages/pyctest/share/cmake-3.13/Help/prop_sf/GENERATED.rst",
  "lib/python3.8/site-packages/pyctest/share/cmake-3.13/Help/prop_sf/HEADER_FILE_ONLY.rst",
  "lib/python3.8/site-packages/pyctest/share/cmake-3.13/Help/prop_sf/INCLUDE_DIRECTORIES.rst",
  "lib/python3.8/site-packages/pyctest/share/cmake-3.13/Help/prop_sf/KEEP_EXTENSION.rst",
  "lib/python3.8/site-packages/pyctest/share/cmake-3.13/Help/prop_sf/LABELS.rst",
  "lib/python3.8/site-packages/pyctest/share/cmake-3.13/Help/prop_sf/LANGUAGE.rst",
  "lib/python3.8/site-packages/pyctest/share/cmake-3.13/Help/prop_sf/LOCATION.rst",
  "lib/python3.8/site-packages/pyctest/share/cmake-3.13/Help/prop_sf/MACOSX_PACKAGE_LOCATION.rst",
  "lib/python3.8/site-packages/pyctest/share/cmake-3.13/Help/prop_sf/OBJECT_DEPENDS.rst",
  "lib/python3.8/site-packages/pyctest/share/cmake-3.13/Help/prop_sf/OBJECT_OUTPUTS.rst",
  "lib/python3.8/site-packages/pyctest/share/cmake-3.13/Help/prop_sf/SKIP_AUTOGEN.rst",
  "lib/python3.8/site-packages/pyctest/share/cmake-3.13/Help/prop_sf/SKIP_AUTOMOC.rst",
  "lib/python3.8/site-packages/pyctest/share/cmake-3.13/Help/prop_sf/SKIP_AUTORCC.rst",
  "lib/python3.8/site-packages/pyctest/share/cmake-3.13/Help/prop_sf/SKIP_AUTOUIC.rst",
  "lib/python3.8/site-packages/pyctest/share/cmake-3.13/Help/prop_sf/SYMBOLIC.rst",
  "lib/python3.8/site-packages/pyctest/share/cmake-3.13/Help/prop_sf/VS_COPY_TO_OUT_DIR.rst",
  "lib/python3.8/site-packages/pyctest/share/cmake-3.13/Help/prop_sf/VS_CSHARP_tagname.rst",
  "lib/python3.8/site-packages/pyctest/share/cmake-3.13/Help/prop_sf/VS_DEPLOYMENT_CONTENT.rst",
  "lib/python3.8/site-packages/pyctest/share/cmake-3.13/Help/prop_sf/VS_DEPLOYMENT_LOCATION.rst",
  "lib/python3.8/site-packages/pyctest/share/cmake-3.13/Help/prop_sf/VS_INCLUDE_IN_VSIX.rst",
  "lib/python3.8/site-packages/pyctest/share/cmake-3.13/Help/prop_sf/VS_RESOURCE_GENERATOR.rst",
  "lib/python3.8/site-packages/pyctest/share/cmake-3.13/Help/prop_sf/VS_SHADER_DISABLE_OPTIMIZATIONS.rst",
  "lib/python3.8/site-packages/pyctest/share/cmake-3.13/Help/prop_sf/VS_SHADER_ENABLE_DEBUG.rst",
  "lib/python3.8/site-packages/pyctest/share/cmake-3.13/Help/prop_sf/VS_SHADER_ENTRYPOINT.rst",
  "lib/python3.8/site-packages/pyctest/share/cmake-3.13/Help/prop_sf/VS_SHADER_FLAGS.rst",
  "lib/python3.8/site-packages/pyctest/share/cmake-3.13/Help/prop_sf/VS_SHADER_MODEL.rst",
  "lib/python3.8/site-packages/pyctest/share/cmake-3.13/Help/prop_sf/VS_SHADER_OBJECT_FILE_NAME.rst",
  "lib/python3.8/site-packages/pyctest/share/cmake-3.13/Help/prop_sf/VS_SHADER_OUTPUT_HEADER_FILE.rst",
  "lib/python3.8/site-packages/pyctest/share/cmake-3.13/Help/prop_sf/VS_SHADER_TYPE.rst",
  "lib/python3.8/site-packages/pyctest/share/cmake-3.13/Help/prop_sf/VS_SHADER_VARIABLE_NAME.rst",
  "lib/python3.8/site-packages/pyctest/share/cmake-3.13/Help/prop_sf/VS_TOOL_OVERRIDE.rst",
  "lib/python3.8/site-packages/pyctest/share/cmake-3.13/Help/prop_sf/VS_XAML_TYPE.rst",
  "lib/python3.8/site-packages/pyctest/share/cmake-3.13/Help/prop_sf/WRAP_EXCLUDE.rst",
  "lib/python3.8/site-packages/pyctest/share/cmake-3.13/Help/prop_sf/XCODE_EXPLICIT_FILE_TYPE.rst",
  "lib/python3.8/site-packages/pyctest/share/cmake-3.13/Help/prop_sf/XCODE_FILE_ATTRIBUTES.rst",
  "lib/python3.8/site-packages/pyctest/share/cmake-3.13/Help/prop_sf/XCODE_LAST_KNOWN_FILE_TYPE.rst",
  "lib/python3.8/site-packages/pyctest/share/cmake-3.13/Help/prop_test/ATTACHED_FILES.rst",
  "lib/python3.8/site-packages/pyctest/share/cmake-3.13/Help/prop_test/ATTACHED_FILES_ON_FAIL.rst",
  "lib/python3.8/site-packages/pyctest/share/cmake-3.13/Help/prop_test/COST.rst",
  "lib/python3.8/site-packages/pyctest/share/cmake-3.13/Help/prop_test/DEPENDS.rst",
  "lib/python3.8/site-packages/pyctest/share/cmake-3.13/Help/prop_test/DISABLED.rst",
  "lib/python3.8/site-packages/pyctest/share/cmake-3.13/Help/prop_test/ENVIRONMENT.rst",
  "lib/python3.8/site-packages/pyctest/share/cmake-3.13/Help/prop_test/FAIL_REGULAR_EXPRESSION.rst",
  "lib/python3.8/site-packages/pyctest/share/cmake-3.13/Help/prop_test/FIXTURES_CLEANUP.rst",
  "lib/python3.8/site-packages/pyctest/share/cmake-3.13/Help/prop_test/FIXTURES_REQUIRED.rst",
  "lib/python3.8/site-packages/pyctest/share/cmake-3.13/Help/prop_test/FIXTURES_SETUP.rst",
  "lib/python3.8/site-packages/pyctest/share/cmake-3.13/Help/prop_test/LABELS.rst",
  "lib/python3.8/site-packages/pyctest/share/cmake-3.13/Help/prop_test/MEASUREMENT.rst",
  "lib/python3.8/site-packages/pyctest/share/cmake-3.13/Help/prop_test/PASS_REGULAR_EXPRESSION.rst",
  "lib/python3.8/site-packages/pyctest/share/cmake-3.13/Help/prop_test/PROCESSORS.rst",
  "lib/python3.8/site-packages/pyctest/share/cmake-3.13/Help/prop_test/PROCESSOR_AFFINITY.rst",
  "lib/python3.8/site-packages/pyctest/share/cmake-3.13/Help/prop_test/REQUIRED_FILES.rst",
  "lib/python3.8/site-packages/pyctest/share/cmake-3.13/Help/prop_test/RESOURCE_LOCK.rst",
  "lib/python3.8/site-packages/pyctest/share/cmake-3.13/Help/prop_test/RUN_SERIAL.rst",
  "lib/python3.8/site-packages/pyctest/share/cmake-3.13/Help/prop_test/SKIP_RETURN_CODE.rst",
  "lib/python3.8/site-packages/pyctest/share/cmake-3.13/Help/prop_test/TIMEOUT.rst",
  "lib/python3.8/site-packages/pyctest/share/cmake-3.13/Help/prop_test/TIMEOUT_AFTER_MATCH.rst",
  "lib/python3.8/site-packages/pyctest/share/cmake-3.13/Help/prop_test/WILL_FAIL.rst",
  "lib/python3.8/site-packages/pyctest/share/cmake-3.13/Help/prop_test/WORKING_DIRECTORY.rst",
  "lib/python3.8/site-packages/pyctest/share/cmake-3.13/Help/prop_tgt/ALIASED_TARGET.rst",
  "lib/python3.8/site-packages/pyctest/share/cmake-3.13/Help/prop_tgt/ANDROID_ANT_ADDITIONAL_OPTIONS.rst",
  "lib/python3.8/site-packages/pyctest/share/cmake-3.13/Help/prop_tgt/ANDROID_API.rst",
  "lib/python3.8/site-packages/pyctest/share/cmake-3.13/Help/prop_tgt/ANDROID_API_MIN.rst",
  "lib/python3.8/site-packages/pyctest/share/cmake-3.13/Help/prop_tgt/ANDROID_ARCH.rst",
  "lib/python3.8/site-packages/pyctest/share/cmake-3.13/Help/prop_tgt/ANDROID_ASSETS_DIRECTORIES.rst",
  "lib/python3.8/site-packages/pyctest/share/cmake-3.13/Help/prop_tgt/ANDROID_GUI.rst",
  "lib/python3.8/site-packages/pyctest/share/cmake-3.13/Help/prop_tgt/ANDROID_JAR_DEPENDENCIES.rst",
  "lib/python3.8/site-packages/pyctest/share/cmake-3.13/Help/prop_tgt/ANDROID_JAR_DIRECTORIES.rst",
  "lib/python3.8/site-packages/pyctest/share/cmake-3.13/Help/prop_tgt/ANDROID_JAVA_SOURCE_DIR.rst",
  "lib/python3.8/site-packages/pyctest/share/cmake-3.13/Help/prop_tgt/ANDROID_NATIVE_LIB_DEPENDENCIES.rst",
  "lib/python3.8/site-packages/pyctest/share/cmake-3.13/Help/prop_tgt/ANDROID_NATIVE_LIB_DIRECTORIES.rst",
  "lib/python3.8/site-packages/pyctest/share/cmake-3.13/Help/prop_tgt/ANDROID_PROCESS_MAX.rst",
  "lib/python3.8/site-packages/pyctest/share/cmake-3.13/Help/prop_tgt/ANDROID_PROGUARD.rst",
  "lib/python3.8/site-packages/pyctest/share/cmake-3.13/Help/prop_tgt/ANDROID_PROGUARD_CONFIG_PATH.rst",
  "lib/python3.8/site-packages/pyctest/share/cmake-3.13/Help/prop_tgt/ANDROID_SECURE_PROPS_PATH.rst",
  "lib/python3.8/site-packages/pyctest/share/cmake-3.13/Help/prop_tgt/ANDROID_SKIP_ANT_STEP.rst",
  "lib/python3.8/site-packages/pyctest/share/cmake-3.13/Help/prop_tgt/ANDROID_STL_TYPE.rst",
  "lib/python3.8/site-packages/pyctest/share/cmake-3.13/Help/prop_tgt/ARCHIVE_OUTPUT_DIRECTORY.rst",
  "lib/python3.8/site-packages/pyctest/share/cmake-3.13/Help/prop_tgt/ARCHIVE_OUTPUT_DIRECTORY_CONFIG.rst",
  "lib/python3.8/site-packages/pyctest/share/cmake-3.13/Help/prop_tgt/ARCHIVE_OUTPUT_NAME.rst",
  "lib/python3.8/site-packages/pyctest/share/cmake-3.13/Help/prop_tgt/ARCHIVE_OUTPUT_NAME_CONFIG.rst",
  "lib/python3.8/site-packages/pyctest/share/cmake-3.13/Help/prop_tgt/AUTOGEN_BUILD_DIR.rst",
  "lib/python3.8/site-packages/pyctest/share/cmake-3.13/Help/prop_tgt/AUTOGEN_PARALLEL.rst",
  "lib/python3.8/site-packages/pyctest/share/cmake-3.13/Help/prop_tgt/AUTOGEN_TARGET_DEPENDS.rst",
  "lib/python3.8/site-packages/pyctest/share/cmake-3.13/Help/prop_tgt/AUTOMOC.rst",
  "lib/python3.8/site-packages/pyctest/share/cmake-3.13/Help/prop_tgt/AUTOMOC_COMPILER_PREDEFINES.rst",
  "lib/python3.8/site-packages/pyctest/share/cmake-3.13/Help/prop_tgt/AUTOMOC_DEPEND_FILTERS.rst",
  "lib/python3.8/site-packages/pyctest/share/cmake-3.13/Help/prop_tgt/AUTOMOC_MACRO_NAMES.rst",
  "lib/python3.8/site-packages/pyctest/share/cmake-3.13/Help/prop_tgt/AUTOMOC_MOC_OPTIONS.rst",
  "lib/python3.8/site-packages/pyctest/share/cmake-3.13/Help/prop_tgt/AUTORCC.rst",
  "lib/python3.8/site-packages/pyctest/share/cmake-3.13/Help/prop_tgt/AUTORCC_OPTIONS.rst",
  "lib/python3.8/site-packages/pyctest/share/cmake-3.13/Help/prop_tgt/AUTOUIC.rst",
  "lib/python3.8/site-packages/pyctest/share/cmake-3.13/Help/prop_tgt/AUTOUIC_OPTIONS.rst",
  "lib/python3.8/site-packages/pyctest/share/cmake-3.13/Help/prop_tgt/AUTOUIC_SEARCH_PATHS.rst",
  "lib/python3.8/site-packages/pyctest/share/cmake-3.13/Help/prop_tgt/BINARY_DIR.rst",
  "lib/python3.8/site-packages/pyctest/share/cmake-3.13/Help/prop_tgt/BUILD_RPATH.rst",
  "lib/python3.8/site-packages/pyctest/share/cmake-3.13/Help/prop_tgt/BUILD_WITH_INSTALL_NAME_DIR.rst",
  "lib/python3.8/site-packages/pyctest/share/cmake-3.13/Help/prop_tgt/BUILD_WITH_INSTALL_RPATH.rst",
  "lib/python3.8/site-packages/pyctest/share/cmake-3.13/Help/prop_tgt/BUNDLE.rst",
  "lib/python3.8/site-packages/pyctest/share/cmake-3.13/Help/prop_tgt/BUNDLE_EXTENSION.rst",
  "lib/python3.8/site-packages/pyctest/share/cmake-3.13/Help/prop_tgt/COMMON_LANGUAGE_RUNTIME.rst",
  "lib/python3.8/site-packages/pyctest/share/cmake-3.13/Help/prop_tgt/COMPATIBLE_INTERFACE_BOOL.rst",
  "lib/python3.8/site-packages/pyctest/share/cmake-3.13/Help/prop_tgt/COMPATIBLE_INTERFACE_NUMBER_MAX.rst",
  "lib/python3.8/site-packages/pyctest/share/cmake-3.13/Help/prop_tgt/COMPATIBLE_INTERFACE_NUMBER_MIN.rst",
  "lib/python3.8/site-packages/pyctest/share/cmake-3.13/Help/prop_tgt/COMPATIBLE_INTERFACE_STRING.rst",
  "lib/python3.8/site-packages/pyctest/share/cmake-3.13/Help/prop_tgt/COMPILE_DEFINITIONS.rst",
  "lib/python3.8/site-packages/pyctest/share/cmake-3.13/Help/prop_tgt/COMPILE_DEFINITIONS_CONFIG.rst",
  "lib/python3.8/site-packages/pyctest/share/cmake-3.13/Help/prop_tgt/COMPILE_FEATURES.rst",
  "lib/python3.8/site-packages/pyctest/share/cmake-3.13/Help/prop_tgt/COMPILE_FLAGS.rst",
  "lib/python3.8/site-packages/pyctest/share/cmake-3.13/Help/prop_tgt/COMPILE_OPTIONS.rst",
  "lib/python3.8/site-packages/pyctest/share/cmake-3.13/Help/prop_tgt/COMPILE_PDB_NAME.rst",
  "lib/python3.8/site-packages/pyctest/share/cmake-3.13/Help/prop_tgt/COMPILE_PDB_NAME_CONFIG.rst",
  "lib/python3.8/site-packages/pyctest/share/cmake-3.13/Help/prop_tgt/COMPILE_PDB_OUTPUT_DIRECTORY.rst",
  "lib/python3.8/site-packages/pyctest/share/cmake-3.13/Help/prop_tgt/COMPILE_PDB_OUTPUT_DIRECTORY_CONFIG.rst",
  "lib/python3.8/site-packages/pyctest/share/cmake-3.13/Help/prop_tgt/CONFIG_OUTPUT_NAME.rst",
  "lib/python3.8/site-packages/pyctest/share/cmake-3.13/Help/prop_tgt/CONFIG_POSTFIX.rst",
  "lib/python3.8/site-packages/pyctest/share/cmake-3.13/Help/prop_tgt/CROSSCOMPILING_EMULATOR.rst",
  "lib/python3.8/site-packages/pyctest/share/cmake-3.13/Help/prop_tgt/CUDA_EXTENSIONS.rst",
  "lib/python3.8/site-packages/pyctest/share/cmake-3.13/Help/prop_tgt/CUDA_PTX_COMPILATION.rst",
  "lib/python3.8/site-packages/pyctest/share/cmake-3.13/Help/prop_tgt/CUDA_RESOLVE_DEVICE_SYMBOLS.rst",
  "lib/python3.8/site-packages/pyctest/share/cmake-3.13/Help/prop_tgt/CUDA_SEPARABLE_COMPILATION.rst",
  "lib/python3.8/site-packages/pyctest/share/cmake-3.13/Help/prop_tgt/CUDA_STANDARD.rst",
  "lib/python3.8/site-packages/pyctest/share/cmake-3.13/Help/prop_tgt/CUDA_STANDARD_REQUIRED.rst",
  "lib/python3.8/site-packages/pyctest/share/cmake-3.13/Help/prop_tgt/CXX_EXTENSIONS.rst",
  "lib/python3.8/site-packages/pyctest/share/cmake-3.13/Help/prop_tgt/CXX_STANDARD.rst",
  "lib/python3.8/site-packages/pyctest/share/cmake-3.13/Help/prop_tgt/CXX_STANDARD_REQUIRED.rst",
  "lib/python3.8/site-packages/pyctest/share/cmake-3.13/Help/prop_tgt/C_EXTENSIONS.rst",
  "lib/python3.8/site-packages/pyctest/share/cmake-3.13/Help/prop_tgt/C_STANDARD.rst",
  "lib/python3.8/site-packages/pyctest/share/cmake-3.13/Help/prop_tgt/C_STANDARD_REQUIRED.rst",
  "lib/python3.8/site-packages/pyctest/share/cmake-3.13/Help/prop_tgt/DEBUG_POSTFIX.rst",
  "lib/python3.8/site-packages/pyctest/share/cmake-3.13/Help/prop_tgt/DEFINE_SYMBOL.rst",
  "lib/python3.8/site-packages/pyctest/share/cmake-3.13/Help/prop_tgt/DEPLOYMENT_ADDITIONAL_FILES.rst",
  "lib/python3.8/site-packages/pyctest/share/cmake-3.13/Help/prop_tgt/DEPLOYMENT_REMOTE_DIRECTORY.rst",
  "lib/python3.8/site-packages/pyctest/share/cmake-3.13/Help/prop_tgt/DOTNET_TARGET_FRAMEWORK_VERSION.rst",
  "lib/python3.8/site-packages/pyctest/share/cmake-3.13/Help/prop_tgt/ENABLE_EXPORTS.rst",
  "lib/python3.8/site-packages/pyctest/share/cmake-3.13/Help/prop_tgt/EXCLUDE_FROM_ALL.rst",
  "lib/python3.8/site-packages/pyctest/share/cmake-3.13/Help/prop_tgt/EXCLUDE_FROM_DEFAULT_BUILD.rst",
  "lib/python3.8/site-packages/pyctest/share/cmake-3.13/Help/prop_tgt/EXCLUDE_FROM_DEFAULT_BUILD_CONFIG.rst",
  "lib/python3.8/site-packages/pyctest/share/cmake-3.13/Help/prop_tgt/EXPORT_NAME.rst",
  "lib/python3.8/site-packages/pyctest/share/cmake-3.13/Help/prop_tgt/EXPORT_PROPERTIES.rst",
  "lib/python3.8/site-packages/pyctest/share/cmake-3.13/Help/prop_tgt/EchoString.rst",
  "lib/python3.8/site-packages/pyctest/share/cmake-3.13/Help/prop_tgt/FOLDER.rst",
  "lib/python3.8/site-packages/pyctest/share/cmake-3.13/Help/prop_tgt/FRAMEWORK.rst",
  "lib/python3.8/site-packages/pyctest/share/cmake-3.13/Help/prop_tgt/FRAMEWORK_VERSION.rst",
  "lib/python3.8/site-packages/pyctest/share/cmake-3.13/Help/prop_tgt/Fortran_FORMAT.rst",
  "lib/python3.8/site-packages/pyctest/share/cmake-3.13/Help/prop_tgt/Fortran_MODULE_DIRECTORY.rst",
  "lib/python3.8/site-packages/pyctest/share/cmake-3.13/Help/prop_tgt/GENERATOR_FILE_NAME.rst",
  "lib/python3.8/site-packages/pyctest/share/cmake-3.13/Help/prop_tgt/GNUtoMS.rst",
  "lib/python3.8/site-packages/pyctest/share/cmake-3.13/Help/prop_tgt/HAS_CXX.rst",
  "lib/python3.8/site-packages/pyctest/share/cmake-3.13/Help/prop_tgt/IMPLICIT_DEPENDS_INCLUDE_TRANSFORM.rst",
  "lib/python3.8/site-packages/pyctest/share/cmake-3.13/Help/prop_tgt/IMPORTED.rst",
  "lib/python3.8/site-packages/pyctest/share/cmake-3.13/Help/prop_tgt/IMPORTED_COMMON_LANGUAGE_RUNTIME.rst",
  "lib/python3.8/site-packages/pyctest/share/cmake-3.13/Help/prop_tgt/IMPORTED_CONFIGURATIONS.rst",
  "lib/python3.8/site-packages/pyctest/share/cmake-3.13/Help/prop_tgt/IMPORTED_GLOBAL.rst",
  "lib/python3.8/site-packages/pyctest/share/cmake-3.13/Help/prop_tgt/IMPORTED_IMPLIB.rst",
  "lib/python3.8/site-packages/pyctest/share/cmake-3.13/Help/prop_tgt/IMPORTED_IMPLIB_CONFIG.rst",
  "lib/python3.8/site-packages/pyctest/share/cmake-3.13/Help/prop_tgt/IMPORTED_LIBNAME.rst",
  "lib/python3.8/site-packages/pyctest/share/cmake-3.13/Help/prop_tgt/IMPORTED_LIBNAME_CONFIG.rst",
  "lib/python3.8/site-packages/pyctest/share/cmake-3.13/Help/prop_tgt/IMPORTED_LINK_DEPENDENT_LIBRARIES.rst",
  "lib/python3.8/site-packages/pyctest/share/cmake-3.13/Help/prop_tgt/IMPORTED_LINK_DEPENDENT_LIBRARIES_CONFIG.rst",
  "lib/python3.8/site-packages/pyctest/share/cmake-3.13/Help/prop_tgt/IMPORTED_LINK_INTERFACE_LANGUAGES.rst",
  "lib/python3.8/site-packages/pyctest/share/cmake-3.13/Help/prop_tgt/IMPORTED_LINK_INTERFACE_LANGUAGES_CONFIG.rst",
  "lib/python3.8/site-packages/pyctest/share/cmake-3.13/Help/prop_tgt/IMPORTED_LINK_INTERFACE_LIBRARIES.rst",
  "lib/python3.8/site-packages/pyctest/share/cmake-3.13/Help/prop_tgt/IMPORTED_LINK_INTERFACE_LIBRARIES_CONFIG.rst",
  "lib/python3.8/site-packages/pyctest/share/cmake-3.13/Help/prop_tgt/IMPORTED_LINK_INTERFACE_MULTIPLICITY.rst",
  "lib/python3.8/site-packages/pyctest/share/cmake-3.13/Help/prop_tgt/IMPORTED_LINK_INTERFACE_MULTIPLICITY_CONFIG.rst",
  "lib/python3.8/site-packages/pyctest/share/cmake-3.13/Help/prop_tgt/IMPORTED_LOCATION.rst",
  "lib/python3.8/site-packages/pyctest/share/cmake-3.13/Help/prop_tgt/IMPORTED_LOCATION_CONFIG.rst",
  "lib/python3.8/site-packages/pyctest/share/cmake-3.13/Help/prop_tgt/IMPORTED_NO_SONAME.rst",
  "lib/python3.8/site-packages/pyctest/share/cmake-3.13/Help/prop_tgt/IMPORTED_NO_SONAME_CONFIG.rst",
  "lib/python3.8/site-packages/pyctest/share/cmake-3.13/Help/prop_tgt/IMPORTED_OBJECTS.rst",
  "lib/python3.8/site-packages/pyctest/share/cmake-3.13/Help/prop_tgt/IMPORTED_OBJECTS_CONFIG.rst",
  "lib/python3.8/site-packages/pyctest/share/cmake-3.13/Help/prop_tgt/IMPORTED_SONAME.rst",
  "lib/python3.8/site-packages/pyctest/share/cmake-3.13/Help/prop_tgt/IMPORTED_SONAME_CONFIG.rst",
  "lib/python3.8/site-packages/pyctest/share/cmake-3.13/Help/prop_tgt/IMPORT_PREFIX.rst",
  "lib/python3.8/site-packages/pyctest/share/cmake-3.13/Help/prop_tgt/IMPORT_SUFFIX.rst",
  "lib/python3.8/site-packages/pyctest/share/cmake-3.13/Help/prop_tgt/INCLUDE_DIRECTORIES.rst",
  "lib/python3.8/site-packages/pyctest/share/cmake-3.13/Help/prop_tgt/INSTALL_NAME_DIR.rst",
  "lib/python3.8/site-packages/pyctest/share/cmake-3.13/Help/prop_tgt/INSTALL_RPATH.rst",
  "lib/python3.8/site-packages/pyctest/share/cmake-3.13/Help/prop_tgt/INSTALL_RPATH_USE_LINK_PATH.rst",
  "lib/python3.8/site-packages/pyctest/share/cmake-3.13/Help/prop_tgt/INTERFACE_AUTOUIC_OPTIONS.rst",
  "lib/python3.8/site-packages/pyctest/share/cmake-3.13/Help/prop_tgt/INTERFACE_COMPILE_DEFINITIONS.rst",
  "lib/python3.8/site-packages/pyctest/share/cmake-3.13/Help/prop_tgt/INTERFACE_COMPILE_FEATURES.rst",
  "lib/python3.8/site-packages/pyctest/share/cmake-3.13/Help/prop_tgt/INTERFACE_COMPILE_OPTIONS.rst",
  "lib/python3.8/site-packages/pyctest/share/cmake-3.13/Help/prop_tgt/INTERFACE_INCLUDE_DIRECTORIES.rst",
  "lib/python3.8/site-packages/pyctest/share/cmake-3.13/Help/prop_tgt/INTERFACE_LINK_DEPENDS.rst",
  "lib/python3.8/site-packages/pyctest/share/cmake-3.13/Help/prop_tgt/INTERFACE_LINK_DIRECTORIES.rst",
  "lib/python3.8/site-packages/pyctest/share/cmake-3.13/Help/prop_tgt/INTERFACE_LINK_LIBRARIES.rst",
  "lib/python3.8/site-packages/pyctest/share/cmake-3.13/Help/prop_tgt/INTERFACE_LINK_OPTIONS.rst",
  "lib/python3.8/site-packages/pyctest/share/cmake-3.13/Help/prop_tgt/INTERFACE_POSITION_INDEPENDENT_CODE.rst",
  "lib/python3.8/site-packages/pyctest/share/cmake-3.13/Help/prop_tgt/INTERFACE_SOURCES.rst",
  "lib/python3.8/site-packages/pyctest/share/cmake-3.13/Help/prop_tgt/INTERFACE_SYSTEM_INCLUDE_DIRECTORIES.rst",
  "lib/python3.8/site-packages/pyctest/share/cmake-3.13/Help/prop_tgt/INTERPROCEDURAL_OPTIMIZATION.rst",
  "lib/python3.8/site-packages/pyctest/share/cmake-3.13/Help/prop_tgt/INTERPROCEDURAL_OPTIMIZATION_CONFIG.rst",
  "lib/python3.8/site-packages/pyctest/share/cmake-3.13/Help/prop_tgt/IOS_INSTALL_COMBINED.rst",
  "lib/python3.8/site-packages/pyctest/share/cmake-3.13/Help/prop_tgt/JOB_POOL_COMPILE.rst",
  "lib/python3.8/site-packages/pyctest/share/cmake-3.13/Help/prop_tgt/JOB_POOL_LINK.rst",
  "lib/python3.8/site-packages/pyctest/share/cmake-3.13/Help/prop_tgt/LABELS.rst",
  "lib/python3.8/site-packages/pyctest/share/cmake-3.13/Help/prop_tgt/LANG_CLANG_TIDY.rst",
  "lib/python3.8/site-packages/pyctest/share/cmake-3.13/Help/prop_tgt/LANG_COMPILER_LAUNCHER.rst",
  "lib/python3.8/site-packages/pyctest/share/cmake-3.13/Help/prop_tgt/LANG_CPPCHECK.rst",
  "lib/python3.8/site-packages/pyctest/share/cmake-3.13/Help/prop_tgt/LANG_CPPLINT.rst",
  "lib/python3.8/site-packages/pyctest/share/cmake-3.13/Help/prop_tgt/LANG_INCLUDE_WHAT_YOU_USE.rst",
  "lib/python3.8/site-packages/pyctest/share/cmake-3.13/Help/prop_tgt/LANG_VISIBILITY_PRESET.rst",
  "lib/python3.8/site-packages/pyctest/share/cmake-3.13/Help/prop_tgt/LIBRARY_OUTPUT_DIRECTORY.rst",
  "lib/python3.8/site-packages/pyctest/share/cmake-3.13/Help/prop_tgt/LIBRARY_OUTPUT_DIRECTORY_CONFIG.rst",
  "lib/python3.8/site-packages/pyctest/share/cmake-3.13/Help/prop_tgt/LIBRARY_OUTPUT_NAME.rst",
  "lib/python3.8/site-packages/pyctest/share/cmake-3.13/Help/prop_tgt/LIBRARY_OUTPUT_NAME_CONFIG.rst",
  "lib/python3.8/site-packages/pyctest/share/cmake-3.13/Help/prop_tgt/LINKER_LANGUAGE.rst",
  "lib/python3.8/site-packages/pyctest/share/cmake-3.13/Help/prop_tgt/LINK_DEPENDS.rst",
  "lib/python3.8/site-packages/pyctest/share/cmake-3.13/Help/prop_tgt/LINK_DEPENDS_NO_SHARED.rst",
  "lib/python3.8/site-packages/pyctest/share/cmake-3.13/Help/prop_tgt/LINK_DIRECTORIES.rst",
  "lib/python3.8/site-packages/pyctest/share/cmake-3.13/Help/prop_tgt/LINK_FLAGS.rst",
  "lib/python3.8/site-packages/pyctest/share/cmake-3.13/Help/prop_tgt/LINK_FLAGS_CONFIG.rst",
  "lib/python3.8/site-packages/pyctest/share/cmake-3.13/Help/prop_tgt/LINK_INTERFACE_LIBRARIES.rst",
  "lib/python3.8/site-packages/pyctest/share/cmake-3.13/Help/prop_tgt/LINK_INTERFACE_LIBRARIES_CONFIG.rst",
  "lib/python3.8/site-packages/pyctest/share/cmake-3.13/Help/prop_tgt/LINK_INTERFACE_MULTIPLICITY.rst",
  "lib/python3.8/site-packages/pyctest/share/cmake-3.13/Help/prop_tgt/LINK_INTERFACE_MULTIPLICITY_CONFIG.rst",
  "lib/python3.8/site-packages/pyctest/share/cmake-3.13/Help/prop_tgt/LINK_LIBRARIES.rst",
  "lib/python3.8/site-packages/pyctest/share/cmake-3.13/Help/prop_tgt/LINK_OPTIONS.rst",
  "lib/python3.8/site-packages/pyctest/share/cmake-3.13/Help/prop_tgt/LINK_SEARCH_END_STATIC.rst",
  "lib/python3.8/site-packages/pyctest/share/cmake-3.13/Help/prop_tgt/LINK_SEARCH_START_STATIC.rst",
  "lib/python3.8/site-packages/pyctest/share/cmake-3.13/Help/prop_tgt/LINK_WHAT_YOU_USE.rst",
  "lib/python3.8/site-packages/pyctest/share/cmake-3.13/Help/prop_tgt/LOCATION.rst",
  "lib/python3.8/site-packages/pyctest/share/cmake-3.13/Help/prop_tgt/LOCATION_CONFIG.rst",
  "lib/python3.8/site-packages/pyctest/share/cmake-3.13/Help/prop_tgt/MACOSX_BUNDLE.rst",
  "lib/python3.8/site-packages/pyctest/share/cmake-3.13/Help/prop_tgt/MACOSX_BUNDLE_INFO_PLIST.rst",
  "lib/python3.8/site-packages/pyctest/share/cmake-3.13/Help/prop_tgt/MACOSX_FRAMEWORK_INFO_PLIST.rst",
  "lib/python3.8/site-packages/pyctest/share/cmake-3.13/Help/prop_tgt/MACOSX_RPATH.rst",
  "lib/python3.8/site-packages/pyctest/share/cmake-3.13/Help/prop_tgt/MANUALLY_ADDED_DEPENDENCIES.rst",
  "lib/python3.8/site-packages/pyctest/share/cmake-3.13/Help/prop_tgt/MAP_IMPORTED_CONFIG_CONFIG.rst",
  "lib/python3.8/site-packages/pyctest/share/cmake-3.13/Help/prop_tgt/NAME.rst",
  "lib/python3.8/site-packages/pyctest/share/cmake-3.13/Help/prop_tgt/NO_SONAME.rst",
  "lib/python3.8/site-packages/pyctest/share/cmake-3.13/Help/prop_tgt/NO_SYSTEM_FROM_IMPORTED.rst",
  "lib/python3.8/site-packages/pyctest/share/cmake-3.13/Help/prop_tgt/OSX_ARCHITECTURES.rst",
  "lib/python3.8/site-packages/pyctest/share/cmake-3.13/Help/prop_tgt/OSX_ARCHITECTURES_CONFIG.rst",
  "lib/python3.8/site-packages/pyctest/share/cmake-3.13/Help/prop_tgt/OUTPUT_NAME.rst",
  "lib/python3.8/site-packages/pyctest/share/cmake-3.13/Help/prop_tgt/OUTPUT_NAME_CONFIG.rst",
  "lib/python3.8/site-packages/pyctest/share/cmake-3.13/Help/prop_tgt/PDB_NAME.rst",
  "lib/python3.8/site-packages/pyctest/share/cmake-3.13/Help/prop_tgt/PDB_NAME_CONFIG.rst",
  "lib/python3.8/site-packages/pyctest/share/cmake-3.13/Help/prop_tgt/PDB_OUTPUT_DIRECTORY.rst",
  "lib/python3.8/site-packages/pyctest/share/cmake-3.13/Help/prop_tgt/PDB_OUTPUT_DIRECTORY_CONFIG.rst",
  "lib/python3.8/site-packages/pyctest/share/cmake-3.13/Help/prop_tgt/POSITION_INDEPENDENT_CODE.rst",
  "lib/python3.8/site-packages/pyctest/share/cmake-3.13/Help/prop_tgt/POST_INSTALL_SCRIPT.rst",
  "lib/python3.8/site-packages/pyctest/share/cmake-3.13/Help/prop_tgt/PREFIX.rst",
  "lib/python3.8/site-packages/pyctest/share/cmake-3.13/Help/prop_tgt/PRE_INSTALL_SCRIPT.rst",
  "lib/python3.8/site-packages/pyctest/share/cmake-3.13/Help/prop_tgt/PRIVATE_HEADER.rst",
  "lib/python3.8/site-packages/pyctest/share/cmake-3.13/Help/prop_tgt/PROJECT_LABEL.rst",
  "lib/python3.8/site-packages/pyctest/share/cmake-3.13/Help/prop_tgt/PUBLIC_HEADER.rst",
  "lib/python3.8/site-packages/pyctest/share/cmake-3.13/Help/prop_tgt/RESOURCE.rst",
  "lib/python3.8/site-packages/pyctest/share/cmake-3.13/Help/prop_tgt/RULE_LAUNCH_COMPILE.rst",
  "lib/python3.8/site-packages/pyctest/share/cmake-3.13/Help/prop_tgt/RULE_LAUNCH_CUSTOM.rst",
  "lib/python3.8/site-packages/pyctest/share/cmake-3.13/Help/prop_tgt/RULE_LAUNCH_LINK.rst",
  "lib/python3.8/site-packages/pyctest/share/cmake-3.13/Help/prop_tgt/RUNTIME_OUTPUT_DIRECTORY.rst",
  "lib/python3.8/site-packages/pyctest/share/cmake-3.13/Help/prop_tgt/RUNTIME_OUTPUT_DIRECTORY_CONFIG.rst",
  "lib/python3.8/site-packages/pyctest/share/cmake-3.13/Help/prop_tgt/RUNTIME_OUTPUT_NAME.rst",
  "lib/python3.8/site-packages/pyctest/share/cmake-3.13/Help/prop_tgt/RUNTIME_OUTPUT_NAME_CONFIG.rst",
  "lib/python3.8/site-packages/pyctest/share/cmake-3.13/Help/prop_tgt/SKIP_BUILD_RPATH.rst",
  "lib/python3.8/site-packages/pyctest/share/cmake-3.13/Help/prop_tgt/SOURCES.rst",
  "lib/python3.8/site-packages/pyctest/share/cmake-3.13/Help/prop_tgt/SOURCE_DIR.rst",
  "lib/python3.8/site-packages/pyctest/share/cmake-3.13/Help/prop_tgt/SOVERSION.rst",
  "lib/python3.8/site-packages/pyctest/share/cmake-3.13/Help/prop_tgt/STATIC_LIBRARY_FLAGS.rst",
  "lib/python3.8/site-packages/pyctest/share/cmake-3.13/Help/prop_tgt/STATIC_LIBRARY_FLAGS_CONFIG.rst",
  "lib/python3.8/site-packages/pyctest/share/cmake-3.13/Help/prop_tgt/STATIC_LIBRARY_OPTIONS.rst",
  "lib/python3.8/site-packages/pyctest/share/cmake-3.13/Help/prop_tgt/SUFFIX.rst",
  "lib/python3.8/site-packages/pyctest/share/cmake-3.13/Help/prop_tgt/TYPE.rst",
  "lib/python3.8/site-packages/pyctest/share/cmake-3.13/Help/prop_tgt/VERSION.rst",
  "lib/python3.8/site-packages/pyctest/share/cmake-3.13/Help/prop_tgt/VISIBILITY_INLINES_HIDDEN.rst",
  "lib/python3.8/site-packages/pyctest/share/cmake-3.13/Help/prop_tgt/VS_CONFIGURATION_TYPE.rst",
  "lib/python3.8/site-packages/pyctest/share/cmake-3.13/Help/prop_tgt/VS_DEBUGGER_COMMAND.rst",
  "lib/python3.8/site-packages/pyctest/share/cmake-3.13/Help/prop_tgt/VS_DEBUGGER_COMMAND_ARGUMENTS.rst",
  "lib/python3.8/site-packages/pyctest/share/cmake-3.13/Help/prop_tgt/VS_DEBUGGER_ENVIRONMENT.rst",
  "lib/python3.8/site-packages/pyctest/share/cmake-3.13/Help/prop_tgt/VS_DEBUGGER_WORKING_DIRECTORY.rst",
  "lib/python3.8/site-packages/pyctest/share/cmake-3.13/Help/prop_tgt/VS_DESKTOP_EXTENSIONS_VERSION.rst",
  "lib/python3.8/site-packages/pyctest/share/cmake-3.13/Help/prop_tgt/VS_DOTNET_REFERENCEPROP_refname_TAG_tagname.rst",
  "lib/python3.8/site-packages/pyctest/share/cmake-3.13/Help/prop_tgt/VS_DOTNET_REFERENCES.rst",
  "lib/python3.8/site-packages/pyctest/share/cmake-3.13/Help/prop_tgt/VS_DOTNET_REFERENCES_COPY_LOCAL.rst",
  "lib/python3.8/site-packages/pyctest/share/cmake-3.13/Help/prop_tgt/VS_DOTNET_REFERENCE_refname.rst",
  "lib/python3.8/site-packages/pyctest/share/cmake-3.13/Help/prop_tgt/VS_DOTNET_TARGET_FRAMEWORK_VERSION.rst",
  "lib/python3.8/site-packages/pyctest/share/cmake-3.13/Help/prop_tgt/VS_GLOBAL_KEYWORD.rst",
  "lib/python3.8/site-packages/pyctest/share/cmake-3.13/Help/prop_tgt/VS_GLOBAL_PROJECT_TYPES.rst",
  "lib/python3.8/site-packages/pyctest/share/cmake-3.13/Help/prop_tgt/VS_GLOBAL_ROOTNAMESPACE.rst",
  "lib/python3.8/site-packages/pyctest/share/cmake-3.13/Help/prop_tgt/VS_GLOBAL_variable.rst",
  "lib/python3.8/site-packages/pyctest/share/cmake-3.13/Help/prop_tgt/VS_IOT_EXTENSIONS_VERSION.rst",
  "lib/python3.8/site-packages/pyctest/share/cmake-3.13/Help/prop_tgt/VS_IOT_STARTUP_TASK.rst",
  "lib/python3.8/site-packages/pyctest/share/cmake-3.13/Help/prop_tgt/VS_KEYWORD.rst",
  "lib/python3.8/site-packages/pyctest/share/cmake-3.13/Help/prop_tgt/VS_MOBILE_EXTENSIONS_VERSION.rst",
  "lib/python3.8/site-packages/pyctest/share/cmake-3.13/Help/prop_tgt/VS_SCC_AUXPATH.rst",
  "lib/python3.8/site-packages/pyctest/share/cmake-3.13/Help/prop_tgt/VS_SCC_LOCALPATH.rst",
  "lib/python3.8/site-packages/pyctest/share/cmake-3.13/Help/prop_tgt/VS_SCC_PROJECTNAME.rst",
  "lib/python3.8/site-packages/pyctest/share/cmake-3.13/Help/prop_tgt/VS_SCC_PROVIDER.rst",
  "lib/python3.8/site-packages/pyctest/share/cmake-3.13/Help/prop_tgt/VS_SDK_REFERENCES.rst",
  "lib/python3.8/site-packages/pyctest/share/cmake-3.13/Help/prop_tgt/VS_USER_PROPS.rst",
  "lib/python3.8/site-packages/pyctest/share/cmake-3.13/Help/prop_tgt/VS_WINDOWS_TARGET_PLATFORM_MIN_VERSION.rst",
  "lib/python3.8/site-packages/pyctest/share/cmake-3.13/Help/prop_tgt/VS_WINRT_COMPONENT.rst",
  "lib/python3.8/site-packages/pyctest/share/cmake-3.13/Help/prop_tgt/VS_WINRT_EXTENSIONS.rst",
  "lib/python3.8/site-packages/pyctest/share/cmake-3.13/Help/prop_tgt/VS_WINRT_REFERENCES.rst",
  "lib/python3.8/site-packages/pyctest/share/cmake-3.13/Help/prop_tgt/WIN32_EXECUTABLE.rst",
  "lib/python3.8/site-packages/pyctest/share/cmake-3.13/Help/prop_tgt/WINDOWS_EXPORT_ALL_SYMBOLS.rst",
  "lib/python3.8/site-packages/pyctest/share/cmake-3.13/Help/prop_tgt/XCODE_ATTRIBUTE_an-attribute.rst",
  "lib/python3.8/site-packages/pyctest/share/cmake-3.13/Help/prop_tgt/XCODE_EXPLICIT_FILE_TYPE.rst",
  "lib/python3.8/site-packages/pyctest/share/cmake-3.13/Help/prop_tgt/XCODE_PRODUCT_TYPE.rst",
  "lib/python3.8/site-packages/pyctest/share/cmake-3.13/Help/prop_tgt/XCODE_SCHEME_ADDRESS_SANITIZER.rst",
  "lib/python3.8/site-packages/pyctest/share/cmake-3.13/Help/prop_tgt/XCODE_SCHEME_ADDRESS_SANITIZER_USE_AFTER_RETURN.rst",
  "lib/python3.8/site-packages/pyctest/share/cmake-3.13/Help/prop_tgt/XCODE_SCHEME_ARGUMENTS.rst",
  "lib/python3.8/site-packages/pyctest/share/cmake-3.13/Help/prop_tgt/XCODE_SCHEME_DISABLE_MAIN_THREAD_CHECKER.rst",
  "lib/python3.8/site-packages/pyctest/share/cmake-3.13/Help/prop_tgt/XCODE_SCHEME_DYNAMIC_LIBRARY_LOADS.rst",
  "lib/python3.8/site-packages/pyctest/share/cmake-3.13/Help/prop_tgt/XCODE_SCHEME_DYNAMIC_LINKER_API_USAGE.rst",
  "lib/python3.8/site-packages/pyctest/share/cmake-3.13/Help/prop_tgt/XCODE_SCHEME_ENVIRONMENT.rst",
  "lib/python3.8/site-packages/pyctest/share/cmake-3.13/Help/prop_tgt/XCODE_SCHEME_EXECUTABLE.rst",
  "lib/python3.8/site-packages/pyctest/share/cmake-3.13/Help/prop_tgt/XCODE_SCHEME_GUARD_MALLOC.rst",
  "lib/python3.8/site-packages/pyctest/share/cmake-3.13/Help/prop_tgt/XCODE_SCHEME_MAIN_THREAD_CHECKER_STOP.rst",
  "lib/python3.8/site-packages/pyctest/share/cmake-3.13/Help/prop_tgt/XCODE_SCHEME_MALLOC_GUARD_EDGES.rst",
  "lib/python3.8/site-packages/pyctest/share/cmake-3.13/Help/prop_tgt/XCODE_SCHEME_MALLOC_SCRIBBLE.rst",
  "lib/python3.8/site-packages/pyctest/share/cmake-3.13/Help/prop_tgt/XCODE_SCHEME_MALLOC_STACK.rst",
  "lib/python3.8/site-packages/pyctest/share/cmake-3.13/Help/prop_tgt/XCODE_SCHEME_THREAD_SANITIZER.rst",
  "lib/python3.8/site-packages/pyctest/share/cmake-3.13/Help/prop_tgt/XCODE_SCHEME_THREAD_SANITIZER_STOP.rst",
  "lib/python3.8/site-packages/pyctest/share/cmake-3.13/Help/prop_tgt/XCODE_SCHEME_UNDEFINED_BEHAVIOUR_SANITIZER.rst",
  "lib/python3.8/site-packages/pyctest/share/cmake-3.13/Help/prop_tgt/XCODE_SCHEME_UNDEFINED_BEHAVIOUR_SANITIZER_STOP.rst",
  "lib/python3.8/site-packages/pyctest/share/cmake-3.13/Help/prop_tgt/XCODE_SCHEME_ZOMBIE_OBJECTS.rst",
  "lib/python3.8/site-packages/pyctest/share/cmake-3.13/Help/prop_tgt/XCTEST.rst",
  "lib/python3.8/site-packages/pyctest/share/cmake-3.13/Help/release/3.0.rst",
  "lib/python3.8/site-packages/pyctest/share/cmake-3.13/Help/release/3.1.rst",
  "lib/python3.8/site-packages/pyctest/share/cmake-3.13/Help/release/3.10.rst",
  "lib/python3.8/site-packages/pyctest/share/cmake-3.13/Help/release/3.11.rst",
  "lib/python3.8/site-packages/pyctest/share/cmake-3.13/Help/release/3.12.rst",
  "lib/python3.8/site-packages/pyctest/share/cmake-3.13/Help/release/3.13.rst",
  "lib/python3.8/site-packages/pyctest/share/cmake-3.13/Help/release/3.2.rst",
  "lib/python3.8/site-packages/pyctest/share/cmake-3.13/Help/release/3.3.rst",
  "lib/python3.8/site-packages/pyctest/share/cmake-3.13/Help/release/3.4.rst",
  "lib/python3.8/site-packages/pyctest/share/cmake-3.13/Help/release/3.5.rst",
  "lib/python3.8/site-packages/pyctest/share/cmake-3.13/Help/release/3.6.rst",
  "lib/python3.8/site-packages/pyctest/share/cmake-3.13/Help/release/3.7.rst",
  "lib/python3.8/site-packages/pyctest/share/cmake-3.13/Help/release/3.8.rst",
  "lib/python3.8/site-packages/pyctest/share/cmake-3.13/Help/release/3.9.rst",
  "lib/python3.8/site-packages/pyctest/share/cmake-3.13/Help/release/index.rst",
  "lib/python3.8/site-packages/pyctest/share/cmake-3.13/Help/variable/ANDROID.rst",
  "lib/python3.8/site-packages/pyctest/share/cmake-3.13/Help/variable/APPLE.rst",
  "lib/python3.8/site-packages/pyctest/share/cmake-3.13/Help/variable/BORLAND.rst",
  "lib/python3.8/site-packages/pyctest/share/cmake-3.13/Help/variable/BUILD_SHARED_LIBS.rst",
  "lib/python3.8/site-packages/pyctest/share/cmake-3.13/Help/variable/CACHE.rst",
  "lib/python3.8/site-packages/pyctest/share/cmake-3.13/Help/variable/CMAKE_ABSOLUTE_DESTINATION_FILES.rst",
  "lib/python3.8/site-packages/pyctest/share/cmake-3.13/Help/variable/CMAKE_ANDROID_ANT_ADDITIONAL_OPTIONS.rst",
  "lib/python3.8/site-packages/pyctest/share/cmake-3.13/Help/variable/CMAKE_ANDROID_API.rst",
  "lib/python3.8/site-packages/pyctest/share/cmake-3.13/Help/variable/CMAKE_ANDROID_API_MIN.rst",
  "lib/python3.8/site-packages/pyctest/share/cmake-3.13/Help/variable/CMAKE_ANDROID_ARCH.rst",
  "lib/python3.8/site-packages/pyctest/share/cmake-3.13/Help/variable/CMAKE_ANDROID_ARCH_ABI.rst",
  "lib/python3.8/site-packages/pyctest/share/cmake-3.13/Help/variable/CMAKE_ANDROID_ARM_MODE.rst",
  "lib/python3.8/site-packages/pyctest/share/cmake-3.13/Help/variable/CMAKE_ANDROID_ARM_NEON.rst",
  "lib/python3.8/site-packages/pyctest/share/cmake-3.13/Help/variable/CMAKE_ANDROID_ASSETS_DIRECTORIES.rst",
  "lib/python3.8/site-packages/pyctest/share/cmake-3.13/Help/variable/CMAKE_ANDROID_GUI.rst",
  "lib/python3.8/site-packages/pyctest/share/cmake-3.13/Help/variable/CMAKE_ANDROID_JAR_DEPENDENCIES.rst",
  "lib/python3.8/site-packages/pyctest/share/cmake-3.13/Help/variable/CMAKE_ANDROID_JAR_DIRECTORIES.rst",
  "lib/python3.8/site-packages/pyctest/share/cmake-3.13/Help/variable/CMAKE_ANDROID_JAVA_SOURCE_DIR.rst",
  "lib/python3.8/site-packages/pyctest/share/cmake-3.13/Help/variable/CMAKE_ANDROID_NATIVE_LIB_DEPENDENCIES.rst",
  "lib/python3.8/site-packages/pyctest/share/cmake-3.13/Help/variable/CMAKE_ANDROID_NATIVE_LIB_DIRECTORIES.rst",
  "lib/python3.8/site-packages/pyctest/share/cmake-3.13/Help/variable/CMAKE_ANDROID_NDK.rst",
  "lib/python3.8/site-packages/pyctest/share/cmake-3.13/Help/variable/CMAKE_ANDROID_NDK_DEPRECATED_HEADERS.rst",
  "lib/python3.8/site-packages/pyctest/share/cmake-3.13/Help/variable/CMAKE_ANDROID_NDK_TOOLCHAIN_HOST_TAG.rst",
  "lib/python3.8/site-packages/pyctest/share/cmake-3.13/Help/variable/CMAKE_ANDROID_NDK_TOOLCHAIN_VERSION.rst",
  "lib/python3.8/site-packages/pyctest/share/cmake-3.13/Help/variable/CMAKE_ANDROID_PROCESS_MAX.rst",
  "lib/python3.8/site-packages/pyctest/share/cmake-3.13/Help/variable/CMAKE_ANDROID_PROGUARD.rst",
  "lib/python3.8/site-packages/pyctest/share/cmake-3.13/Help/variable/CMAKE_ANDROID_PROGUARD_CONFIG_PATH.rst",
  "lib/python3.8/site-packages/pyctest/share/cmake-3.13/Help/variable/CMAKE_ANDROID_SECURE_PROPS_PATH.rst",
  "lib/python3.8/site-packages/pyctest/share/cmake-3.13/Help/variable/CMAKE_ANDROID_SKIP_ANT_STEP.rst",
  "lib/python3.8/site-packages/pyctest/share/cmake-3.13/Help/variable/CMAKE_ANDROID_STANDALONE_TOOLCHAIN.rst",
  "lib/python3.8/site-packages/pyctest/share/cmake-3.13/Help/variable/CMAKE_ANDROID_STL_TYPE.rst",
  "lib/python3.8/site-packages/pyctest/share/cmake-3.13/Help/variable/CMAKE_APPBUNDLE_PATH.rst",
  "lib/python3.8/site-packages/pyctest/share/cmake-3.13/Help/variable/CMAKE_AR.rst",
  "lib/python3.8/site-packages/pyctest/share/cmake-3.13/Help/variable/CMAKE_ARCHIVE_OUTPUT_DIRECTORY.rst",
  "lib/python3.8/site-packages/pyctest/share/cmake-3.13/Help/variable/CMAKE_ARCHIVE_OUTPUT_DIRECTORY_CONFIG.rst",
  "lib/python3.8/site-packages/pyctest/share/cmake-3.13/Help/variable/CMAKE_ARGC.rst",
  "lib/python3.8/site-packages/pyctest/share/cmake-3.13/Help/variable/CMAKE_ARGV0.rst",
  "lib/python3.8/site-packages/pyctest/share/cmake-3.13/Help/variable/CMAKE_AUTOGEN_PARALLEL.rst",
  "lib/python3.8/site-packages/pyctest/share/cmake-3.13/Help/variable/CMAKE_AUTOGEN_VERBOSE.rst",
  "lib/python3.8/site-packages/pyctest/share/cmake-3.13/Help/variable/CMAKE_AUTOMOC.rst",
  "lib/python3.8/site-packages/pyctest/share/cmake-3.13/Help/variable/CMAKE_AUTOMOC_COMPILER_PREDEFINES.rst",
  "lib/python3.8/site-packages/pyctest/share/cmake-3.13/Help/variable/CMAKE_AUTOMOC_DEPEND_FILTERS.rst",
  "lib/python3.8/site-packages/pyctest/share/cmake-3.13/Help/variable/CMAKE_AUTOMOC_MACRO_NAMES.rst",
  "lib/python3.8/site-packages/pyctest/share/cmake-3.13/Help/variable/CMAKE_AUTOMOC_MOC_OPTIONS.rst",
  "lib/python3.8/site-packages/pyctest/share/cmake-3.13/Help/variable/CMAKE_AUTOMOC_RELAXED_MODE.rst",
  "lib/python3.8/site-packages/pyctest/share/cmake-3.13/Help/variable/CMAKE_AUTORCC.rst",
  "lib/python3.8/site-packages/pyctest/share/cmake-3.13/Help/variable/CMAKE_AUTORCC_OPTIONS.rst",
  "lib/python3.8/site-packages/pyctest/share/cmake-3.13/Help/variable/CMAKE_AUTOUIC.rst",
  "lib/python3.8/site-packages/pyctest/share/cmake-3.13/Help/variable/CMAKE_AUTOUIC_OPTIONS.rst",
  "lib/python3.8/site-packages/pyctest/share/cmake-3.13/Help/variable/CMAKE_AUTOUIC_SEARCH_PATHS.rst",
  "lib/python3.8/site-packages/pyctest/share/cmake-3.13/Help/variable/CMAKE_BACKWARDS_COMPATIBILITY.rst",
  "lib/python3.8/site-packages/pyctest/share/cmake-3.13/Help/variable/CMAKE_BINARY_DIR.rst",
  "lib/python3.8/site-packages/pyctest/share/cmake-3.13/Help/variable/CMAKE_BUILD_RPATH.rst",
  "lib/python3.8/site-packages/pyctest/share/cmake-3.13/Help/variable/CMAKE_BUILD_TOOL.rst",
  "lib/python3.8/site-packages/pyctest/share/cmake-3.13/Help/variable/CMAKE_BUILD_TYPE.rst",
  "lib/python3.8/site-packages/pyctest/share/cmake-3.13/Help/variable/CMAKE_BUILD_WITH_INSTALL_NAME_DIR.rst",
  "lib/python3.8/site-packages/pyctest/share/cmake-3.13/Help/variable/CMAKE_BUILD_WITH_INSTALL_RPATH.rst",
  "lib/python3.8/site-packages/pyctest/share/cmake-3.13/Help/variable/CMAKE_CACHEFILE_DIR.rst",
  "lib/python3.8/site-packages/pyctest/share/cmake-3.13/Help/variable/CMAKE_CACHE_MAJOR_VERSION.rst",
  "lib/python3.8/site-packages/pyctest/share/cmake-3.13/Help/variable/CMAKE_CACHE_MINOR_VERSION.rst",
  "lib/python3.8/site-packages/pyctest/share/cmake-3.13/Help/variable/CMAKE_CACHE_PATCH_VERSION.rst",
  "lib/python3.8/site-packages/pyctest/share/cmake-3.13/Help/variable/CMAKE_CFG_INTDIR.rst",
  "lib/python3.8/site-packages/pyctest/share/cmake-3.13/Help/variable/CMAKE_CL_64.rst",
  "lib/python3.8/site-packages/pyctest/share/cmake-3.13/Help/variable/CMAKE_CODEBLOCKS_COMPILER_ID.rst",
  "lib/python3.8/site-packages/pyctest/share/cmake-3.13/Help/variable/CMAKE_CODEBLOCKS_EXCLUDE_EXTERNAL_FILES.rst",
  "lib/python3.8/site-packages/pyctest/share/cmake-3.13/Help/variable/CMAKE_CODELITE_USE_TARGETS.rst",
  "lib/python3.8/site-packages/pyctest/share/cmake-3.13/Help/variable/CMAKE_COLOR_MAKEFILE.rst",
  "lib/python3.8/site-packages/pyctest/share/cmake-3.13/Help/variable/CMAKE_COMMAND.rst",
  "lib/python3.8/site-packages/pyctest/share/cmake-3.13/Help/variable/CMAKE_COMPILER_2005.rst",
  "lib/python3.8/site-packages/pyctest/share/cmake-3.13/Help/variable/CMAKE_COMPILER_IS_GNUCC.rst",
  "lib/python3.8/site-packages/pyctest/share/cmake-3.13/Help/variable/CMAKE_COMPILER_IS_GNUCXX.rst",
  "lib/python3.8/site-packages/pyctest/share/cmake-3.13/Help/variable/CMAKE_COMPILER_IS_GNUG77.rst",
  "lib/python3.8/site-packages/pyctest/share/cmake-3.13/Help/variable/CMAKE_COMPILE_PDB_OUTPUT_DIRECTORY.rst",
  "lib/python3.8/site-packages/pyctest/share/cmake-3.13/Help/variable/CMAKE_COMPILE_PDB_OUTPUT_DIRECTORY_CONFIG.rst",
  "lib/python3.8/site-packages/pyctest/share/cmake-3.13/Help/variable/CMAKE_CONFIGURATION_TYPES.rst",
  "lib/python3.8/site-packages/pyctest/share/cmake-3.13/Help/variable/CMAKE_CONFIG_POSTFIX.rst",
  "lib/python3.8/site-packages/pyctest/share/cmake-3.13/Help/variable/CMAKE_CPACK_COMMAND.rst",
  "lib/python3.8/site-packages/pyctest/share/cmake-3.13/Help/variable/CMAKE_CROSSCOMPILING.rst",
  "lib/python3.8/site-packages/pyctest/share/cmake-3.13/Help/variable/CMAKE_CROSSCOMPILING_EMULATOR.rst",
  "lib/python3.8/site-packages/pyctest/share/cmake-3.13/Help/variable/CMAKE_CTEST_COMMAND.rst",
  "lib/python3.8/site-packages/pyctest/share/cmake-3.13/Help/variable/CMAKE_CUDA_EXTENSIONS.rst",
  "lib/python3.8/site-packages/pyctest/share/cmake-3.13/Help/variable/CMAKE_CUDA_HOST_COMPILER.rst",
  "lib/python3.8/site-packages/pyctest/share/cmake-3.13/Help/variable/CMAKE_CUDA_SEPARABLE_COMPILATION.rst",
  "lib/python3.8/site-packages/pyctest/share/cmake-3.13/Help/variable/CMAKE_CUDA_STANDARD.rst",
  "lib/python3.8/site-packages/pyctest/share/cmake-3.13/Help/variable/CMAKE_CUDA_STANDARD_REQUIRED.rst",
  "lib/python3.8/site-packages/pyctest/share/cmake-3.13/Help/variable/CMAKE_CUDA_TOOLKIT_INCLUDE_DIRECTORIES.rst",
  "lib/python3.8/site-packages/pyctest/share/cmake-3.13/Help/variable/CMAKE_CURRENT_BINARY_DIR.rst",
  "lib/python3.8/site-packages/pyctest/share/cmake-3.13/Help/variable/CMAKE_CURRENT_LIST_DIR.rst",
  "lib/python3.8/site-packages/pyctest/share/cmake-3.13/Help/variable/CMAKE_CURRENT_LIST_FILE.rst",
  "lib/python3.8/site-packages/pyctest/share/cmake-3.13/Help/variable/CMAKE_CURRENT_LIST_LINE.rst",
  "lib/python3.8/site-packages/pyctest/share/cmake-3.13/Help/variable/CMAKE_CURRENT_SOURCE_DIR.rst",
  "lib/python3.8/site-packages/pyctest/share/cmake-3.13/Help/variable/CMAKE_CXX_COMPILE_FEATURES.rst",
  "lib/python3.8/site-packages/pyctest/share/cmake-3.13/Help/variable/CMAKE_CXX_EXTENSIONS.rst",
  "lib/python3.8/site-packages/pyctest/share/cmake-3.13/Help/variable/CMAKE_CXX_STANDARD.rst",
  "lib/python3.8/site-packages/pyctest/share/cmake-3.13/Help/variable/CMAKE_CXX_STANDARD_REQUIRED.rst",
  "lib/python3.8/site-packages/pyctest/share/cmake-3.13/Help/variable/CMAKE_C_COMPILE_FEATURES.rst",
  "lib/python3.8/site-packages/pyctest/share/cmake-3.13/Help/variable/CMAKE_C_EXTENSIONS.rst",
  "lib/python3.8/site-packages/pyctest/share/cmake-3.13/Help/variable/CMAKE_C_STANDARD.rst",
  "lib/python3.8/site-packages/pyctest/share/cmake-3.13/Help/variable/CMAKE_C_STANDARD_REQUIRED.rst",
  "lib/python3.8/site-packages/pyctest/share/cmake-3.13/Help/variable/CMAKE_DEBUG_POSTFIX.rst",
  "lib/python3.8/site-packages/pyctest/share/cmake-3.13/Help/variable/CMAKE_DEBUG_TARGET_PROPERTIES.rst",
  "lib/python3.8/site-packages/pyctest/share/cmake-3.13/Help/variable/CMAKE_DEPENDS_IN_PROJECT_ONLY.rst",
  "lib/python3.8/site-packages/pyctest/share/cmake-3.13/Help/variable/CMAKE_DIRECTORY_LABELS.rst",
  "lib/python3.8/site-packages/pyctest/share/cmake-3.13/Help/variable/CMAKE_DISABLE_FIND_PACKAGE_PackageName.rst",
  "lib/python3.8/site-packages/pyctest/share/cmake-3.13/Help/variable/CMAKE_DL_LIBS.rst",
  "lib/python3.8/site-packages/pyctest/share/cmake-3.13/Help/variable/CMAKE_DOTNET_TARGET_FRAMEWORK_VERSION.rst",
  "lib/python3.8/site-packages/pyctest/share/cmake-3.13/Help/variable/CMAKE_ECLIPSE_GENERATE_LINKED_RESOURCES.rst",
  "lib/python3.8/site-packages/pyctest/share/cmake-3.13/Help/variable/CMAKE_ECLIPSE_GENERATE_SOURCE_PROJECT.rst",
  "lib/python3.8/site-packages/pyctest/share/cmake-3.13/Help/variable/CMAKE_ECLIPSE_MAKE_ARGUMENTS.rst",
  "lib/python3.8/site-packages/pyctest/share/cmake-3.13/Help/variable/CMAKE_ECLIPSE_VERSION.rst",
  "lib/python3.8/site-packages/pyctest/share/cmake-3.13/Help/variable/CMAKE_EDIT_COMMAND.rst",
  "lib/python3.8/site-packages/pyctest/share/cmake-3.13/Help/variable/CMAKE_ENABLE_EXPORTS.rst",
  "lib/python3.8/site-packages/pyctest/share/cmake-3.13/Help/variable/CMAKE_ERROR_DEPRECATED.rst",
  "lib/python3.8/site-packages/pyctest/share/cmake-3.13/Help/variable/CMAKE_ERROR_ON_ABSOLUTE_INSTALL_DESTINATION.rst",
  "lib/python3.8/site-packages/pyctest/share/cmake-3.13/Help/variable/CMAKE_EXECUTABLE_SUFFIX.rst",
  "lib/python3.8/site-packages/pyctest/share/cmake-3.13/Help/variable/CMAKE_EXE_LINKER_FLAGS.rst",
  "lib/python3.8/site-packages/pyctest/share/cmake-3.13/Help/variable/CMAKE_EXE_LINKER_FLAGS_CONFIG.rst",
  "lib/python3.8/site-packages/pyctest/share/cmake-3.13/Help/variable/CMAKE_EXE_LINKER_FLAGS_CONFIG_INIT.rst",
  "lib/python3.8/site-packages/pyctest/share/cmake-3.13/Help/variable/CMAKE_EXE_LINKER_FLAGS_INIT.rst",
  "lib/python3.8/site-packages/pyctest/share/cmake-3.13/Help/variable/CMAKE_EXPORT_COMPILE_COMMANDS.rst",
  "lib/python3.8/site-packages/pyctest/share/cmake-3.13/Help/variable/CMAKE_EXPORT_NO_PACKAGE_REGISTRY.rst",
  "lib/python3.8/site-packages/pyctest/share/cmake-3.13/Help/variable/CMAKE_EXTRA_GENERATOR.rst",
  "lib/python3.8/site-packages/pyctest/share/cmake-3.13/Help/variable/CMAKE_EXTRA_SHARED_LIBRARY_SUFFIXES.rst",
  "lib/python3.8/site-packages/pyctest/share/cmake-3.13/Help/variable/CMAKE_FIND_APPBUNDLE.rst",
  "lib/python3.8/site-packages/pyctest/share/cmake-3.13/Help/variable/CMAKE_FIND_FRAMEWORK.rst",
  "lib/python3.8/site-packages/pyctest/share/cmake-3.13/Help/variable/CMAKE_FIND_LIBRARY_CUSTOM_LIB_SUFFIX.rst",
  "lib/python3.8/site-packages/pyctest/share/cmake-3.13/Help/variable/CMAKE_FIND_LIBRARY_PREFIXES.rst",
  "lib/python3.8/site-packages/pyctest/share/cmake-3.13/Help/variable/CMAKE_FIND_LIBRARY_SUFFIXES.rst",
  "lib/python3.8/site-packages/pyctest/share/cmake-3.13/Help/variable/CMAKE_FIND_NO_INSTALL_PREFIX.rst",
  "lib/python3.8/site-packages/pyctest/share/cmake-3.13/Help/variable/CMAKE_FIND_PACKAGE_NAME.rst",
  "lib/python3.8/site-packages/pyctest/share/cmake-3.13/Help/variable/CMAKE_FIND_PACKAGE_NO_PACKAGE_REGISTRY.rst",
  "lib/python3.8/site-packages/pyctest/share/cmake-3.13/Help/variable/CMAKE_FIND_PACKAGE_NO_SYSTEM_PACKAGE_REGISTRY.rst",
  "lib/python3.8/site-packages/pyctest/share/cmake-3.13/Help/variable/CMAKE_FIND_PACKAGE_SORT_DIRECTION.rst",
  "lib/python3.8/site-packages/pyctest/share/cmake-3.13/Help/variable/CMAKE_FIND_PACKAGE_SORT_ORDER.rst",
  "lib/python3.8/site-packages/pyctest/share/cmake-3.13/Help/variable/CMAKE_FIND_PACKAGE_WARN_NO_MODULE.rst",
  "lib/python3.8/site-packages/pyctest/share/cmake-3.13/Help/variable/CMAKE_FIND_ROOT_PATH.rst",
  "lib/python3.8/site-packages/pyctest/share/cmake-3.13/Help/variable/CMAKE_FIND_ROOT_PATH_MODE_INCLUDE.rst",
  "lib/python3.8/site-packages/pyctest/share/cmake-3.13/Help/variable/CMAKE_FIND_ROOT_PATH_MODE_LIBRARY.rst",
  "lib/python3.8/site-packages/pyctest/share/cmake-3.13/Help/variable/CMAKE_FIND_ROOT_PATH_MODE_PACKAGE.rst",
  "lib/python3.8/site-packages/pyctest/share/cmake-3.13/Help/variable/CMAKE_FIND_ROOT_PATH_MODE_PROGRAM.rst",
  "lib/python3.8/site-packages/pyctest/share/cmake-3.13/Help/variable/CMAKE_FOLDER.rst",
  "lib/python3.8/site-packages/pyctest/share/cmake-3.13/Help/variable/CMAKE_FRAMEWORK_PATH.rst",
  "lib/python3.8/site-packages/pyctest/share/cmake-3.13/Help/variable/CMAKE_Fortran_FORMAT.rst",
  "lib/python3.8/site-packages/pyctest/share/cmake-3.13/Help/variable/CMAKE_Fortran_MODDIR_DEFAULT.rst",
  "lib/python3.8/site-packages/pyctest/share/cmake-3.13/Help/variable/CMAKE_Fortran_MODDIR_FLAG.rst",
  "lib/python3.8/site-packages/pyctest/share/cmake-3.13/Help/variable/CMAKE_Fortran_MODOUT_FLAG.rst",
  "lib/python3.8/site-packages/pyctest/share/cmake-3.13/Help/variable/CMAKE_Fortran_MODULE_DIRECTORY.rst",
  "lib/python3.8/site-packages/pyctest/share/cmake-3.13/Help/variable/CMAKE_GENERATOR.rst",
  "lib/python3.8/site-packages/pyctest/share/cmake-3.13/Help/variable/CMAKE_GENERATOR_INSTANCE.rst",
  "lib/python3.8/site-packages/pyctest/share/cmake-3.13/Help/variable/CMAKE_GENERATOR_PLATFORM.rst",
  "lib/python3.8/site-packages/pyctest/share/cmake-3.13/Help/variable/CMAKE_GENERATOR_TOOLSET.rst",
  "lib/python3.8/site-packages/pyctest/share/cmake-3.13/Help/variable/CMAKE_GNUtoMS.rst",
  "lib/python3.8/site-packages/pyctest/share/cmake-3.13/Help/variable/CMAKE_HOME_DIRECTORY.rst",
  "lib/python3.8/site-packages/pyctest/share/cmake-3.13/Help/variable/CMAKE_HOST_APPLE.rst",
  "lib/python3.8/site-packages/pyctest/share/cmake-3.13/Help/variable/CMAKE_HOST_SOLARIS.rst",
  "lib/python3.8/site-packages/pyctest/share/cmake-3.13/Help/variable/CMAKE_HOST_SYSTEM.rst",
  "lib/python3.8/site-packages/pyctest/share/cmake-3.13/Help/variable/CMAKE_HOST_SYSTEM_NAME.rst",
  "lib/python3.8/site-packages/pyctest/share/cmake-3.13/Help/variable/CMAKE_HOST_SYSTEM_PROCESSOR.rst",
  "lib/python3.8/site-packages/pyctest/share/cmake-3.13/Help/variable/CMAKE_HOST_SYSTEM_VERSION.rst",
  "lib/python3.8/site-packages/pyctest/share/cmake-3.13/Help/variable/CMAKE_HOST_UNIX.rst",
  "lib/python3.8/site-packages/pyctest/share/cmake-3.13/Help/variable/CMAKE_HOST_WIN32.rst",
  "lib/python3.8/site-packages/pyctest/share/cmake-3.13/Help/variable/CMAKE_IGNORE_PATH.rst",
  "lib/python3.8/site-packages/pyctest/share/cmake-3.13/Help/variable/CMAKE_IMPORT_LIBRARY_PREFIX.rst",
  "lib/python3.8/site-packages/pyctest/share/cmake-3.13/Help/variable/CMAKE_IMPORT_LIBRARY_SUFFIX.rst",
  "lib/python3.8/site-packages/pyctest/share/cmake-3.13/Help/variable/CMAKE_INCLUDE_CURRENT_DIR.rst",
  "lib/python3.8/site-packages/pyctest/share/cmake-3.13/Help/variable/CMAKE_INCLUDE_CURRENT_DIR_IN_INTERFACE.rst",
  "lib/python3.8/site-packages/pyctest/share/cmake-3.13/Help/variable/CMAKE_INCLUDE_DIRECTORIES_BEFORE.rst",
  "lib/python3.8/site-packages/pyctest/share/cmake-3.13/Help/variable/CMAKE_INCLUDE_DIRECTORIES_PROJECT_BEFORE.rst",
  "lib/python3.8/site-packages/pyctest/share/cmake-3.13/Help/variable/CMAKE_INCLUDE_PATH.rst",
  "lib/python3.8/site-packages/pyctest/share/cmake-3.13/Help/variable/CMAKE_INSTALL_DEFAULT_COMPONENT_NAME.rst",
  "lib/python3.8/site-packages/pyctest/share/cmake-3.13/Help/variable/CMAKE_INSTALL_DEFAULT_DIRECTORY_PERMISSIONS.rst",
  "lib/python3.8/site-packages/pyctest/share/cmake-3.13/Help/variable/CMAKE_INSTALL_MESSAGE.rst",
  "lib/python3.8/site-packages/pyctest/share/cmake-3.13/Help/variable/CMAKE_INSTALL_NAME_DIR.rst",
  "lib/python3.8/site-packages/pyctest/share/cmake-3.13/Help/variable/CMAKE_INSTALL_PREFIX.rst",
  "lib/python3.8/site-packages/pyctest/share/cmake-3.13/Help/variable/CMAKE_INSTALL_PREFIX_INITIALIZED_TO_DEFAULT.rst",
  "lib/python3.8/site-packages/pyctest/share/cmake-3.13/Help/variable/CMAKE_INSTALL_RPATH.rst",
  "lib/python3.8/site-packages/pyctest/share/cmake-3.13/Help/variable/CMAKE_INSTALL_RPATH_USE_LINK_PATH.rst",
  "lib/python3.8/site-packages/pyctest/share/cmake-3.13/Help/variable/CMAKE_INTERNAL_PLATFORM_ABI.rst",
  "lib/python3.8/site-packages/pyctest/share/cmake-3.13/Help/variable/CMAKE_INTERPROCEDURAL_OPTIMIZATION.rst",
  "lib/python3.8/site-packages/pyctest/share/cmake-3.13/Help/variable/CMAKE_INTERPROCEDURAL_OPTIMIZATION_CONFIG.rst",
  "lib/python3.8/site-packages/pyctest/share/cmake-3.13/Help/variable/CMAKE_IOS_INSTALL_COMBINED.rst",
  "lib/python3.8/site-packages/pyctest/share/cmake-3.13/Help/variable/CMAKE_JOB_POOLS.rst",
  "lib/python3.8/site-packages/pyctest/share/cmake-3.13/Help/variable/CMAKE_JOB_POOL_COMPILE.rst",
  "lib/python3.8/site-packages/pyctest/share/cmake-3.13/Help/variable/CMAKE_JOB_POOL_LINK.rst",
  "lib/python3.8/site-packages/pyctest/share/cmake-3.13/Help/variable/CMAKE_LANG_ANDROID_TOOLCHAIN_MACHINE.rst",
  "lib/python3.8/site-packages/pyctest/share/cmake-3.13/Help/variable/CMAKE_LANG_ANDROID_TOOLCHAIN_PREFIX.rst",
  "lib/python3.8/site-packages/pyctest/share/cmake-3.13/Help/variable/CMAKE_LANG_ANDROID_TOOLCHAIN_SUFFIX.rst",
  "lib/python3.8/site-packages/pyctest/share/cmake-3.13/Help/variable/CMAKE_LANG_ARCHIVE_APPEND.rst",
  "lib/python3.8/site-packages/pyctest/share/cmake-3.13/Help/variable/CMAKE_LANG_ARCHIVE_CREATE.rst",
  "lib/python3.8/site-packages/pyctest/share/cmake-3.13/Help/variable/CMAKE_LANG_ARCHIVE_FINISH.rst",
  "lib/python3.8/site-packages/pyctest/share/cmake-3.13/Help/variable/CMAKE_LANG_CLANG_TIDY.rst",
  "lib/python3.8/site-packages/pyctest/share/cmake-3.13/Help/variable/CMAKE_LANG_COMPILER.rst",
  "lib/python3.8/site-packages/pyctest/share/cmake-3.13/Help/variable/CMAKE_LANG_COMPILER_ABI.rst",
  "lib/python3.8/site-packages/pyctest/share/cmake-3.13/Help/variable/CMAKE_LANG_COMPILER_AR.rst",
  "lib/python3.8/site-packages/pyctest/share/cmake-3.13/Help/variable/CMAKE_LANG_COMPILER_ARCHITECTURE_ID.rst",
  "lib/python3.8/site-packages/pyctest/share/cmake-3.13/Help/variable/CMAKE_LANG_COMPILER_EXTERNAL_TOOLCHAIN.rst",
  "lib/python3.8/site-packages/pyctest/share/cmake-3.13/Help/variable/CMAKE_LANG_COMPILER_ID.rst",
  "lib/python3.8/site-packages/pyctest/share/cmake-3.13/Help/variable/CMAKE_LANG_COMPILER_LAUNCHER.rst",
  "lib/python3.8/site-packages/pyctest/share/cmake-3.13/Help/variable/CMAKE_LANG_COMPILER_LOADED.rst",
  "lib/python3.8/site-packages/pyctest/share/cmake-3.13/Help/variable/CMAKE_LANG_COMPILER_PREDEFINES_COMMAND.rst",
  "lib/python3.8/site-packages/pyctest/share/cmake-3.13/Help/variable/CMAKE_LANG_COMPILER_RANLIB.rst",
  "lib/python3.8/site-packages/pyctest/share/cmake-3.13/Help/variable/CMAKE_LANG_COMPILER_TARGET.rst",
  "lib/python3.8/site-packages/pyctest/share/cmake-3.13/Help/variable/CMAKE_LANG_COMPILER_VERSION.rst",
  "lib/python3.8/site-packages/pyctest/share/cmake-3.13/Help/variable/CMAKE_LANG_COMPILER_VERSION_INTERNAL.rst",
  "lib/python3.8/site-packages/pyctest/share/cmake-3.13/Help/variable/CMAKE_LANG_COMPILE_OBJECT.rst",
  "lib/python3.8/site-packages/pyctest/share/cmake-3.13/Help/variable/CMAKE_LANG_CPPCHECK.rst",
  "lib/python3.8/site-packages/pyctest/share/cmake-3.13/Help/variable/CMAKE_LANG_CPPLINT.rst",
  "lib/python3.8/site-packages/pyctest/share/cmake-3.13/Help/variable/CMAKE_LANG_CREATE_SHARED_LIBRARY.rst",
  "lib/python3.8/site-packages/pyctest/share/cmake-3.13/Help/variable/CMAKE_LANG_CREATE_SHARED_MODULE.rst",
  "lib/python3.8/site-packages/pyctest/share/cmake-3.13/Help/variable/CMAKE_LANG_CREATE_STATIC_LIBRARY.rst",
  "lib/python3.8/site-packages/pyctest/share/cmake-3.13/Help/variable/CMAKE_LANG_FLAGS.rst",
  "lib/python3.8/site-packages/pyctest/share/cmake-3.13/Help/variable/CMAKE_LANG_FLAGS_CONFIG.rst",
  "lib/python3.8/site-packages/pyctest/share/cmake-3.13/Help/variable/CMAKE_LANG_FLAGS_CONFIG_INIT.rst",
  "lib/python3.8/site-packages/pyctest/share/cmake-3.13/Help/variable/CMAKE_LANG_FLAGS_DEBUG.rst",
  "lib/python3.8/site-packages/pyctest/share/cmake-3.13/Help/variable/CMAKE_LANG_FLAGS_DEBUG_INIT.rst",
  "lib/python3.8/site-packages/pyctest/share/cmake-3.13/Help/variable/CMAKE_LANG_FLAGS_INIT.rst",
  "lib/python3.8/site-packages/pyctest/share/cmake-3.13/Help/variable/CMAKE_LANG_FLAGS_MINSIZEREL.rst",
  "lib/python3.8/site-packages/pyctest/share/cmake-3.13/Help/variable/CMAKE_LANG_FLAGS_MINSIZEREL_INIT.rst",
  "lib/python3.8/site-packages/pyctest/share/cmake-3.13/Help/variable/CMAKE_LANG_FLAGS_RELEASE.rst",
  "lib/python3.8/site-packages/pyctest/share/cmake-3.13/Help/variable/CMAKE_LANG_FLAGS_RELEASE_INIT.rst",
  "lib/python3.8/site-packages/pyctest/share/cmake-3.13/Help/variable/CMAKE_LANG_FLAGS_RELWITHDEBINFO.rst",
  "lib/python3.8/site-packages/pyctest/share/cmake-3.13/Help/variable/CMAKE_LANG_FLAGS_RELWITHDEBINFO_INIT.rst",
  "lib/python3.8/site-packages/pyctest/share/cmake-3.13/Help/variable/CMAKE_LANG_GHS_KERNEL_FLAGS_CONFIG.rst",
  "lib/python3.8/site-packages/pyctest/share/cmake-3.13/Help/variable/CMAKE_LANG_GHS_KERNEL_FLAGS_DEBUG.rst",
  "lib/python3.8/site-packages/pyctest/share/cmake-3.13/Help/variable/CMAKE_LANG_GHS_KERNEL_FLAGS_MINSIZEREL.rst",
  "lib/python3.8/site-packages/pyctest/share/cmake-3.13/Help/variable/CMAKE_LANG_GHS_KERNEL_FLAGS_RELEASE.rst",
  "lib/python3.8/site-packages/pyctest/share/cmake-3.13/Help/variable/CMAKE_LANG_GHS_KERNEL_FLAGS_RELWITHDEBINFO.rst",
  "lib/python3.8/site-packages/pyctest/share/cmake-3.13/Help/variable/CMAKE_LANG_IGNORE_EXTENSIONS.rst",
  "lib/python3.8/site-packages/pyctest/share/cmake-3.13/Help/variable/CMAKE_LANG_IMPLICIT_INCLUDE_DIRECTORIES.rst",
  "lib/python3.8/site-packages/pyctest/share/cmake-3.13/Help/variable/CMAKE_LANG_IMPLICIT_LINK_DIRECTORIES.rst",
  "lib/python3.8/site-packages/pyctest/share/cmake-3.13/Help/variable/CMAKE_LANG_IMPLICIT_LINK_FRAMEWORK_DIRECTORIES.rst",
  "lib/python3.8/site-packages/pyctest/share/cmake-3.13/Help/variable/CMAKE_LANG_IMPLICIT_LINK_LIBRARIES.rst",
  "lib/python3.8/site-packages/pyctest/share/cmake-3.13/Help/variable/CMAKE_LANG_INCLUDE_WHAT_YOU_USE.rst",
  "lib/python3.8/site-packages/pyctest/share/cmake-3.13/Help/variable/CMAKE_LANG_LIBRARY_ARCHITECTURE.rst",
  "lib/python3.8/site-packages/pyctest/share/cmake-3.13/Help/variable/CMAKE_LANG_LINKER_PREFERENCE.rst",
  "lib/python3.8/site-packages/pyctest/share/cmake-3.13/Help/variable/CMAKE_LANG_LINKER_PREFERENCE_PROPAGATES.rst",
  "lib/python3.8/site-packages/pyctest/share/cmake-3.13/Help/variable/CMAKE_LANG_LINKER_WRAPPER_FLAG.rst",
  "lib/python3.8/site-packages/pyctest/share/cmake-3.13/Help/variable/CMAKE_LANG_LINKER_WRAPPER_FLAG_SEP.rst",
  "lib/python3.8/site-packages/pyctest/share/cmake-3.13/Help/variable/CMAKE_LANG_LINK_EXECUTABLE.rst",
  "lib/python3.8/site-packages/pyctest/share/cmake-3.13/Help/variable/CMAKE_LANG_OUTPUT_EXTENSION.rst",
  "lib/python3.8/site-packages/pyctest/share/cmake-3.13/Help/variable/CMAKE_LANG_PLATFORM_ID.rst",
  "lib/python3.8/site-packages/pyctest/share/cmake-3.13/Help/variable/CMAKE_LANG_SIMULATE_ID.rst",
  "lib/python3.8/site-packages/pyctest/share/cmake-3.13/Help/variable/CMAKE_LANG_SIMULATE_VERSION.rst",
  "lib/python3.8/site-packages/pyctest/share/cmake-3.13/Help/variable/CMAKE_LANG_SIZEOF_DATA_PTR.rst",
  "lib/python3.8/site-packages/pyctest/share/cmake-3.13/Help/variable/CMAKE_LANG_SOURCE_FILE_EXTENSIONS.rst",
  "lib/python3.8/site-packages/pyctest/share/cmake-3.13/Help/variable/CMAKE_LANG_STANDARD_INCLUDE_DIRECTORIES.rst",
  "lib/python3.8/site-packages/pyctest/share/cmake-3.13/Help/variable/CMAKE_LANG_STANDARD_LIBRARIES.rst",
  "lib/python3.8/site-packages/pyctest/share/cmake-3.13/Help/variable/CMAKE_LANG_VISIBILITY_PRESET.rst",
  "lib/python3.8/site-packages/pyctest/share/cmake-3.13/Help/variable/CMAKE_LIBRARY_ARCHITECTURE.rst",
  "lib/python3.8/site-packages/pyctest/share/cmake-3.13/Help/variable/CMAKE_LIBRARY_ARCHITECTURE_REGEX.rst",
  "lib/python3.8/site-packages/pyctest/share/cmake-3.13/Help/variable/CMAKE_LIBRARY_OUTPUT_DIRECTORY.rst",
  "lib/python3.8/site-packages/pyctest/share/cmake-3.13/Help/variable/CMAKE_LIBRARY_OUTPUT_DIRECTORY_CONFIG.rst",
  "lib/python3.8/site-packages/pyctest/share/cmake-3.13/Help/variable/CMAKE_LIBRARY_PATH.rst",
  "lib/python3.8/site-packages/pyctest/share/cmake-3.13/Help/variable/CMAKE_LIBRARY_PATH_FLAG.rst",
  "lib/python3.8/site-packages/pyctest/share/cmake-3.13/Help/variable/CMAKE_LINK_DEF_FILE_FLAG.rst",
  "lib/python3.8/site-packages/pyctest/share/cmake-3.13/Help/variable/CMAKE_LINK_DEPENDS_NO_SHARED.rst",
  "lib/python3.8/site-packages/pyctest/share/cmake-3.13/Help/variable/CMAKE_LINK_DIRECTORIES_BEFORE.rst",
  "lib/python3.8/site-packages/pyctest/share/cmake-3.13/Help/variable/CMAKE_LINK_INTERFACE_LIBRARIES.rst",
  "lib/python3.8/site-packages/pyctest/share/cmake-3.13/Help/variable/CMAKE_LINK_LIBRARY_FILE_FLAG.rst",
  "lib/python3.8/site-packages/pyctest/share/cmake-3.13/Help/variable/CMAKE_LINK_LIBRARY_FLAG.rst",
  "lib/python3.8/site-packages/pyctest/share/cmake-3.13/Help/variable/CMAKE_LINK_LIBRARY_SUFFIX.rst",
  "lib/python3.8/site-packages/pyctest/share/cmake-3.13/Help/variable/CMAKE_LINK_SEARCH_END_STATIC.rst",
  "lib/python3.8/site-packages/pyctest/share/cmake-3.13/Help/variable/CMAKE_LINK_SEARCH_START_STATIC.rst",
  "lib/python3.8/site-packages/pyctest/share/cmake-3.13/Help/variable/CMAKE_LINK_WHAT_YOU_USE.rst",
  "lib/python3.8/site-packages/pyctest/share/cmake-3.13/Help/variable/CMAKE_MACOSX_BUNDLE.rst",
  "lib/python3.8/site-packages/pyctest/share/cmake-3.13/Help/variable/CMAKE_MACOSX_RPATH.rst",
  "lib/python3.8/site-packages/pyctest/share/cmake-3.13/Help/variable/CMAKE_MAJOR_VERSION.rst",
  "lib/python3.8/site-packages/pyctest/share/cmake-3.13/Help/variable/CMAKE_MAKE_PROGRAM.rst",
  "lib/python3.8/site-packages/pyctest/share/cmake-3.13/Help/variable/CMAKE_MAP_IMPORTED_CONFIG_CONFIG.rst",
  "lib/python3.8/site-packages/pyctest/share/cmake-3.13/Help/variable/CMAKE_MATCH_COUNT.rst",
  "lib/python3.8/site-packages/pyctest/share/cmake-3.13/Help/variable/CMAKE_MATCH_n.rst",
  "lib/python3.8/site-packages/pyctest/share/cmake-3.13/Help/variable/CMAKE_MFC_FLAG.rst",
  "lib/python3.8/site-packages/pyctest/share/cmake-3.13/Help/variable/CMAKE_MINIMUM_REQUIRED_VERSION.rst",
  "lib/python3.8/site-packages/pyctest/share/cmake-3.13/Help/variable/CMAKE_MINOR_VERSION.rst",
  "lib/python3.8/site-packages/pyctest/share/cmake-3.13/Help/variable/CMAKE_MODULE_LINKER_FLAGS.rst",
  "lib/python3.8/site-packages/pyctest/share/cmake-3.13/Help/variable/CMAKE_MODULE_LINKER_FLAGS_CONFIG.rst",
  "lib/python3.8/site-packages/pyctest/share/cmake-3.13/Help/variable/CMAKE_MODULE_LINKER_FLAGS_CONFIG_INIT.rst",
  "lib/python3.8/site-packages/pyctest/share/cmake-3.13/Help/variable/CMAKE_MODULE_LINKER_FLAGS_INIT.rst",
  "lib/python3.8/site-packages/pyctest/share/cmake-3.13/Help/variable/CMAKE_MODULE_PATH.rst",
  "lib/python3.8/site-packages/pyctest/share/cmake-3.13/Help/variable/CMAKE_MSVCIDE_RUN_PATH.rst",
  "lib/python3.8/site-packages/pyctest/share/cmake-3.13/Help/variable/CMAKE_NETRC.rst",
  "lib/python3.8/site-packages/pyctest/share/cmake-3.13/Help/variable/CMAKE_NETRC_FILE.rst",
  "lib/python3.8/site-packages/pyctest/share/cmake-3.13/Help/variable/CMAKE_NINJA_OUTPUT_PATH_PREFIX.rst",
  "lib/python3.8/site-packages/pyctest/share/cmake-3.13/Help/variable/CMAKE_NOT_USING_CONFIG_FLAGS.rst",
  "lib/python3.8/site-packages/pyctest/share/cmake-3.13/Help/variable/CMAKE_NO_BUILTIN_CHRPATH.rst",
  "lib/python3.8/site-packages/pyctest/share/cmake-3.13/Help/variable/CMAKE_NO_SYSTEM_FROM_IMPORTED.rst",
  "lib/python3.8/site-packages/pyctest/share/cmake-3.13/Help/variable/CMAKE_OBJECT_PATH_MAX.rst",
  "lib/python3.8/site-packages/pyctest/share/cmake-3.13/Help/variable/CMAKE_OSX_ARCHITECTURES.rst",
  "lib/python3.8/site-packages/pyctest/share/cmake-3.13/Help/variable/CMAKE_OSX_DEPLOYMENT_TARGET.rst",
  "lib/python3.8/site-packages/pyctest/share/cmake-3.13/Help/variable/CMAKE_OSX_SYSROOT.rst",
  "lib/python3.8/site-packages/pyctest/share/cmake-3.13/Help/variable/CMAKE_PARENT_LIST_FILE.rst",
  "lib/python3.8/site-packages/pyctest/share/cmake-3.13/Help/variable/CMAKE_PATCH_VERSION.rst",
  "lib/python3.8/site-packages/pyctest/share/cmake-3.13/Help/variable/CMAKE_PDB_OUTPUT_DIRECTORY.rst",
  "lib/python3.8/site-packages/pyctest/share/cmake-3.13/Help/variable/CMAKE_PDB_OUTPUT_DIRECTORY_CONFIG.rst",
  "lib/python3.8/site-packages/pyctest/share/cmake-3.13/Help/variable/CMAKE_POLICY_DEFAULT_CMPNNNN.rst",
  "lib/python3.8/site-packages/pyctest/share/cmake-3.13/Help/variable/CMAKE_POLICY_WARNING_CMPNNNN.rst",
  "lib/python3.8/site-packages/pyctest/share/cmake-3.13/Help/variable/CMAKE_POSITION_INDEPENDENT_CODE.rst",
  "lib/python3.8/site-packages/pyctest/share/cmake-3.13/Help/variable/CMAKE_PREFIX_PATH.rst",
  "lib/python3.8/site-packages/pyctest/share/cmake-3.13/Help/variable/CMAKE_PROGRAM_PATH.rst",
  "lib/python3.8/site-packages/pyctest/share/cmake-3.13/Help/variable/CMAKE_PROJECT_DESCRIPTION.rst",
  "lib/python3.8/site-packages/pyctest/share/cmake-3.13/Help/variable/CMAKE_PROJECT_HOMEPAGE_URL.rst",
  "lib/python3.8/site-packages/pyctest/share/cmake-3.13/Help/variable/CMAKE_PROJECT_NAME.rst",
  "lib/python3.8/site-packages/pyctest/share/cmake-3.13/Help/variable/CMAKE_PROJECT_PROJECT-NAME_INCLUDE.rst",
  "lib/python3.8/site-packages/pyctest/share/cmake-3.13/Help/variable/CMAKE_PROJECT_VERSION.rst",
  "lib/python3.8/site-packages/pyctest/share/cmake-3.13/Help/variable/CMAKE_PROJECT_VERSION_MAJOR.rst",
  "lib/python3.8/site-packages/pyctest/share/cmake-3.13/Help/variable/CMAKE_PROJECT_VERSION_MINOR.rst",
  "lib/python3.8/site-packages/pyctest/share/cmake-3.13/Help/variable/CMAKE_PROJECT_VERSION_PATCH.rst",
  "lib/python3.8/site-packages/pyctest/share/cmake-3.13/Help/variable/CMAKE_PROJECT_VERSION_TWEAK.rst",
  "lib/python3.8/site-packages/pyctest/share/cmake-3.13/Help/variable/CMAKE_RANLIB.rst",
  "lib/python3.8/site-packages/pyctest/share/cmake-3.13/Help/variable/CMAKE_ROOT.rst",
  "lib/python3.8/site-packages/pyctest/share/cmake-3.13/Help/variable/CMAKE_RULE_MESSAGES.rst",
  "lib/python3.8/site-packages/pyctest/share/cmake-3.13/Help/variable/CMAKE_RUNTIME_OUTPUT_DIRECTORY.rst",
  "lib/python3.8/site-packages/pyctest/share/cmake-3.13/Help/variable/CMAKE_RUNTIME_OUTPUT_DIRECTORY_CONFIG.rst",
  "lib/python3.8/site-packages/pyctest/share/cmake-3.13/Help/variable/CMAKE_SCRIPT_MODE_FILE.rst",
  "lib/python3.8/site-packages/pyctest/share/cmake-3.13/Help/variable/CMAKE_SHARED_LIBRARY_PREFIX.rst",
  "lib/python3.8/site-packages/pyctest/share/cmake-3.13/Help/variable/CMAKE_SHARED_LIBRARY_SUFFIX.rst",
  "lib/python3.8/site-packages/pyctest/share/cmake-3.13/Help/variable/CMAKE_SHARED_LINKER_FLAGS.rst",
  "lib/python3.8/site-packages/pyctest/share/cmake-3.13/Help/variable/CMAKE_SHARED_LINKER_FLAGS_CONFIG.rst",
  "lib/python3.8/site-packages/pyctest/share/cmake-3.13/Help/variable/CMAKE_SHARED_LINKER_FLAGS_CONFIG_INIT.rst",
  "lib/python3.8/site-packages/pyctest/share/cmake-3.13/Help/variable/CMAKE_SHARED_LINKER_FLAGS_INIT.rst",
  "lib/python3.8/site-packages/pyctest/share/cmake-3.13/Help/variable/CMAKE_SHARED_MODULE_PREFIX.rst",
  "lib/python3.8/site-packages/pyctest/share/cmake-3.13/Help/variable/CMAKE_SHARED_MODULE_SUFFIX.rst",
  "lib/python3.8/site-packages/pyctest/share/cmake-3.13/Help/variable/CMAKE_SIZEOF_VOID_P.rst",
  "lib/python3.8/site-packages/pyctest/share/cmake-3.13/Help/variable/CMAKE_SKIP_BUILD_RPATH.rst",
  "lib/python3.8/site-packages/pyctest/share/cmake-3.13/Help/variable/CMAKE_SKIP_INSTALL_ALL_DEPENDENCY.rst",
  "lib/python3.8/site-packages/pyctest/share/cmake-3.13/Help/variable/CMAKE_SKIP_INSTALL_RPATH.rst",
  "lib/python3.8/site-packages/pyctest/share/cmake-3.13/Help/variable/CMAKE_SKIP_INSTALL_RULES.rst",
  "lib/python3.8/site-packages/pyctest/share/cmake-3.13/Help/variable/CMAKE_SKIP_RPATH.rst",
  "lib/python3.8/site-packages/pyctest/share/cmake-3.13/Help/variable/CMAKE_SOURCE_DIR.rst",
  "lib/python3.8/site-packages/pyctest/share/cmake-3.13/Help/variable/CMAKE_STAGING_PREFIX.rst",
  "lib/python3.8/site-packages/pyctest/share/cmake-3.13/Help/variable/CMAKE_STATIC_LIBRARY_PREFIX.rst",
  "lib/python3.8/site-packages/pyctest/share/cmake-3.13/Help/variable/CMAKE_STATIC_LIBRARY_SUFFIX.rst",
  "lib/python3.8/site-packages/pyctest/share/cmake-3.13/Help/variable/CMAKE_STATIC_LINKER_FLAGS.rst",
  "lib/python3.8/site-packages/pyctest/share/cmake-3.13/Help/variable/CMAKE_STATIC_LINKER_FLAGS_CONFIG.rst",
  "lib/python3.8/site-packages/pyctest/share/cmake-3.13/Help/variable/CMAKE_STATIC_LINKER_FLAGS_CONFIG_INIT.rst",
  "lib/python3.8/site-packages/pyctest/share/cmake-3.13/Help/variable/CMAKE_STATIC_LINKER_FLAGS_INIT.rst",
  "lib/python3.8/site-packages/pyctest/share/cmake-3.13/Help/variable/CMAKE_SUBLIME_TEXT_2_ENV_SETTINGS.rst",
  "lib/python3.8/site-packages/pyctest/share/cmake-3.13/Help/variable/CMAKE_SUBLIME_TEXT_2_EXCLUDE_BUILD_TREE.rst",
  "lib/python3.8/site-packages/pyctest/share/cmake-3.13/Help/variable/CMAKE_SUPPRESS_REGENERATION.rst",
  "lib/python3.8/site-packages/pyctest/share/cmake-3.13/Help/variable/CMAKE_SYSROOT.rst",
  "lib/python3.8/site-packages/pyctest/share/cmake-3.13/Help/variable/CMAKE_SYSROOT_COMPILE.rst",
  "lib/python3.8/site-packages/pyctest/share/cmake-3.13/Help/variable/CMAKE_SYSROOT_LINK.rst",
  "lib/python3.8/site-packages/pyctest/share/cmake-3.13/Help/variable/CMAKE_SYSTEM.rst",
  "lib/python3.8/site-packages/pyctest/share/cmake-3.13/Help/variable/CMAKE_SYSTEM_APPBUNDLE_PATH.rst",
  "lib/python3.8/site-packages/pyctest/share/cmake-3.13/Help/variable/CMAKE_SYSTEM_FRAMEWORK_PATH.rst",
  "lib/python3.8/site-packages/pyctest/share/cmake-3.13/Help/variable/CMAKE_SYSTEM_IGNORE_PATH.rst",
  "lib/python3.8/site-packages/pyctest/share/cmake-3.13/Help/variable/CMAKE_SYSTEM_INCLUDE_PATH.rst",
  "lib/python3.8/site-packages/pyctest/share/cmake-3.13/Help/variable/CMAKE_SYSTEM_LIBRARY_PATH.rst",
  "lib/python3.8/site-packages/pyctest/share/cmake-3.13/Help/variable/CMAKE_SYSTEM_NAME.rst",
  "lib/python3.8/site-packages/pyctest/share/cmake-3.13/Help/variable/CMAKE_SYSTEM_PREFIX_PATH.rst",
  "lib/python3.8/site-packages/pyctest/share/cmake-3.13/Help/variable/CMAKE_SYSTEM_PROCESSOR.rst",
  "lib/python3.8/site-packages/pyctest/share/cmake-3.13/Help/variable/CMAKE_SYSTEM_PROGRAM_PATH.rst",
  "lib/python3.8/site-packages/pyctest/share/cmake-3.13/Help/variable/CMAKE_SYSTEM_VERSION.rst",
  "lib/python3.8/site-packages/pyctest/share/cmake-3.13/Help/variable/CMAKE_Swift_LANGUAGE_VERSION.rst",
  "lib/python3.8/site-packages/pyctest/share/cmake-3.13/Help/variable/CMAKE_TOOLCHAIN_FILE.rst",
  "lib/python3.8/site-packages/pyctest/share/cmake-3.13/Help/variable/CMAKE_TRY_COMPILE_CONFIGURATION.rst",
  "lib/python3.8/site-packages/pyctest/share/cmake-3.13/Help/variable/CMAKE_TRY_COMPILE_PLATFORM_VARIABLES.rst",
  "lib/python3.8/site-packages/pyctest/share/cmake-3.13/Help/variable/CMAKE_TRY_COMPILE_TARGET_TYPE.rst",
  "lib/python3.8/site-packages/pyctest/share/cmake-3.13/Help/variable/CMAKE_TWEAK_VERSION.rst",
  "lib/python3.8/site-packages/pyctest/share/cmake-3.13/Help/variable/CMAKE_USER_MAKE_RULES_OVERRIDE.rst",
  "lib/python3.8/site-packages/pyctest/share/cmake-3.13/Help/variable/CMAKE_USER_MAKE_RULES_OVERRIDE_LANG.rst",
  "lib/python3.8/site-packages/pyctest/share/cmake-3.13/Help/variable/CMAKE_USE_RELATIVE_PATHS.rst",
  "lib/python3.8/site-packages/pyctest/share/cmake-3.13/Help/variable/CMAKE_VERBOSE_MAKEFILE.rst",
  "lib/python3.8/site-packages/pyctest/share/cmake-3.13/Help/variable/CMAKE_VERSION.rst",
  "lib/python3.8/site-packages/pyctest/share/cmake-3.13/Help/variable/CMAKE_VISIBILITY_INLINES_HIDDEN.rst",
  "lib/python3.8/site-packages/pyctest/share/cmake-3.13/Help/variable/CMAKE_VS_DEVENV_COMMAND.rst",
  "lib/python3.8/site-packages/pyctest/share/cmake-3.13/Help/variable/CMAKE_VS_GLOBALS.rst",
  "lib/python3.8/site-packages/pyctest/share/cmake-3.13/Help/variable/CMAKE_VS_INCLUDE_INSTALL_TO_DEFAULT_BUILD.rst",
  "lib/python3.8/site-packages/pyctest/share/cmake-3.13/Help/variable/CMAKE_VS_INCLUDE_PACKAGE_TO_DEFAULT_BUILD.rst",
  "lib/python3.8/site-packages/pyctest/share/cmake-3.13/Help/variable/CMAKE_VS_INTEL_Fortran_PROJECT_VERSION.rst",
  "lib/python3.8/site-packages/pyctest/share/cmake-3.13/Help/variable/CMAKE_VS_MSBUILD_COMMAND.rst",
  "lib/python3.8/site-packages/pyctest/share/cmake-3.13/Help/variable/CMAKE_VS_NsightTegra_VERSION.rst",
  "lib/python3.8/site-packages/pyctest/share/cmake-3.13/Help/variable/CMAKE_VS_PLATFORM_NAME.rst",
  "lib/python3.8/site-packages/pyctest/share/cmake-3.13/Help/variable/CMAKE_VS_PLATFORM_TOOLSET.rst",
  "lib/python3.8/site-packages/pyctest/share/cmake-3.13/Help/variable/CMAKE_VS_PLATFORM_TOOLSET_CUDA.rst",
  "lib/python3.8/site-packages/pyctest/share/cmake-3.13/Help/variable/CMAKE_VS_PLATFORM_TOOLSET_HOST_ARCHITECTURE.rst",
  "lib/python3.8/site-packages/pyctest/share/cmake-3.13/Help/variable/CMAKE_VS_PLATFORM_TOOLSET_VERSION.rst",
  "lib/python3.8/site-packages/pyctest/share/cmake-3.13/Help/variable/CMAKE_VS_SDK_EXCLUDE_DIRECTORIES.rst",
  "lib/python3.8/site-packages/pyctest/share/cmake-3.13/Help/variable/CMAKE_VS_SDK_EXECUTABLE_DIRECTORIES.rst",
  "lib/python3.8/site-packages/pyctest/share/cmake-3.13/Help/variable/CMAKE_VS_SDK_INCLUDE_DIRECTORIES.rst",
  "lib/python3.8/site-packages/pyctest/share/cmake-3.13/Help/variable/CMAKE_VS_SDK_LIBRARY_DIRECTORIES.rst",
  "lib/python3.8/site-packages/pyctest/share/cmake-3.13/Help/variable/CMAKE_VS_SDK_LIBRARY_WINRT_DIRECTORIES.rst",
  "lib/python3.8/site-packages/pyctest/share/cmake-3.13/Help/variable/CMAKE_VS_SDK_REFERENCE_DIRECTORIES.rst",
  "lib/python3.8/site-packages/pyctest/share/cmake-3.13/Help/variable/CMAKE_VS_SDK_SOURCE_DIRECTORIES.rst",
  "lib/python3.8/site-packages/pyctest/share/cmake-3.13/Help/variable/CMAKE_VS_WINDOWS_TARGET_PLATFORM_VERSION.rst",
  "lib/python3.8/site-packages/pyctest/share/cmake-3.13/Help/variable/CMAKE_VS_WINRT_BY_DEFAULT.rst",
  "lib/python3.8/site-packages/pyctest/share/cmake-3.13/Help/variable/CMAKE_WARN_DEPRECATED.rst",
  "lib/python3.8/site-packages/pyctest/share/cmake-3.13/Help/variable/CMAKE_WARN_ON_ABSOLUTE_INSTALL_DESTINATION.rst",
  "lib/python3.8/site-packages/pyctest/share/cmake-3.13/Help/variable/CMAKE_WIN32_EXECUTABLE.rst",
  "lib/python3.8/site-packages/pyctest/share/cmake-3.13/Help/variable/CMAKE_WINDOWS_EXPORT_ALL_SYMBOLS.rst",
  "lib/python3.8/site-packages/pyctest/share/cmake-3.13/Help/variable/CMAKE_XCODE_ATTRIBUTE_an-attribute.rst",
  "lib/python3.8/site-packages/pyctest/share/cmake-3.13/Help/variable/CMAKE_XCODE_GENERATE_SCHEME.rst",
  "lib/python3.8/site-packages/pyctest/share/cmake-3.13/Help/variable/CMAKE_XCODE_GENERATE_TOP_LEVEL_PROJECT_ONLY.rst",
  "lib/python3.8/site-packages/pyctest/share/cmake-3.13/Help/variable/CMAKE_XCODE_PLATFORM_TOOLSET.rst",
  "lib/python3.8/site-packages/pyctest/share/cmake-3.13/Help/variable/CMAKE_XCODE_SCHEME_ADDRESS_SANITIZER.rst",
  "lib/python3.8/site-packages/pyctest/share/cmake-3.13/Help/variable/CMAKE_XCODE_SCHEME_ADDRESS_SANITIZER_USE_AFTER_RETURN.rst",
  "lib/python3.8/site-packages/pyctest/share/cmake-3.13/Help/variable/CMAKE_XCODE_SCHEME_DISABLE_MAIN_THREAD_CHECKER.rst",
  "lib/python3.8/site-packages/pyctest/share/cmake-3.13/Help/variable/CMAKE_XCODE_SCHEME_DYNAMIC_LIBRARY_LOADS.rst",
  "lib/python3.8/site-packages/pyctest/share/cmake-3.13/Help/variable/CMAKE_XCODE_SCHEME_DYNAMIC_LINKER_API_USAGE.rst",
  "lib/python3.8/site-packages/pyctest/share/cmake-3.13/Help/variable/CMAKE_XCODE_SCHEME_GUARD_MALLOC.rst",
  "lib/python3.8/site-packages/pyctest/share/cmake-3.13/Help/variable/CMAKE_XCODE_SCHEME_MAIN_THREAD_CHECKER_STOP.rst",
  "lib/python3.8/site-packages/pyctest/share/cmake-3.13/Help/variable/CMAKE_XCODE_SCHEME_MALLOC_GUARD_EDGES.rst",
  "lib/python3.8/site-packages/pyctest/share/cmake-3.13/Help/variable/CMAKE_XCODE_SCHEME_MALLOC_SCRIBBLE.rst",
  "lib/python3.8/site-packages/pyctest/share/cmake-3.13/Help/variable/CMAKE_XCODE_SCHEME_MALLOC_STACK.rst",
  "lib/python3.8/site-packages/pyctest/share/cmake-3.13/Help/variable/CMAKE_XCODE_SCHEME_THREAD_SANITIZER.rst",
  "lib/python3.8/site-packages/pyctest/share/cmake-3.13/Help/variable/CMAKE_XCODE_SCHEME_THREAD_SANITIZER_STOP.rst",
  "lib/python3.8/site-packages/pyctest/share/cmake-3.13/Help/variable/CMAKE_XCODE_SCHEME_UNDEFINED_BEHAVIOUR_SANITIZER.rst",
  "lib/python3.8/site-packages/pyctest/share/cmake-3.13/Help/variable/CMAKE_XCODE_SCHEME_UNDEFINED_BEHAVIOUR_SANITIZER_STOP.rst",
  "lib/python3.8/site-packages/pyctest/share/cmake-3.13/Help/variable/CMAKE_XCODE_SCHEME_ZOMBIE_OBJECTS.rst",
  "lib/python3.8/site-packages/pyctest/share/cmake-3.13/Help/variable/CPACK_ABSOLUTE_DESTINATION_FILES.rst",
  "lib/python3.8/site-packages/pyctest/share/cmake-3.13/Help/variable/CPACK_COMPONENT_INCLUDE_TOPLEVEL_DIRECTORY.rst",
  "lib/python3.8/site-packages/pyctest/share/cmake-3.13/Help/variable/CPACK_ERROR_ON_ABSOLUTE_INSTALL_DESTINATION.rst",
  "lib/python3.8/site-packages/pyctest/share/cmake-3.13/Help/variable/CPACK_INCLUDE_TOPLEVEL_DIRECTORY.rst",
  "lib/python3.8/site-packages/pyctest/share/cmake-3.13/Help/variable/CPACK_INSTALL_DEFAULT_DIRECTORY_PERMISSIONS.rst",
  "lib/python3.8/site-packages/pyctest/share/cmake-3.13/Help/variable/CPACK_INSTALL_SCRIPT.rst",
  "lib/python3.8/site-packages/pyctest/share/cmake-3.13/Help/variable/CPACK_PACKAGING_INSTALL_PREFIX.rst",
  "lib/python3.8/site-packages/pyctest/share/cmake-3.13/Help/variable/CPACK_SET_DESTDIR.rst",
  "lib/python3.8/site-packages/pyctest/share/cmake-3.13/Help/variable/CPACK_WARN_ON_ABSOLUTE_INSTALL_DESTINATION.rst",
  "lib/python3.8/site-packages/pyctest/share/cmake-3.13/Help/variable/CTEST_BINARY_DIRECTORY.rst",
  "lib/python3.8/site-packages/pyctest/share/cmake-3.13/Help/variable/CTEST_BUILD_COMMAND.rst",
  "lib/python3.8/site-packages/pyctest/share/cmake-3.13/Help/variable/CTEST_BUILD_NAME.rst",
  "lib/python3.8/site-packages/pyctest/share/cmake-3.13/Help/variable/CTEST_BZR_COMMAND.rst",
  "lib/python3.8/site-packages/pyctest/share/cmake-3.13/Help/variable/CTEST_BZR_UPDATE_OPTIONS.rst",
  "lib/python3.8/site-packages/pyctest/share/cmake-3.13/Help/variable/CTEST_CHANGE_ID.rst",
  "lib/python3.8/site-packages/pyctest/share/cmake-3.13/Help/variable/CTEST_CHECKOUT_COMMAND.rst",
  "lib/python3.8/site-packages/pyctest/share/cmake-3.13/Help/variable/CTEST_CONFIGURATION_TYPE.rst",
  "lib/python3.8/site-packages/pyctest/share/cmake-3.13/Help/variable/CTEST_CONFIGURE_COMMAND.rst",
  "lib/python3.8/site-packages/pyctest/share/cmake-3.13/Help/variable/CTEST_COVERAGE_COMMAND.rst",
  "lib/python3.8/site-packages/pyctest/share/cmake-3.13/Help/variable/CTEST_COVERAGE_EXTRA_FLAGS.rst",
  "lib/python3.8/site-packages/pyctest/share/cmake-3.13/Help/variable/CTEST_CURL_OPTIONS.rst",
  "lib/python3.8/site-packages/pyctest/share/cmake-3.13/Help/variable/CTEST_CUSTOM_COVERAGE_EXCLUDE.rst",
  "lib/python3.8/site-packages/pyctest/share/cmake-3.13/Help/variable/CTEST_CUSTOM_ERROR_EXCEPTION.rst",
  "lib/python3.8/site-packages/pyctest/share/cmake-3.13/Help/variable/CTEST_CUSTOM_ERROR_MATCH.rst",
  "lib/python3.8/site-packages/pyctest/share/cmake-3.13/Help/variable/CTEST_CUSTOM_ERROR_POST_CONTEXT.rst",
  "lib/python3.8/site-packages/pyctest/share/cmake-3.13/Help/variable/CTEST_CUSTOM_ERROR_PRE_CONTEXT.rst",
  "lib/python3.8/site-packages/pyctest/share/cmake-3.13/Help/variable/CTEST_CUSTOM_MAXIMUM_FAILED_TEST_OUTPUT_SIZE.rst",
  "lib/python3.8/site-packages/pyctest/share/cmake-3.13/Help/variable/CTEST_CUSTOM_MAXIMUM_NUMBER_OF_ERRORS.rst",
  "lib/python3.8/site-packages/pyctest/share/cmake-3.13/Help/variable/CTEST_CUSTOM_MAXIMUM_NUMBER_OF_WARNINGS.rst",
  "lib/python3.8/site-packages/pyctest/share/cmake-3.13/Help/variable/CTEST_CUSTOM_MAXIMUM_PASSED_TEST_OUTPUT_SIZE.rst",
  "lib/python3.8/site-packages/pyctest/share/cmake-3.13/Help/variable/CTEST_CUSTOM_MEMCHECK_IGNORE.rst",
  "lib/python3.8/site-packages/pyctest/share/cmake-3.13/Help/variable/CTEST_CUSTOM_POST_MEMCHECK.rst",
  "lib/python3.8/site-packages/pyctest/share/cmake-3.13/Help/variable/CTEST_CUSTOM_POST_TEST.rst",
  "lib/python3.8/site-packages/pyctest/share/cmake-3.13/Help/variable/CTEST_CUSTOM_PRE_MEMCHECK.rst",
  "lib/python3.8/site-packages/pyctest/share/cmake-3.13/Help/variable/CTEST_CUSTOM_PRE_TEST.rst",
  "lib/python3.8/site-packages/pyctest/share/cmake-3.13/Help/variable/CTEST_CUSTOM_TEST_IGNORE.rst",
  "lib/python3.8/site-packages/pyctest/share/cmake-3.13/Help/variable/CTEST_CUSTOM_WARNING_EXCEPTION.rst",
  "lib/python3.8/site-packages/pyctest/share/cmake-3.13/Help/variable/CTEST_CUSTOM_WARNING_MATCH.rst",
  "lib/python3.8/site-packages/pyctest/share/cmake-3.13/Help/variable/CTEST_CVS_CHECKOUT.rst",
  "lib/python3.8/site-packages/pyctest/share/cmake-3.13/Help/variable/CTEST_CVS_COMMAND.rst",
  "lib/python3.8/site-packages/pyctest/share/cmake-3.13/Help/variable/CTEST_CVS_UPDATE_OPTIONS.rst",
  "lib/python3.8/site-packages/pyctest/share/cmake-3.13/Help/variable/CTEST_DROP_LOCATION.rst",
  "lib/python3.8/site-packages/pyctest/share/cmake-3.13/Help/variable/CTEST_DROP_METHOD.rst",
  "lib/python3.8/site-packages/pyctest/share/cmake-3.13/Help/variable/CTEST_DROP_SITE.rst",
  "lib/python3.8/site-packages/pyctest/share/cmake-3.13/Help/variable/CTEST_DROP_SITE_CDASH.rst",
  "lib/python3.8/site-packages/pyctest/share/cmake-3.13/Help/variable/CTEST_DROP_SITE_PASSWORD.rst",
  "lib/python3.8/site-packages/pyctest/share/cmake-3.13/Help/variable/CTEST_DROP_SITE_USER.rst",
  "lib/python3.8/site-packages/pyctest/share/cmake-3.13/Help/variable/CTEST_EXTRA_COVERAGE_GLOB.rst",
  "lib/python3.8/site-packages/pyctest/share/cmake-3.13/Help/variable/CTEST_GIT_COMMAND.rst",
  "lib/python3.8/site-packages/pyctest/share/cmake-3.13/Help/variable/CTEST_GIT_INIT_SUBMODULES.rst",
  "lib/python3.8/site-packages/pyctest/share/cmake-3.13/Help/variable/CTEST_GIT_UPDATE_CUSTOM.rst",
  "lib/python3.8/site-packages/pyctest/share/cmake-3.13/Help/variable/CTEST_GIT_UPDATE_OPTIONS.rst",
  "lib/python3.8/site-packages/pyctest/share/cmake-3.13/Help/variable/CTEST_HG_COMMAND.rst",
  "lib/python3.8/site-packages/pyctest/share/cmake-3.13/Help/variable/CTEST_HG_UPDATE_OPTIONS.rst",
  "lib/python3.8/site-packages/pyctest/share/cmake-3.13/Help/variable/CTEST_LABELS_FOR_SUBPROJECTS.rst",
  "lib/python3.8/site-packages/pyctest/share/cmake-3.13/Help/variable/CTEST_MEMORYCHECK_COMMAND.rst",
  "lib/python3.8/site-packages/pyctest/share/cmake-3.13/Help/variable/CTEST_MEMORYCHECK_COMMAND_OPTIONS.rst",
  "lib/python3.8/site-packages/pyctest/share/cmake-3.13/Help/variable/CTEST_MEMORYCHECK_SANITIZER_OPTIONS.rst",
  "lib/python3.8/site-packages/pyctest/share/cmake-3.13/Help/variable/CTEST_MEMORYCHECK_SUPPRESSIONS_FILE.rst",
  "lib/python3.8/site-packages/pyctest/share/cmake-3.13/Help/variable/CTEST_MEMORYCHECK_TYPE.rst",
  "lib/python3.8/site-packages/pyctest/share/cmake-3.13/Help/variable/CTEST_NIGHTLY_START_TIME.rst",
  "lib/python3.8/site-packages/pyctest/share/cmake-3.13/Help/variable/CTEST_P4_CLIENT.rst",
  "lib/python3.8/site-packages/pyctest/share/cmake-3.13/Help/variable/CTEST_P4_COMMAND.rst",
  "lib/python3.8/site-packages/pyctest/share/cmake-3.13/Help/variable/CTEST_P4_OPTIONS.rst",
  "lib/python3.8/site-packages/pyctest/share/cmake-3.13/Help/variable/CTEST_P4_UPDATE_OPTIONS.rst",
  "lib/python3.8/site-packages/pyctest/share/cmake-3.13/Help/variable/CTEST_RUN_CURRENT_SCRIPT.rst",
  "lib/python3.8/site-packages/pyctest/share/cmake-3.13/Help/variable/CTEST_SCP_COMMAND.rst",
  "lib/python3.8/site-packages/pyctest/share/cmake-3.13/Help/variable/CTEST_SITE.rst",
  "lib/python3.8/site-packages/pyctest/share/cmake-3.13/Help/variable/CTEST_SOURCE_DIRECTORY.rst",
  "lib/python3.8/site-packages/pyctest/share/cmake-3.13/Help/variable/CTEST_SVN_COMMAND.rst",
  "lib/python3.8/site-packages/pyctest/share/cmake-3.13/Help/variable/CTEST_SVN_OPTIONS.rst",
  "lib/python3.8/site-packages/pyctest/share/cmake-3.13/Help/variable/CTEST_SVN_UPDATE_OPTIONS.rst",
  "lib/python3.8/site-packages/pyctest/share/cmake-3.13/Help/variable/CTEST_TEST_LOAD.rst",
  "lib/python3.8/site-packages/pyctest/share/cmake-3.13/Help/variable/CTEST_TEST_TIMEOUT.rst",
  "lib/python3.8/site-packages/pyctest/share/cmake-3.13/Help/variable/CTEST_TRIGGER_SITE.rst",
  "lib/python3.8/site-packages/pyctest/share/cmake-3.13/Help/variable/CTEST_UPDATE_COMMAND.rst",
  "lib/python3.8/site-packages/pyctest/share/cmake-3.13/Help/variable/CTEST_UPDATE_OPTIONS.rst",
  "lib/python3.8/site-packages/pyctest/share/cmake-3.13/Help/variable/CTEST_UPDATE_VERSION_ONLY.rst",
  "lib/python3.8/site-packages/pyctest/share/cmake-3.13/Help/variable/CTEST_USE_LAUNCHERS.rst",
  "lib/python3.8/site-packages/pyctest/share/cmake-3.13/Help/variable/CYGWIN.rst",
  "lib/python3.8/site-packages/pyctest/share/cmake-3.13/Help/variable/ENV.rst",
  "lib/python3.8/site-packages/pyctest/share/cmake-3.13/Help/variable/EXECUTABLE_OUTPUT_PATH.rst",
  "lib/python3.8/site-packages/pyctest/share/cmake-3.13/Help/variable/GHS-MULTI.rst",
  "lib/python3.8/site-packages/pyctest/share/cmake-3.13/Help/variable/LIBRARY_OUTPUT_PATH.rst",
  "lib/python3.8/site-packages/pyctest/share/cmake-3.13/Help/variable/MINGW.rst",
  "lib/python3.8/site-packages/pyctest/share/cmake-3.13/Help/variable/MSVC.rst",
  "lib/python3.8/site-packages/pyctest/share/cmake-3.13/Help/variable/MSVC10.rst",
  "lib/python3.8/site-packages/pyctest/share/cmake-3.13/Help/variable/MSVC11.rst",
  "lib/python3.8/site-packages/pyctest/share/cmake-3.13/Help/variable/MSVC12.rst",
  "lib/python3.8/site-packages/pyctest/share/cmake-3.13/Help/variable/MSVC14.rst",
  "lib/python3.8/site-packages/pyctest/share/cmake-3.13/Help/variable/MSVC60.rst",
  "lib/python3.8/site-packages/pyctest/share/cmake-3.13/Help/variable/MSVC70.rst",
  "lib/python3.8/site-packages/pyctest/share/cmake-3.13/Help/variable/MSVC71.rst",
  "lib/python3.8/site-packages/pyctest/share/cmake-3.13/Help/variable/MSVC80.rst",
  "lib/python3.8/site-packages/pyctest/share/cmake-3.13/Help/variable/MSVC90.rst",
  "lib/python3.8/site-packages/pyctest/share/cmake-3.13/Help/variable/MSVC_IDE.rst",
  "lib/python3.8/site-packages/pyctest/share/cmake-3.13/Help/variable/MSVC_TOOLSET_VERSION.rst",
  "lib/python3.8/site-packages/pyctest/share/cmake-3.13/Help/variable/MSVC_VERSION.rst",
  "lib/python3.8/site-packages/pyctest/share/cmake-3.13/Help/variable/PROJECT-NAME_BINARY_DIR.rst",
  "lib/python3.8/site-packages/pyctest/share/cmake-3.13/Help/variable/PROJECT-NAME_DESCRIPTION.rst",
  "lib/python3.8/site-packages/pyctest/share/cmake-3.13/Help/variable/PROJECT-NAME_HOMEPAGE_URL.rst",
  "lib/python3.8/site-packages/pyctest/share/cmake-3.13/Help/variable/PROJECT-NAME_SOURCE_DIR.rst",
  "lib/python3.8/site-packages/pyctest/share/cmake-3.13/Help/variable/PROJECT-NAME_VERSION.rst",
  "lib/python3.8/site-packages/pyctest/share/cmake-3.13/Help/variable/PROJECT-NAME_VERSION_MAJOR.rst",
  "lib/python3.8/site-packages/pyctest/share/cmake-3.13/Help/variable/PROJECT-NAME_VERSION_MINOR.rst",
  "lib/python3.8/site-packages/pyctest/share/cmake-3.13/Help/variable/PROJECT-NAME_VERSION_PATCH.rst",
  "lib/python3.8/site-packages/pyctest/share/cmake-3.13/Help/variable/PROJECT-NAME_VERSION_TWEAK.rst",
  "lib/python3.8/site-packages/pyctest/share/cmake-3.13/Help/variable/PROJECT_BINARY_DIR.rst",
  "lib/python3.8/site-packages/pyctest/share/cmake-3.13/Help/variable/PROJECT_DESCRIPTION.rst",
  "lib/python3.8/site-packages/pyctest/share/cmake-3.13/Help/variable/PROJECT_HOMEPAGE_URL.rst",
  "lib/python3.8/site-packages/pyctest/share/cmake-3.13/Help/variable/PROJECT_NAME.rst",
  "lib/python3.8/site-packages/pyctest/share/cmake-3.13/Help/variable/PROJECT_SOURCE_DIR.rst",
  "lib/python3.8/site-packages/pyctest/share/cmake-3.13/Help/variable/PROJECT_VERSION.rst",
  "lib/python3.8/site-packages/pyctest/share/cmake-3.13/Help/variable/PROJECT_VERSION_MAJOR.rst",
  "lib/python3.8/site-packages/pyctest/share/cmake-3.13/Help/variable/PROJECT_VERSION_MINOR.rst",
  "lib/python3.8/site-packages/pyctest/share/cmake-3.13/Help/variable/PROJECT_VERSION_PATCH.rst",
  "lib/python3.8/site-packages/pyctest/share/cmake-3.13/Help/variable/PROJECT_VERSION_TWEAK.rst",
  "lib/python3.8/site-packages/pyctest/share/cmake-3.13/Help/variable/PackageName_ROOT.rst",
  "lib/python3.8/site-packages/pyctest/share/cmake-3.13/Help/variable/UNIX.rst",
  "lib/python3.8/site-packages/pyctest/share/cmake-3.13/Help/variable/WIN32.rst",
  "lib/python3.8/site-packages/pyctest/share/cmake-3.13/Help/variable/WINCE.rst",
  "lib/python3.8/site-packages/pyctest/share/cmake-3.13/Help/variable/WINDOWS_PHONE.rst",
  "lib/python3.8/site-packages/pyctest/share/cmake-3.13/Help/variable/WINDOWS_STORE.rst",
  "lib/python3.8/site-packages/pyctest/share/cmake-3.13/Help/variable/XCODE.rst",
  "lib/python3.8/site-packages/pyctest/share/cmake-3.13/Help/variable/XCODE_VERSION.rst",
  "lib/python3.8/site-packages/pyctest/share/cmake-3.13/Modules/AddFileDependencies.cmake",
  "lib/python3.8/site-packages/pyctest/share/cmake-3.13/Modules/AndroidTestUtilities.cmake",
  "lib/python3.8/site-packages/pyctest/share/cmake-3.13/Modules/AndroidTestUtilities/PushToAndroidDevice.cmake",
  "lib/python3.8/site-packages/pyctest/share/cmake-3.13/Modules/BasicConfigVersion-AnyNewerVersion.cmake.in",
  "lib/python3.8/site-packages/pyctest/share/cmake-3.13/Modules/BasicConfigVersion-ExactVersion.cmake.in",
  "lib/python3.8/site-packages/pyctest/share/cmake-3.13/Modules/BasicConfigVersion-SameMajorVersion.cmake.in",
  "lib/python3.8/site-packages/pyctest/share/cmake-3.13/Modules/BasicConfigVersion-SameMinorVersion.cmake.in",
  "lib/python3.8/site-packages/pyctest/share/cmake-3.13/Modules/BundleUtilities.cmake",
  "lib/python3.8/site-packages/pyctest/share/cmake-3.13/Modules/CMake.cmake",
  "lib/python3.8/site-packages/pyctest/share/cmake-3.13/Modules/CMakeASM-ATTInformation.cmake",
  "lib/python3.8/site-packages/pyctest/share/cmake-3.13/Modules/CMakeASMCompiler.cmake.in",
  "lib/python3.8/site-packages/pyctest/share/cmake-3.13/Modules/CMakeASMInformation.cmake",
  "lib/python3.8/site-packages/pyctest/share/cmake-3.13/Modules/CMakeASM_MASMInformation.cmake",
  "lib/python3.8/site-packages/pyctest/share/cmake-3.13/Modules/CMakeASM_NASMInformation.cmake",
  "lib/python3.8/site-packages/pyctest/share/cmake-3.13/Modules/CMakeAddFortranSubdirectory.cmake",
  "lib/python3.8/site-packages/pyctest/share/cmake-3.13/Modules/CMakeAddFortranSubdirectory/build_mingw.cmake.in",
  "lib/python3.8/site-packages/pyctest/share/cmake-3.13/Modules/CMakeAddFortranSubdirectory/config_mingw.cmake.in",
  "lib/python3.8/site-packages/pyctest/share/cmake-3.13/Modules/CMakeBackwardCompatibilityC.cmake",
  "lib/python3.8/site-packages/pyctest/share/cmake-3.13/Modules/CMakeBackwardCompatibilityCXX.cmake",
  "lib/python3.8/site-packages/pyctest/share/cmake-3.13/Modules/CMakeBorlandFindMake.cmake",
  "lib/python3.8/site-packages/pyctest/share/cmake-3.13/Modules/CMakeBuildSettings.cmake.in",
  "lib/python3.8/site-packages/pyctest/share/cmake-3.13/Modules/CMakeCCompiler.cmake.in",
  "lib/python3.8/site-packages/pyctest/share/cmake-3.13/Modules/CMakeCCompilerABI.c",
  "lib/python3.8/site-packages/pyctest/share/cmake-3.13/Modules/CMakeCCompilerId.c.in",
  "lib/python3.8/site-packages/pyctest/share/cmake-3.13/Modules/CMakeCInformation.cmake",
  "lib/python3.8/site-packages/pyctest/share/cmake-3.13/Modules/CMakeCSharpCompiler.cmake.in",
  "lib/python3.8/site-packages/pyctest/share/cmake-3.13/Modules/CMakeCSharpCompilerId.cs.in",
  "lib/python3.8/site-packages/pyctest/share/cmake-3.13/Modules/CMakeCSharpInformation.cmake",
  "lib/python3.8/site-packages/pyctest/share/cmake-3.13/Modules/CMakeCUDACompiler.cmake.in",
  "lib/python3.8/site-packages/pyctest/share/cmake-3.13/Modules/CMakeCUDACompilerABI.cu",
  "lib/python3.8/site-packages/pyctest/share/cmake-3.13/Modules/CMakeCUDACompilerId.cu.in",
  "lib/python3.8/site-packages/pyctest/share/cmake-3.13/Modules/CMakeCUDAInformation.cmake",
  "lib/python3.8/site-packages/pyctest/share/cmake-3.13/Modules/CMakeCXXCompiler.cmake.in",
  "lib/python3.8/site-packages/pyctest/share/cmake-3.13/Modules/CMakeCXXCompilerABI.cpp",
  "lib/python3.8/site-packages/pyctest/share/cmake-3.13/Modules/CMakeCXXCompilerId.cpp.in",
  "lib/python3.8/site-packages/pyctest/share/cmake-3.13/Modules/CMakeCXXInformation.cmake",
  "lib/python3.8/site-packages/pyctest/share/cmake-3.13/Modules/CMakeCheckCompilerFlagCommonPatterns.cmake",
  "lib/python3.8/site-packages/pyctest/share/cmake-3.13/Modules/CMakeCommonLanguageInclude.cmake",
  "lib/python3.8/site-packages/pyctest/share/cmake-3.13/Modules/CMakeCompilerABI.h",
  "lib/python3.8/site-packages/pyctest/share/cmake-3.13/Modules/CMakeCompilerIdDetection.cmake",
  "lib/python3.8/site-packages/pyctest/share/cmake-3.13/Modules/CMakeConfigurableFile.in",
  "lib/python3.8/site-packages/pyctest/share/cmake-3.13/Modules/CMakeDependentOption.cmake",
  "lib/python3.8/site-packages/pyctest/share/cmake-3.13/Modules/CMakeDetermineASM-ATTCompiler.cmake",
  "lib/python3.8/site-packages/pyctest/share/cmake-3.13/Modules/CMakeDetermineASMCompiler.cmake",
  "lib/python3.8/site-packages/pyctest/share/cmake-3.13/Modules/CMakeDetermineASM_MASMCompiler.cmake",
  "lib/python3.8/site-packages/pyctest/share/cmake-3.13/Modules/CMakeDetermineASM_NASMCompiler.cmake",
  "lib/python3.8/site-packages/pyctest/share/cmake-3.13/Modules/CMakeDetermineCCompiler.cmake",
  "lib/python3.8/site-packages/pyctest/share/cmake-3.13/Modules/CMakeDetermineCSharpCompiler.cmake",
  "lib/python3.8/site-packages/pyctest/share/cmake-3.13/Modules/CMakeDetermineCUDACompiler.cmake",
  "lib/python3.8/site-packages/pyctest/share/cmake-3.13/Modules/CMakeDetermineCXXCompiler.cmake",
  "lib/python3.8/site-packages/pyctest/share/cmake-3.13/Modules/CMakeDetermineCompileFeatures.cmake",
  "lib/python3.8/site-packages/pyctest/share/cmake-3.13/Modules/CMakeDetermineCompiler.cmake",
  "lib/python3.8/site-packages/pyctest/share/cmake-3.13/Modules/CMakeDetermineCompilerABI.cmake",
  "lib/python3.8/site-packages/pyctest/share/cmake-3.13/Modules/CMakeDetermineCompilerId.cmake",
  "lib/python3.8/site-packages/pyctest/share/cmake-3.13/Modules/CMakeDetermineFortranCompiler.cmake",
  "lib/python3.8/site-packages/pyctest/share/cmake-3.13/Modules/CMakeDetermineJavaCompiler.cmake",
  "lib/python3.8/site-packages/pyctest/share/cmake-3.13/Modules/CMakeDetermineRCCompiler.cmake",
  "lib/python3.8/site-packages/pyctest/share/cmake-3.13/Modules/CMakeDetermineSwiftCompiler.cmake",
  "lib/python3.8/site-packages/pyctest/share/cmake-3.13/Modules/CMakeDetermineSystem.cmake",
  "lib/python3.8/site-packages/pyctest/share/cmake-3.13/Modules/CMakeDetermineVSServicePack.cmake",
  "lib/python3.8/site-packages/pyctest/share/cmake-3.13/Modules/CMakeExpandImportedTargets.cmake",
  "lib/python3.8/site-packages/pyctest/share/cmake-3.13/Modules/CMakeExportBuildSettings.cmake",
  "lib/python3.8/site-packages/pyctest/share/cmake-3.13/Modules/CMakeExtraGeneratorDetermineCompilerMacrosAndIncludeDirs.cmake",
  "lib/python3.8/site-packages/pyctest/share/cmake-3.13/Modules/CMakeFindBinUtils.cmake",
  "lib/python3.8/site-packages/pyctest/share/cmake-3.13/Modules/CMakeFindCodeBlocks.cmake",
  "lib/python3.8/site-packages/pyctest/share/cmake-3.13/Modules/CMakeFindDependencyMacro.cmake",
  "lib/python3.8/site-packages/pyctest/share/cmake-3.13/Modules/CMakeFindEclipseCDT4.cmake",
  "lib/python3.8/site-packages/pyctest/share/cmake-3.13/Modules/CMakeFindFrameworks.cmake",
  "lib/python3.8/site-packages/pyctest/share/cmake-3.13/Modules/CMakeFindJavaCommon.cmake",
  "lib/python3.8/site-packages/pyctest/share/cmake-3.13/Modules/CMakeFindKate.cmake",
  "lib/python3.8/site-packages/pyctest/share/cmake-3.13/Modules/CMakeFindPackageMode.cmake",
  "lib/python3.8/site-packages/pyctest/share/cmake-3.13/Modules/CMakeFindSublimeText2.cmake",
  "lib/python3.8/site-packages/pyctest/share/cmake-3.13/Modules/CMakeFindWMake.cmake",
  "lib/python3.8/site-packages/pyctest/share/cmake-3.13/Modules/CMakeFindXCode.cmake",
  "lib/python3.8/site-packages/pyctest/share/cmake-3.13/Modules/CMakeForceCompiler.cmake",
  "lib/python3.8/site-packages/pyctest/share/cmake-3.13/Modules/CMakeFortranCompiler.cmake.in",
  "lib/python3.8/site-packages/pyctest/share/cmake-3.13/Modules/CMakeFortranCompilerABI.F",
  "lib/python3.8/site-packages/pyctest/share/cmake-3.13/Modules/CMakeFortranCompilerId.F.in",
  "lib/python3.8/site-packages/pyctest/share/cmake-3.13/Modules/CMakeFortranInformation.cmake",
  "lib/python3.8/site-packages/pyctest/share/cmake-3.13/Modules/CMakeGenericSystem.cmake",
  "lib/python3.8/site-packages/pyctest/share/cmake-3.13/Modules/CMakeGraphVizOptions.cmake",
  "lib/python3.8/site-packages/pyctest/share/cmake-3.13/Modules/CMakeIOSInstallCombined.cmake",
  "lib/python3.8/site-packages/pyctest/share/cmake-3.13/Modules/CMakeImportBuildSettings.cmake",
  "lib/python3.8/site-packages/pyctest/share/cmake-3.13/Modules/CMakeInitializeConfigs.cmake",
  "lib/python3.8/site-packages/pyctest/share/cmake-3.13/Modules/CMakeJOMFindMake.cmake",
  "lib/python3.8/site-packages/pyctest/share/cmake-3.13/Modules/CMakeJavaCompiler.cmake.in",
  "lib/python3.8/site-packages/pyctest/share/cmake-3.13/Modules/CMakeJavaInformation.cmake",
  "lib/python3.8/site-packages/pyctest/share/cmake-3.13/Modules/CMakeLanguageInformation.cmake",
  "lib/python3.8/site-packages/pyctest/share/cmake-3.13/Modules/CMakeMSYSFindMake.cmake",
  "lib/python3.8/site-packages/pyctest/share/cmake-3.13/Modules/CMakeMinGWFindMake.cmake",
  "lib/python3.8/site-packages/pyctest/share/cmake-3.13/Modules/CMakeNMakeFindMake.cmake",
  "lib/python3.8/site-packages/pyctest/share/cmake-3.13/Modules/CMakeNinjaFindMake.cmake",
  "lib/python3.8/site-packages/pyctest/share/cmake-3.13/Modules/CMakePackageConfigHelpers.cmake",
  "lib/python3.8/site-packages/pyctest/share/cmake-3.13/Modules/CMakeParseArguments.cmake",
  "lib/python3.8/site-packages/pyctest/share/cmake-3.13/Modules/CMakeParseImplicitLinkInfo.cmake",
  "lib/python3.8/site-packages/pyctest/share/cmake-3.13/Modules/CMakePlatformId.h.in",
  "lib/python3.8/site-packages/pyctest/share/cmake-3.13/Modules/CMakePrintHelpers.cmake",
  "lib/python3.8/site-packages/pyctest/share/cmake-3.13/Modules/CMakePrintSystemInformation.cmake",
  "lib/python3.8/site-packages/pyctest/share/cmake-3.13/Modules/CMakePushCheckState.cmake",
  "lib/python3.8/site-packages/pyctest/share/cmake-3.13/Modules/CMakeRCCompiler.cmake.in",
  "lib/python3.8/site-packages/pyctest/share/cmake-3.13/Modules/CMakeRCInformation.cmake",
  "lib/python3.8/site-packages/pyctest/share/cmake-3.13/Modules/CMakeSwiftCompiler.cmake.in",
  "lib/python3.8/site-packages/pyctest/share/cmake-3.13/Modules/CMakeSwiftInformation.cmake",
  "lib/python3.8/site-packages/pyctest/share/cmake-3.13/Modules/CMakeSystem.cmake.in",
  "lib/python3.8/site-packages/pyctest/share/cmake-3.13/Modules/CMakeSystemSpecificInformation.cmake",
  "lib/python3.8/site-packages/pyctest/share/cmake-3.13/Modules/CMakeSystemSpecificInitialize.cmake",
  "lib/python3.8/site-packages/pyctest/share/cmake-3.13/Modules/CMakeTestASM-ATTCompiler.cmake",
  "lib/python3.8/site-packages/pyctest/share/cmake-3.13/Modules/CMakeTestASMCompiler.cmake",
  "lib/python3.8/site-packages/pyctest/share/cmake-3.13/Modules/CMakeTestASM_MASMCompiler.cmake",
  "lib/python3.8/site-packages/pyctest/share/cmake-3.13/Modules/CMakeTestASM_NASMCompiler.cmake",
  "lib/python3.8/site-packages/pyctest/share/cmake-3.13/Modules/CMakeTestCCompiler.cmake",
  "lib/python3.8/site-packages/pyctest/share/cmake-3.13/Modules/CMakeTestCSharpCompiler.cmake",
  "lib/python3.8/site-packages/pyctest/share/cmake-3.13/Modules/CMakeTestCUDACompiler.cmake",
  "lib/python3.8/site-packages/pyctest/share/cmake-3.13/Modules/CMakeTestCXXCompiler.cmake",
  "lib/python3.8/site-packages/pyctest/share/cmake-3.13/Modules/CMakeTestCompilerCommon.cmake",
  "lib/python3.8/site-packages/pyctest/share/cmake-3.13/Modules/CMakeTestFortranCompiler.cmake",
  "lib/python3.8/site-packages/pyctest/share/cmake-3.13/Modules/CMakeTestGNU.c",
  "lib/python3.8/site-packages/pyctest/share/cmake-3.13/Modules/CMakeTestJavaCompiler.cmake",
  "lib/python3.8/site-packages/pyctest/share/cmake-3.13/Modules/CMakeTestRCCompiler.cmake",
  "lib/python3.8/site-packages/pyctest/share/cmake-3.13/Modules/CMakeTestSwiftCompiler.cmake",
  "lib/python3.8/site-packages/pyctest/share/cmake-3.13/Modules/CMakeUnixFindMake.cmake",
  "lib/python3.8/site-packages/pyctest/share/cmake-3.13/Modules/CMakeVerifyManifest.cmake",
  "lib/python3.8/site-packages/pyctest/share/cmake-3.13/Modules/CPack.Description.plist.in",
  "lib/python3.8/site-packages/pyctest/share/cmake-3.13/Modules/CPack.Info.plist.in",
  "lib/python3.8/site-packages/pyctest/share/cmake-3.13/Modules/CPack.NuGet.nuspec.in",
  "lib/python3.8/site-packages/pyctest/share/cmake-3.13/Modules/CPack.OSXScriptLauncher.in",
  "lib/python3.8/site-packages/pyctest/share/cmake-3.13/Modules/CPack.OSXScriptLauncher.rsrc.in",
  "lib/python3.8/site-packages/pyctest/share/cmake-3.13/Modules/CPack.OSXX11.Info.plist.in",
  "lib/python3.8/site-packages/pyctest/share/cmake-3.13/Modules/CPack.OSXX11.main.scpt.in",
  "lib/python3.8/site-packages/pyctest/share/cmake-3.13/Modules/CPack.RuntimeScript.in",
  "lib/python3.8/site-packages/pyctest/share/cmake-3.13/Modules/CPack.STGZ_Header.sh.in",
  "lib/python3.8/site-packages/pyctest/share/cmake-3.13/Modules/CPack.VolumeIcon.icns.in",
  "lib/python3.8/site-packages/pyctest/share/cmake-3.13/Modules/CPack.background.png.in",
  "lib/python3.8/site-packages/pyctest/share/cmake-3.13/Modules/CPack.cmake",
  "lib/python3.8/site-packages/pyctest/share/cmake-3.13/Modules/CPack.distribution.dist.in",
  "lib/python3.8/site-packages/pyctest/share/cmake-3.13/Modules/CPackComponent.cmake",
  "lib/python3.8/site-packages/pyctest/share/cmake-3.13/Modules/CPackIFW.cmake",
  "lib/python3.8/site-packages/pyctest/share/cmake-3.13/Modules/CPackIFWConfigureFile.cmake",
  "lib/python3.8/site-packages/pyctest/share/cmake-3.13/Modules/CSharpUtilities.cmake",
  "lib/python3.8/site-packages/pyctest/share/cmake-3.13/Modules/CTest.cmake",
  "lib/python3.8/site-packages/pyctest/share/cmake-3.13/Modules/CTestCoverageCollectGCOV.cmake",
  "lib/python3.8/site-packages/pyctest/share/cmake-3.13/Modules/CTestScriptMode.cmake",
  "lib/python3.8/site-packages/pyctest/share/cmake-3.13/Modules/CTestTargets.cmake",
  "lib/python3.8/site-packages/pyctest/share/cmake-3.13/Modules/CTestUseLaunchers.cmake",
  "lib/python3.8/site-packages/pyctest/share/cmake-3.13/Modules/CheckCCompilerFlag.cmake",
  "lib/python3.8/site-packages/pyctest/share/cmake-3.13/Modules/CheckCSourceCompiles.cmake",
  "lib/python3.8/site-packages/pyctest/share/cmake-3.13/Modules/CheckCSourceRuns.cmake",
  "lib/python3.8/site-packages/pyctest/share/cmake-3.13/Modules/CheckCXXCompilerFlag.cmake",
  "lib/python3.8/site-packages/pyctest/share/cmake-3.13/Modules/CheckCXXSourceCompiles.cmake",
  "lib/python3.8/site-packages/pyctest/share/cmake-3.13/Modules/CheckCXXSourceRuns.cmake",
  "lib/python3.8/site-packages/pyctest/share/cmake-3.13/Modules/CheckCXXSymbolExists.cmake",
  "lib/python3.8/site-packages/pyctest/share/cmake-3.13/Modules/CheckForPthreads.c",
  "lib/python3.8/site-packages/pyctest/share/cmake-3.13/Modules/CheckFortranCompilerFlag.cmake",
  "lib/python3.8/site-packages/pyctest/share/cmake-3.13/Modules/CheckFortranFunctionExists.cmake",
  "lib/python3.8/site-packages/pyctest/share/cmake-3.13/Modules/CheckFortranSourceCompiles.cmake",
  "lib/python3.8/site-packages/pyctest/share/cmake-3.13/Modules/CheckFunctionExists.c",
  "lib/python3.8/site-packages/pyctest/share/cmake-3.13/Modules/CheckFunctionExists.cmake",
  "lib/python3.8/site-packages/pyctest/share/cmake-3.13/Modules/CheckIPOSupported.cmake",
  "lib/python3.8/site-packages/pyctest/share/cmake-3.13/Modules/CheckIPOSupported/CMakeLists-C.txt.in",
  "lib/python3.8/site-packages/pyctest/share/cmake-3.13/Modules/CheckIPOSupported/CMakeLists-CXX.txt.in",
  "lib/python3.8/site-packages/pyctest/share/cmake-3.13/Modules/CheckIPOSupported/CMakeLists-Fortran.txt.in",
  "lib/python3.8/site-packages/pyctest/share/cmake-3.13/Modules/CheckIPOSupported/foo.c",
  "lib/python3.8/site-packages/pyctest/share/cmake-3.13/Modules/CheckIPOSupported/foo.cpp",
  "lib/python3.8/site-packages/pyctest/share/cmake-3.13/Modules/CheckIPOSupported/foo.f",
  "lib/python3.8/site-packages/pyctest/share/cmake-3.13/Modules/CheckIPOSupported/main.c",
  "lib/python3.8/site-packages/pyctest/share/cmake-3.13/Modules/CheckIPOSupported/main.cpp",
  "lib/python3.8/site-packages/pyctest/share/cmake-3.13/Modules/CheckIPOSupported/main.f",
  "lib/python3.8/site-packages/pyctest/share/cmake-3.13/Modules/CheckIncludeFile.c.in",
  "lib/python3.8/site-packages/pyctest/share/cmake-3.13/Modules/CheckIncludeFile.cmake",
  "lib/python3.8/site-packages/pyctest/share/cmake-3.13/Modules/CheckIncludeFile.cxx.in",
  "lib/python3.8/site-packages/pyctest/share/cmake-3.13/Modules/CheckIncludeFileCXX.cmake",
  "lib/python3.8/site-packages/pyctest/share/cmake-3.13/Modules/CheckIncludeFiles.cmake",
  "lib/python3.8/site-packages/pyctest/share/cmake-3.13/Modules/CheckIncludeGuard.cmake",
  "lib/python3.8/site-packages/pyctest/share/cmake-3.13/Modules/CheckLanguage.cmake",
  "lib/python3.8/site-packages/pyctest/share/cmake-3.13/Modules/CheckLibraryExists.cmake",
  "lib/python3.8/site-packages/pyctest/share/cmake-3.13/Modules/CheckLibraryExists.lists.in",
  "lib/python3.8/site-packages/pyctest/share/cmake-3.13/Modules/CheckPrototypeDefinition.c.in",
  "lib/python3.8/site-packages/pyctest/share/cmake-3.13/Modules/CheckPrototypeDefinition.cmake",
  "lib/python3.8/site-packages/pyctest/share/cmake-3.13/Modules/CheckSizeOf.cmake",
  "lib/python3.8/site-packages/pyctest/share/cmake-3.13/Modules/CheckStructHasMember.cmake",
  "lib/python3.8/site-packages/pyctest/share/cmake-3.13/Modules/CheckSymbolExists.cmake",
  "lib/python3.8/site-packages/pyctest/share/cmake-3.13/Modules/CheckTypeSize.c.in",
  "lib/python3.8/site-packages/pyctest/share/cmake-3.13/Modules/CheckTypeSize.cmake",
  "lib/python3.8/site-packages/pyctest/share/cmake-3.13/Modules/CheckTypeSizeMap.cmake.in",
  "lib/python3.8/site-packages/pyctest/share/cmake-3.13/Modules/CheckVariableExists.c",
  "lib/python3.8/site-packages/pyctest/share/cmake-3.13/Modules/CheckVariableExists.cmake",
  "lib/python3.8/site-packages/pyctest/share/cmake-3.13/Modules/Compiler/ADSP-DetermineCompiler.cmake",
  "lib/python3.8/site-packages/pyctest/share/cmake-3.13/Modules/Compiler/ARMCC-ASM.cmake",
  "lib/python3.8/site-packages/pyctest/share/cmake-3.13/Modules/Compiler/ARMCC-C.cmake",
  "lib/python3.8/site-packages/pyctest/share/cmake-3.13/Modules/Compiler/ARMCC-CXX.cmake",
  "lib/python3.8/site-packages/pyctest/share/cmake-3.13/Modules/Compiler/ARMCC-DetermineCompiler.cmake",
  "lib/python3.8/site-packages/pyctest/share/cmake-3.13/Modules/Compiler/ARMCC.cmake",
  "lib/python3.8/site-packages/pyctest/share/cmake-3.13/Modules/Compiler/Absoft-Fortran.cmake",
  "lib/python3.8/site-packages/pyctest/share/cmake-3.13/Modules/Compiler/AppleClang-ASM.cmake",
  "lib/python3.8/site-packages/pyctest/share/cmake-3.13/Modules/Compiler/AppleClang-C-FeatureTests.cmake",
  "lib/python3.8/site-packages/pyctest/share/cmake-3.13/Modules/Compiler/AppleClang-C.cmake",
  "lib/python3.8/site-packages/pyctest/share/cmake-3.13/Modules/Compiler/AppleClang-CXX-FeatureTests.cmake",
  "lib/python3.8/site-packages/pyctest/share/cmake-3.13/Modules/Compiler/AppleClang-CXX.cmake",
  "lib/python3.8/site-packages/pyctest/share/cmake-3.13/Modules/Compiler/AppleClang-DetermineCompiler.cmake",
  "lib/python3.8/site-packages/pyctest/share/cmake-3.13/Modules/Compiler/Borland-DetermineCompiler.cmake",
  "lib/python3.8/site-packages/pyctest/share/cmake-3.13/Modules/Compiler/Bruce-C-DetermineCompiler.cmake",
  "lib/python3.8/site-packages/pyctest/share/cmake-3.13/Modules/Compiler/Bruce-C.cmake",
  "lib/python3.8/site-packages/pyctest/share/cmake-3.13/Modules/Compiler/CCur-Fortran.cmake",
  "lib/python3.8/site-packages/pyctest/share/cmake-3.13/Modules/Compiler/CMakeCommonCompilerMacros.cmake",
  "lib/python3.8/site-packages/pyctest/share/cmake-3.13/Modules/Compiler/Clang-ASM.cmake",
  "lib/python3.8/site-packages/pyctest/share/cmake-3.13/Modules/Compiler/Clang-C-FeatureTests.cmake",
  "lib/python3.8/site-packages/pyctest/share/cmake-3.13/Modules/Compiler/Clang-C.cmake",
  "lib/python3.8/site-packages/pyctest/share/cmake-3.13/Modules/Compiler/Clang-CXX-FeatureTests.cmake",
  "lib/python3.8/site-packages/pyctest/share/cmake-3.13/Modules/Compiler/Clang-CXX-TestableFeatures.cmake",
  "lib/python3.8/site-packages/pyctest/share/cmake-3.13/Modules/Compiler/Clang-CXX.cmake",
  "lib/python3.8/site-packages/pyctest/share/cmake-3.13/Modules/Compiler/Clang-DetermineCompiler.cmake",
  "lib/python3.8/site-packages/pyctest/share/cmake-3.13/Modules/Compiler/Clang-DetermineCompilerInternal.cmake",
  "lib/python3.8/site-packages/pyctest/share/cmake-3.13/Modules/Compiler/Clang-FindBinUtils.cmake",
  "lib/python3.8/site-packages/pyctest/share/cmake-3.13/Modules/Compiler/Clang.cmake",
  "lib/python3.8/site-packages/pyctest/share/cmake-3.13/Modules/Compiler/Comeau-CXX-DetermineCompiler.cmake",
  "lib/python3.8/site-packages/pyctest/share/cmake-3.13/Modules/Compiler/Compaq-C-DetermineCompiler.cmake",
  "lib/python3.8/site-packages/pyctest/share/cmake-3.13/Modules/Compiler/Compaq-CXX-DetermineCompiler.cmake",
  "lib/python3.8/site-packages/pyctest/share/cmake-3.13/Modules/Compiler/Cray-C.cmake",
  "lib/python3.8/site-packages/pyctest/share/cmake-3.13/Modules/Compiler/Cray-CXX.cmake",
  "lib/python3.8/site-packages/pyctest/share/cmake-3.13/Modules/Compiler/Cray-DetermineCompiler.cmake",
  "lib/python3.8/site-packages/pyctest/share/cmake-3.13/Modules/Compiler/Cray-Fortran.cmake",
  "lib/python3.8/site-packages/pyctest/share/cmake-3.13/Modules/Compiler/Cray.cmake",
  "lib/python3.8/site-packages/pyctest/share/cmake-3.13/Modules/Compiler/CrayPrgEnv-C.cmake",
  "lib/python3.8/site-packages/pyctest/share/cmake-3.13/Modules/Compiler/CrayPrgEnv-CXX.cmake",
  "lib/python3.8/site-packages/pyctest/share/cmake-3.13/Modules/Compiler/CrayPrgEnv-Cray-C.cmake",
  "lib/python3.8/site-packages/pyctest/share/cmake-3.13/Modules/Compiler/CrayPrgEnv-Cray-CXX.cmake",
  "lib/python3.8/site-packages/pyctest/share/cmake-3.13/Modules/Compiler/CrayPrgEnv-Cray-Fortran.cmake",
  "lib/python3.8/site-packages/pyctest/share/cmake-3.13/Modules/Compiler/CrayPrgEnv-Fortran.cmake",
  "lib/python3.8/site-packages/pyctest/share/cmake-3.13/Modules/Compiler/CrayPrgEnv-GNU-C.cmake",
  "lib/python3.8/site-packages/pyctest/share/cmake-3.13/Modules/Compiler/CrayPrgEnv-GNU-CXX.cmake",
  "lib/python3.8/site-packages/pyctest/share/cmake-3.13/Modules/Compiler/CrayPrgEnv-GNU-Fortran.cmake",
  "lib/python3.8/site-packages/pyctest/share/cmake-3.13/Modules/Compiler/CrayPrgEnv-Intel-C.cmake",
  "lib/python3.8/site-packages/pyctest/share/cmake-3.13/Modules/Compiler/CrayPrgEnv-Intel-CXX.cmake",
  "lib/python3.8/site-packages/pyctest/share/cmake-3.13/Modules/Compiler/CrayPrgEnv-Intel-Fortran.cmake",
  "lib/python3.8/site-packages/pyctest/share/cmake-3.13/Modules/Compiler/CrayPrgEnv-PGI-C.cmake",
  "lib/python3.8/site-packages/pyctest/share/cmake-3.13/Modules/Compiler/CrayPrgEnv-PGI-CXX.cmake",
  "lib/python3.8/site-packages/pyctest/share/cmake-3.13/Modules/Compiler/CrayPrgEnv-PGI-Fortran.cmake",
  "lib/python3.8/site-packages/pyctest/share/cmake-3.13/Modules/Compiler/CrayPrgEnv.cmake",
  "lib/python3.8/site-packages/pyctest/share/cmake-3.13/Modules/Compiler/Embarcadero-DetermineCompiler.cmake",
  "lib/python3.8/site-packages/pyctest/share/cmake-3.13/Modules/Compiler/Flang-FindBinUtils.cmake",
  "lib/python3.8/site-packages/pyctest/share/cmake-3.13/Modules/Compiler/Flang-Fortran.cmake",
  "lib/python3.8/site-packages/pyctest/share/cmake-3.13/Modules/Compiler/Fujitsu-DetermineCompiler.cmake",
  "lib/python3.8/site-packages/pyctest/share/cmake-3.13/Modules/Compiler/G95-Fortran.cmake",
  "lib/python3.8/site-packages/pyctest/share/cmake-3.13/Modules/Compiler/GHS-C.cmake",
  "lib/python3.8/site-packages/pyctest/share/cmake-3.13/Modules/Compiler/GHS-CXX.cmake",
  "lib/python3.8/site-packages/pyctest/share/cmake-3.13/Modules/Compiler/GHS-DetermineCompiler.cmake",
  "lib/python3.8/site-packages/pyctest/share/cmake-3.13/Modules/Compiler/GHS.cmake",
  "lib/python3.8/site-packages/pyctest/share/cmake-3.13/Modules/Compiler/GNU-ASM.cmake",
  "lib/python3.8/site-packages/pyctest/share/cmake-3.13/Modules/Compiler/GNU-C-DetermineCompiler.cmake",
  "lib/python3.8/site-packages/pyctest/share/cmake-3.13/Modules/Compiler/GNU-C-FeatureTests.cmake",
  "lib/python3.8/site-packages/pyctest/share/cmake-3.13/Modules/Compiler/GNU-C.cmake",
  "lib/python3.8/site-packages/pyctest/share/cmake-3.13/Modules/Compiler/GNU-CXX-DetermineCompiler.cmake",
  "lib/python3.8/site-packages/pyctest/share/cmake-3.13/Modules/Compiler/GNU-CXX-FeatureTests.cmake",
  "lib/python3.8/site-packages/pyctest/share/cmake-3.13/Modules/Compiler/GNU-CXX.cmake",
  "lib/python3.8/site-packages/pyctest/share/cmake-3.13/Modules/Compiler/GNU-FindBinUtils.cmake",
  "lib/python3.8/site-packages/pyctest/share/cmake-3.13/Modules/Compiler/GNU-Fortran.cmake",
  "lib/python3.8/site-packages/pyctest/share/cmake-3.13/Modules/Compiler/GNU.cmake",
  "lib/python3.8/site-packages/pyctest/share/cmake-3.13/Modules/Compiler/HP-ASM.cmake",
  "lib/python3.8/site-packages/pyctest/share/cmake-3.13/Modules/Compiler/HP-C-DetermineCompiler.cmake",
  "lib/python3.8/site-packages/pyctest/share/cmake-3.13/Modules/Compiler/HP-C.cmake",
  "lib/python3.8/site-packages/pyctest/share/cmake-3.13/Modules/Compiler/HP-CXX-DetermineCompiler.cmake",
  "lib/python3.8/site-packages/pyctest/share/cmake-3.13/Modules/Compiler/HP-CXX.cmake",
  "lib/python3.8/site-packages/pyctest/share/cmake-3.13/Modules/Compiler/HP-Fortran.cmake",
  "lib/python3.8/site-packages/pyctest/share/cmake-3.13/Modules/Compiler/IAR-ASM.cmake",
  "lib/python3.8/site-packages/pyctest/share/cmake-3.13/Modules/Compiler/IAR-C.cmake",
  "lib/python3.8/site-packages/pyctest/share/cmake-3.13/Modules/Compiler/IAR-CXX.cmake",
  "lib/python3.8/site-packages/pyctest/share/cmake-3.13/Modules/Compiler/IAR-DetermineCompiler.cmake",
  "lib/python3.8/site-packages/pyctest/share/cmake-3.13/Modules/Compiler/IAR-FindBinUtils.cmake",
  "lib/python3.8/site-packages/pyctest/share/cmake-3.13/Modules/Compiler/IAR.cmake",
  "lib/python3.8/site-packages/pyctest/share/cmake-3.13/Modules/Compiler/IBMCPP-C-DetermineVersionInternal.cmake",
  "lib/python3.8/site-packages/pyctest/share/cmake-3.13/Modules/Compiler/IBMCPP-CXX-DetermineVersionInternal.cmake",
  "lib/python3.8/site-packages/pyctest/share/cmake-3.13/Modules/Compiler/Intel-ASM.cmake",
  "lib/python3.8/site-packages/pyctest/share/cmake-3.13/Modules/Compiler/Intel-C-FeatureTests.cmake",
  "lib/python3.8/site-packages/pyctest/share/cmake-3.13/Modules/Compiler/Intel-C.cmake",
  "lib/python3.8/site-packages/pyctest/share/cmake-3.13/Modules/Compiler/Intel-CXX-FeatureTests.cmake",
  "lib/python3.8/site-packages/pyctest/share/cmake-3.13/Modules/Compiler/Intel-CXX.cmake",
  "lib/python3.8/site-packages/pyctest/share/cmake-3.13/Modules/Compiler/Intel-DetermineCompiler.cmake",
  "lib/python3.8/site-packages/pyctest/share/cmake-3.13/Modules/Compiler/Intel-Fortran.cmake",
  "lib/python3.8/site-packages/pyctest/share/cmake-3.13/Modules/Compiler/Intel.cmake",
  "lib/python3.8/site-packages/pyctest/share/cmake-3.13/Modules/Compiler/MIPSpro-C.cmake",
  "lib/python3.8/site-packages/pyctest/share/cmake-3.13/Modules/Compiler/MIPSpro-CXX.cmake",
  "lib/python3.8/site-packages/pyctest/share/cmake-3.13/Modules/Compiler/MIPSpro-DetermineCompiler.cmake",
  "lib/python3.8/site-packages/pyctest/share/cmake-3.13/Modules/Compiler/MIPSpro-Fortran.cmake",
  "lib/python3.8/site-packages/pyctest/share/cmake-3.13/Modules/Compiler/MSVC-ASM.cmake",
  "lib/python3.8/site-packages/pyctest/share/cmake-3.13/Modules/Compiler/MSVC-C-FeatureTests.cmake",
  "lib/python3.8/site-packages/pyctest/share/cmake-3.13/Modules/Compiler/MSVC-C.cmake",
  "lib/python3.8/site-packages/pyctest/share/cmake-3.13/Modules/Compiler/MSVC-CXX-FeatureTests.cmake",
  "lib/python3.8/site-packages/pyctest/share/cmake-3.13/Modules/Compiler/MSVC-CXX.cmake",
  "lib/python3.8/site-packages/pyctest/share/cmake-3.13/Modules/Compiler/MSVC-DetermineCompiler.cmake",
  "lib/python3.8/site-packages/pyctest/share/cmake-3.13/Modules/Compiler/NAG-Fortran.cmake",
  "lib/python3.8/site-packages/pyctest/share/cmake-3.13/Modules/Compiler/NVIDIA-CUDA.cmake",
  "lib/python3.8/site-packages/pyctest/share/cmake-3.13/Modules/Compiler/NVIDIA-DetermineCompiler.cmake",
  "lib/python3.8/site-packages/pyctest/share/cmake-3.13/Modules/Compiler/OpenWatcom-DetermineCompiler.cmake",
  "lib/python3.8/site-packages/pyctest/share/cmake-3.13/Modules/Compiler/PGI-C.cmake",
  "lib/python3.8/site-packages/pyctest/share/cmake-3.13/Modules/Compiler/PGI-CXX.cmake",
  "lib/python3.8/site-packages/pyctest/share/cmake-3.13/Modules/Compiler/PGI-DetermineCompiler.cmake",
  "lib/python3.8/site-packages/pyctest/share/cmake-3.13/Modules/Compiler/PGI-Fortran.cmake",
  "lib/python3.8/site-packages/pyctest/share/cmake-3.13/Modules/Compiler/PGI.cmake",
  "lib/python3.8/site-packages/pyctest/share/cmake-3.13/Modules/Compiler/PathScale-C.cmake",
  "lib/python3.8/site-packages/pyctest/share/cmake-3.13/Modules/Compiler/PathScale-CXX.cmake",
  "lib/python3.8/site-packages/pyctest/share/cmake-3.13/Modules/Compiler/PathScale-DetermineCompiler.cmake",
  "lib/python3.8/site-packages/pyctest/share/cmake-3.13/Modules/Compiler/PathScale-Fortran.cmake",
  "lib/python3.8/site-packages/pyctest/share/cmake-3.13/Modules/Compiler/PathScale.cmake",
  "lib/python3.8/site-packages/pyctest/share/cmake-3.13/Modules/Compiler/QCC-C.cmake",
  "lib/python3.8/site-packages/pyctest/share/cmake-3.13/Modules/Compiler/QCC-CXX.cmake",
  "lib/python3.8/site-packages/pyctest/share/cmake-3.13/Modules/Compiler/QCC.cmake",
  "lib/python3.8/site-packages/pyctest/share/cmake-3.13/Modules/Compiler/SCO-C.cmake",
  "lib/python3.8/site-packages/pyctest/share/cmake-3.13/Modules/Compiler/SCO-CXX.cmake",
  "lib/python3.8/site-packages/pyctest/share/cmake-3.13/Modules/Compiler/SCO-DetermineCompiler.cmake",
  "lib/python3.8/site-packages/pyctest/share/cmake-3.13/Modules/Compiler/SCO.cmake",
  "lib/python3.8/site-packages/pyctest/share/cmake-3.13/Modules/Compiler/SDCC-C-DetermineCompiler.cmake",
  "lib/python3.8/site-packages/pyctest/share/cmake-3.13/Modules/Compiler/SunPro-ASM.cmake",
  "lib/python3.8/site-packages/pyctest/share/cmake-3.13/Modules/Compiler/SunPro-C-DetermineCompiler.cmake",
  "lib/python3.8/site-packages/pyctest/share/cmake-3.13/Modules/Compiler/SunPro-C-FeatureTests.cmake",
  "lib/python3.8/site-packages/pyctest/share/cmake-3.13/Modules/Compiler/SunPro-C.cmake",
  "lib/python3.8/site-packages/pyctest/share/cmake-3.13/Modules/Compiler/SunPro-CXX-DetermineCompiler.cmake",
  "lib/python3.8/site-packages/pyctest/share/cmake-3.13/Modules/Compiler/SunPro-CXX-FeatureTests.cmake",
  "lib/python3.8/site-packages/pyctest/share/cmake-3.13/Modules/Compiler/SunPro-CXX.cmake",
  "lib/python3.8/site-packages/pyctest/share/cmake-3.13/Modules/Compiler/SunPro-Fortran.cmake",
  "lib/python3.8/site-packages/pyctest/share/cmake-3.13/Modules/Compiler/SunPro.cmake",
  "lib/python3.8/site-packages/pyctest/share/cmake-3.13/Modules/Compiler/TI-ASM.cmake",
  "lib/python3.8/site-packages/pyctest/share/cmake-3.13/Modules/Compiler/TI-C.cmake",
  "lib/python3.8/site-packages/pyctest/share/cmake-3.13/Modules/Compiler/TI-CXX.cmake",
  "lib/python3.8/site-packages/pyctest/share/cmake-3.13/Modules/Compiler/TI-DetermineCompiler.cmake",
  "lib/python3.8/site-packages/pyctest/share/cmake-3.13/Modules/Compiler/TinyCC-C-DetermineCompiler.cmake",
  "lib/python3.8/site-packages/pyctest/share/cmake-3.13/Modules/Compiler/TinyCC-C.cmake",
  "lib/python3.8/site-packages/pyctest/share/cmake-3.13/Modules/Compiler/VisualAge-C-DetermineCompiler.cmake",
  "lib/python3.8/site-packages/pyctest/share/cmake-3.13/Modules/Compiler/VisualAge-C.cmake",
  "lib/python3.8/site-packages/pyctest/share/cmake-3.13/Modules/Compiler/VisualAge-CXX-DetermineCompiler.cmake",
  "lib/python3.8/site-packages/pyctest/share/cmake-3.13/Modules/Compiler/VisualAge-CXX.cmake",
  "lib/python3.8/site-packages/pyctest/share/cmake-3.13/Modules/Compiler/VisualAge-Fortran.cmake",
  "lib/python3.8/site-packages/pyctest/share/cmake-3.13/Modules/Compiler/Watcom-DetermineCompiler.cmake",
  "lib/python3.8/site-packages/pyctest/share/cmake-3.13/Modules/Compiler/XL-ASM.cmake",
  "lib/python3.8/site-packages/pyctest/share/cmake-3.13/Modules/Compiler/XL-C-DetermineCompiler.cmake",
  "lib/python3.8/site-packages/pyctest/share/cmake-3.13/Modules/Compiler/XL-C.cmake",
  "lib/python3.8/site-packages/pyctest/share/cmake-3.13/Modules/Compiler/XL-CXX-DetermineCompiler.cmake",
  "lib/python3.8/site-packages/pyctest/share/cmake-3.13/Modules/Compiler/XL-CXX.cmake",
  "lib/python3.8/site-packages/pyctest/share/cmake-3.13/Modules/Compiler/XL-Fortran.cmake",
  "lib/python3.8/site-packages/pyctest/share/cmake-3.13/Modules/Compiler/XL.cmake",
  "lib/python3.8/site-packages/pyctest/share/cmake-3.13/Modules/Compiler/zOS-C-DetermineCompiler.cmake",
  "lib/python3.8/site-packages/pyctest/share/cmake-3.13/Modules/Compiler/zOS-CXX-DetermineCompiler.cmake",
  "lib/python3.8/site-packages/pyctest/share/cmake-3.13/Modules/CompilerId/VS-10.csproj.in",
  "lib/python3.8/site-packages/pyctest/share/cmake-3.13/Modules/CompilerId/VS-10.vcxproj.in",
  "lib/python3.8/site-packages/pyctest/share/cmake-3.13/Modules/CompilerId/VS-7.vcproj.in",
  "lib/python3.8/site-packages/pyctest/share/cmake-3.13/Modules/CompilerId/VS-Intel.vfproj.in",
  "lib/python3.8/site-packages/pyctest/share/cmake-3.13/Modules/CompilerId/VS-NsightTegra.vcxproj.in",
  "lib/python3.8/site-packages/pyctest/share/cmake-3.13/Modules/CompilerId/Xcode-3.pbxproj.in",
  "lib/python3.8/site-packages/pyctest/share/cmake-3.13/Modules/CompilerId/main.swift.in",
  "lib/python3.8/site-packages/pyctest/share/cmake-3.13/Modules/Dart.cmake",
  "lib/python3.8/site-packages/pyctest/share/cmake-3.13/Modules/DartConfiguration.tcl.in",
  "lib/python3.8/site-packages/pyctest/share/cmake-3.13/Modules/DeployQt4.cmake",
  "lib/python3.8/site-packages/pyctest/share/cmake-3.13/Modules/Documentation.cmake",
  "lib/python3.8/site-packages/pyctest/share/cmake-3.13/Modules/DummyCXXFile.cxx",
  "lib/python3.8/site-packages/pyctest/share/cmake-3.13/Modules/ExternalData.cmake",
  "lib/python3.8/site-packages/pyctest/share/cmake-3.13/Modules/ExternalData_config.cmake.in",
  "lib/python3.8/site-packages/pyctest/share/cmake-3.13/Modules/ExternalProject-download.cmake.in",
  "lib/python3.8/site-packages/pyctest/share/cmake-3.13/Modules/ExternalProject-verify.cmake.in",
  "lib/python3.8/site-packages/pyctest/share/cmake-3.13/Modules/ExternalProject.cmake",
  "lib/python3.8/site-packages/pyctest/share/cmake-3.13/Modules/FLTKCompatibility.cmake",
  "lib/python3.8/site-packages/pyctest/share/cmake-3.13/Modules/FeatureSummary.cmake",
  "lib/python3.8/site-packages/pyctest/share/cmake-3.13/Modules/FetchContent.cmake",
  "lib/python3.8/site-packages/pyctest/share/cmake-3.13/Modules/FetchContent/CMakeLists.cmake.in",
  "lib/python3.8/site-packages/pyctest/share/cmake-3.13/Modules/FindALSA.cmake",
  "lib/python3.8/site-packages/pyctest/share/cmake-3.13/Modules/FindASPELL.cmake",
  "lib/python3.8/site-packages/pyctest/share/cmake-3.13/Modules/FindAVIFile.cmake",
  "lib/python3.8/site-packages/pyctest/share/cmake-3.13/Modules/FindArmadillo.cmake",
  "lib/python3.8/site-packages/pyctest/share/cmake-3.13/Modules/FindBISON.cmake",
  "lib/python3.8/site-packages/pyctest/share/cmake-3.13/Modules/FindBLAS.cmake",
  "lib/python3.8/site-packages/pyctest/share/cmake-3.13/Modules/FindBZip2.cmake",
  "lib/python3.8/site-packages/pyctest/share/cmake-3.13/Modules/FindBacktrace.cmake",
  "lib/python3.8/site-packages/pyctest/share/cmake-3.13/Modules/FindBoost.cmake",
  "lib/python3.8/site-packages/pyctest/share/cmake-3.13/Modules/FindBullet.cmake",
  "lib/python3.8/site-packages/pyctest/share/cmake-3.13/Modules/FindCABLE.cmake",
  "lib/python3.8/site-packages/pyctest/share/cmake-3.13/Modules/FindCUDA.cmake",
  "lib/python3.8/site-packages/pyctest/share/cmake-3.13/Modules/FindCUDA/make2cmake.cmake",
  "lib/python3.8/site-packages/pyctest/share/cmake-3.13/Modules/FindCUDA/parse_cubin.cmake",
  "lib/python3.8/site-packages/pyctest/share/cmake-3.13/Modules/FindCUDA/run_nvcc.cmake",
  "lib/python3.8/site-packages/pyctest/share/cmake-3.13/Modules/FindCUDA/select_compute_arch.cmake",
  "lib/python3.8/site-packages/pyctest/share/cmake-3.13/Modules/FindCURL.cmake",
  "lib/python3.8/site-packages/pyctest/share/cmake-3.13/Modules/FindCVS.cmake",
  "lib/python3.8/site-packages/pyctest/share/cmake-3.13/Modules/FindCoin3D.cmake",
  "lib/python3.8/site-packages/pyctest/share/cmake-3.13/Modules/FindCups.cmake",
  "lib/python3.8/site-packages/pyctest/share/cmake-3.13/Modules/FindCurses.cmake",
  "lib/python3.8/site-packages/pyctest/share/cmake-3.13/Modules/FindCxxTest.cmake",
  "lib/python3.8/site-packages/pyctest/share/cmake-3.13/Modules/FindCygwin.cmake",
  "lib/python3.8/site-packages/pyctest/share/cmake-3.13/Modules/FindDCMTK.cmake",
  "lib/python3.8/site-packages/pyctest/share/cmake-3.13/Modules/FindDart.cmake",
  "lib/python3.8/site-packages/pyctest/share/cmake-3.13/Modules/FindDevIL.cmake",
  "lib/python3.8/site-packages/pyctest/share/cmake-3.13/Modules/FindDoxygen.cmake",
  "lib/python3.8/site-packages/pyctest/share/cmake-3.13/Modules/FindEXPAT.cmake",
  "lib/python3.8/site-packages/pyctest/share/cmake-3.13/Modules/FindFLEX.cmake",
  "lib/python3.8/site-packages/pyctest/share/cmake-3.13/Modules/FindFLTK.cmake",
  "lib/python3.8/site-packages/pyctest/share/cmake-3.13/Modules/FindFLTK2.cmake",
  "lib/python3.8/site-packages/pyctest/share/cmake-3.13/Modules/FindFreetype.cmake",
  "lib/python3.8/site-packages/pyctest/share/cmake-3.13/Modules/FindGCCXML.cmake",
  "lib/python3.8/site-packages/pyctest/share/cmake-3.13/Modules/FindGDAL.cmake",
  "lib/python3.8/site-packages/pyctest/share/cmake-3.13/Modules/FindGIF.cmake",
  "lib/python3.8/site-packages/pyctest/share/cmake-3.13/Modules/FindGLEW.cmake",
  "lib/python3.8/site-packages/pyctest/share/cmake-3.13/Modules/FindGLU.cmake",
  "lib/python3.8/site-packages/pyctest/share/cmake-3.13/Modules/FindGLUT.cmake",
  "lib/python3.8/site-packages/pyctest/share/cmake-3.13/Modules/FindGSL.cmake",
  "lib/python3.8/site-packages/pyctest/share/cmake-3.13/Modules/FindGTK.cmake",
  "lib/python3.8/site-packages/pyctest/share/cmake-3.13/Modules/FindGTK2.cmake",
  "lib/python3.8/site-packages/pyctest/share/cmake-3.13/Modules/FindGTest.cmake",
  "lib/python3.8/site-packages/pyctest/share/cmake-3.13/Modules/FindGettext.cmake",
  "lib/python3.8/site-packages/pyctest/share/cmake-3.13/Modules/FindGit.cmake",
  "lib/python3.8/site-packages/pyctest/share/cmake-3.13/Modules/FindGnuTLS.cmake",
  "lib/python3.8/site-packages/pyctest/share/cmake-3.13/Modules/FindGnuplot.cmake",
  "lib/python3.8/site-packages/pyctest/share/cmake-3.13/Modules/FindHDF5.cmake",
  "lib/python3.8/site-packages/pyctest/share/cmake-3.13/Modules/FindHSPELL.cmake",
  "lib/python3.8/site-packages/pyctest/share/cmake-3.13/Modules/FindHTMLHelp.cmake",
  "lib/python3.8/site-packages/pyctest/share/cmake-3.13/Modules/FindHg.cmake",
  "lib/python3.8/site-packages/pyctest/share/cmake-3.13/Modules/FindICU.cmake",
  "lib/python3.8/site-packages/pyctest/share/cmake-3.13/Modules/FindIce.cmake",
  "lib/python3.8/site-packages/pyctest/share/cmake-3.13/Modules/FindIconv.cmake",
  "lib/python3.8/site-packages/pyctest/share/cmake-3.13/Modules/FindIcotool.cmake",
  "lib/python3.8/site-packages/pyctest/share/cmake-3.13/Modules/FindImageMagick.cmake",
  "lib/python3.8/site-packages/pyctest/share/cmake-3.13/Modules/FindIntl.cmake",
  "lib/python3.8/site-packages/pyctest/share/cmake-3.13/Modules/FindJNI.cmake",
  "lib/python3.8/site-packages/pyctest/share/cmake-3.13/Modules/FindJPEG.cmake",
  "lib/python3.8/site-packages/pyctest/share/cmake-3.13/Modules/FindJasper.cmake",
  "lib/python3.8/site-packages/pyctest/share/cmake-3.13/Modules/FindJava.cmake",
  "lib/python3.8/site-packages/pyctest/share/cmake-3.13/Modules/FindKDE3.cmake",
  "lib/python3.8/site-packages/pyctest/share/cmake-3.13/Modules/FindKDE4.cmake",
  "lib/python3.8/site-packages/pyctest/share/cmake-3.13/Modules/FindLAPACK.cmake",
  "lib/python3.8/site-packages/pyctest/share/cmake-3.13/Modules/FindLATEX.cmake",
  "lib/python3.8/site-packages/pyctest/share/cmake-3.13/Modules/FindLTTngUST.cmake",
  "lib/python3.8/site-packages/pyctest/share/cmake-3.13/Modules/FindLibArchive.cmake",
  "lib/python3.8/site-packages/pyctest/share/cmake-3.13/Modules/FindLibLZMA.cmake",
  "lib/python3.8/site-packages/pyctest/share/cmake-3.13/Modules/FindLibXml2.cmake",
  "lib/python3.8/site-packages/pyctest/share/cmake-3.13/Modules/FindLibXslt.cmake",
  "lib/python3.8/site-packages/pyctest/share/cmake-3.13/Modules/FindLua.cmake",
  "lib/python3.8/site-packages/pyctest/share/cmake-3.13/Modules/FindLua50.cmake",
  "lib/python3.8/site-packages/pyctest/share/cmake-3.13/Modules/FindLua51.cmake",
  "lib/python3.8/site-packages/pyctest/share/cmake-3.13/Modules/FindMFC.cmake",
  "lib/python3.8/site-packages/pyctest/share/cmake-3.13/Modules/FindMPEG.cmake",
  "lib/python3.8/site-packages/pyctest/share/cmake-3.13/Modules/FindMPEG2.cmake",
  "lib/python3.8/site-packages/pyctest/share/cmake-3.13/Modules/FindMPI.cmake",
  "lib/python3.8/site-packages/pyctest/share/cmake-3.13/Modules/FindMPI/fortranparam_mpi.f90.in",
  "lib/python3.8/site-packages/pyctest/share/cmake-3.13/Modules/FindMPI/libver_mpi.c",
  "lib/python3.8/site-packages/pyctest/share/cmake-3.13/Modules/FindMPI/libver_mpi.f90.in",
  "lib/python3.8/site-packages/pyctest/share/cmake-3.13/Modules/FindMPI/mpiver.f90.in",
  "lib/python3.8/site-packages/pyctest/share/cmake-3.13/Modules/FindMPI/test_mpi.c",
  "lib/python3.8/site-packages/pyctest/share/cmake-3.13/Modules/FindMPI/test_mpi.f90.in",
  "lib/python3.8/site-packages/pyctest/share/cmake-3.13/Modules/FindMatlab.cmake",
  "lib/python3.8/site-packages/pyctest/share/cmake-3.13/Modules/FindMotif.cmake",
  "lib/python3.8/site-packages/pyctest/share/cmake-3.13/Modules/FindODBC.cmake",
  "lib/python3.8/site-packages/pyctest/share/cmake-3.13/Modules/FindOpenACC.cmake",
  "lib/python3.8/site-packages/pyctest/share/cmake-3.13/Modules/FindOpenAL.cmake",
  "lib/python3.8/site-packages/pyctest/share/cmake-3.13/Modules/FindOpenCL.cmake",
  "lib/python3.8/site-packages/pyctest/share/cmake-3.13/Modules/FindOpenGL.cmake",
  "lib/python3.8/site-packages/pyctest/share/cmake-3.13/Modules/FindOpenMP.cmake",
  "lib/python3.8/site-packages/pyctest/share/cmake-3.13/Modules/FindOpenSSL.cmake",
  "lib/python3.8/site-packages/pyctest/share/cmake-3.13/Modules/FindOpenSceneGraph.cmake",
  "lib/python3.8/site-packages/pyctest/share/cmake-3.13/Modules/FindOpenThreads.cmake",
  "lib/python3.8/site-packages/pyctest/share/cmake-3.13/Modules/FindPHP4.cmake",
  "lib/python3.8/site-packages/pyctest/share/cmake-3.13/Modules/FindPNG.cmake",
  "lib/python3.8/site-packages/pyctest/share/cmake-3.13/Modules/FindPackageHandleStandardArgs.cmake",
  "lib/python3.8/site-packages/pyctest/share/cmake-3.13/Modules/FindPackageMessage.cmake",
  "lib/python3.8/site-packages/pyctest/share/cmake-3.13/Modules/FindPatch.cmake",
  "lib/python3.8/site-packages/pyctest/share/cmake-3.13/Modules/FindPerl.cmake",
  "lib/python3.8/site-packages/pyctest/share/cmake-3.13/Modules/FindPerlLibs.cmake",
  "lib/python3.8/site-packages/pyctest/share/cmake-3.13/Modules/FindPhysFS.cmake",
  "lib/python3.8/site-packages/pyctest/share/cmake-3.13/Modules/FindPike.cmake",
  "lib/python3.8/site-packages/pyctest/share/cmake-3.13/Modules/FindPkgConfig.cmake",
  "lib/python3.8/site-packages/pyctest/share/cmake-3.13/Modules/FindPostgreSQL.cmake",
  "lib/python3.8/site-packages/pyctest/share/cmake-3.13/Modules/FindProducer.cmake",
  "lib/python3.8/site-packages/pyctest/share/cmake-3.13/Modules/FindProtobuf.cmake",
  "lib/python3.8/site-packages/pyctest/share/cmake-3.13/Modules/FindPython.cmake",
  "lib/python3.8/site-packages/pyctest/share/cmake-3.13/Modules/FindPython/Support.cmake",
  "lib/python3.8/site-packages/pyctest/share/cmake-3.13/Modules/FindPython2.cmake",
  "lib/python3.8/site-packages/pyctest/share/cmake-3.13/Modules/FindPython3.cmake",
  "lib/python3.8/site-packages/pyctest/share/cmake-3.13/Modules/FindPythonInterp.cmake",
  "lib/python3.8/site-packages/pyctest/share/cmake-3.13/Modules/FindPythonLibs.cmake",
  "lib/python3.8/site-packages/pyctest/share/cmake-3.13/Modules/FindQt.cmake",
  "lib/python3.8/site-packages/pyctest/share/cmake-3.13/Modules/FindQt3.cmake",
  "lib/python3.8/site-packages/pyctest/share/cmake-3.13/Modules/FindQt4.cmake",
  "lib/python3.8/site-packages/pyctest/share/cmake-3.13/Modules/FindQuickTime.cmake",
  "lib/python3.8/site-packages/pyctest/share/cmake-3.13/Modules/FindRTI.cmake",
  "lib/python3.8/site-packages/pyctest/share/cmake-3.13/Modules/FindRuby.cmake",
  "lib/python3.8/site-packages/pyctest/share/cmake-3.13/Modules/FindSDL.cmake",
  "lib/python3.8/site-packages/pyctest/share/cmake-3.13/Modules/FindSDL_image.cmake",
  "lib/python3.8/site-packages/pyctest/share/cmake-3.13/Modules/FindSDL_mixer.cmake",
  "lib/python3.8/site-packages/pyctest/share/cmake-3.13/Modules/FindSDL_net.cmake",
  "lib/python3.8/site-packages/pyctest/share/cmake-3.13/Modules/FindSDL_sound.cmake",
  "lib/python3.8/site-packages/pyctest/share/cmake-3.13/Modules/FindSDL_ttf.cmake",
  "lib/python3.8/site-packages/pyctest/share/cmake-3.13/Modules/FindSWIG.cmake",
  "lib/python3.8/site-packages/pyctest/share/cmake-3.13/Modules/FindSelfPackers.cmake",
  "lib/python3.8/site-packages/pyctest/share/cmake-3.13/Modules/FindSquish.cmake",
  "lib/python3.8/site-packages/pyctest/share/cmake-3.13/Modules/FindSubversion.cmake",
  "lib/python3.8/site-packages/pyctest/share/cmake-3.13/Modules/FindTCL.cmake",
  "lib/python3.8/site-packages/pyctest/share/cmake-3.13/Modules/FindTIFF.cmake",
  "lib/python3.8/site-packages/pyctest/share/cmake-3.13/Modules/FindTclStub.cmake",
  "lib/python3.8/site-packages/pyctest/share/cmake-3.13/Modules/FindTclsh.cmake",
  "lib/python3.8/site-packages/pyctest/share/cmake-3.13/Modules/FindThreads.cmake",
  "lib/python3.8/site-packages/pyctest/share/cmake-3.13/Modules/FindUnixCommands.cmake",
  "lib/python3.8/site-packages/pyctest/share/cmake-3.13/Modules/FindVulkan.cmake",
  "lib/python3.8/site-packages/pyctest/share/cmake-3.13/Modules/FindWget.cmake",
  "lib/python3.8/site-packages/pyctest/share/cmake-3.13/Modules/FindWish.cmake",
  "lib/python3.8/site-packages/pyctest/share/cmake-3.13/Modules/FindX11.cmake",
  "lib/python3.8/site-packages/pyctest/share/cmake-3.13/Modules/FindXCTest.cmake",
  "lib/python3.8/site-packages/pyctest/share/cmake-3.13/Modules/FindXMLRPC.cmake",
  "lib/python3.8/site-packages/pyctest/share/cmake-3.13/Modules/FindXalanC.cmake",
  "lib/python3.8/site-packages/pyctest/share/cmake-3.13/Modules/FindXercesC.cmake",
  "lib/python3.8/site-packages/pyctest/share/cmake-3.13/Modules/FindZLIB.cmake",
  "lib/python3.8/site-packages/pyctest/share/cmake-3.13/Modules/Findosg.cmake",
  "lib/python3.8/site-packages/pyctest/share/cmake-3.13/Modules/FindosgAnimation.cmake",
  "lib/python3.8/site-packages/pyctest/share/cmake-3.13/Modules/FindosgDB.cmake",
  "lib/python3.8/site-packages/pyctest/share/cmake-3.13/Modules/FindosgFX.cmake",
  "lib/python3.8/site-packages/pyctest/share/cmake-3.13/Modules/FindosgGA.cmake",
  "lib/python3.8/site-packages/pyctest/share/cmake-3.13/Modules/FindosgIntrospection.cmake",
  "lib/python3.8/site-packages/pyctest/share/cmake-3.13/Modules/FindosgManipulator.cmake",
  "lib/python3.8/site-packages/pyctest/share/cmake-3.13/Modules/FindosgParticle.cmake",
  "lib/python3.8/site-packages/pyctest/share/cmake-3.13/Modules/FindosgPresentation.cmake",
  "lib/python3.8/site-packages/pyctest/share/cmake-3.13/Modules/FindosgProducer.cmake",
  "lib/python3.8/site-packages/pyctest/share/cmake-3.13/Modules/FindosgQt.cmake",
  "lib/python3.8/site-packages/pyctest/share/cmake-3.13/Modules/FindosgShadow.cmake",
  "lib/python3.8/site-packages/pyctest/share/cmake-3.13/Modules/FindosgSim.cmake",
  "lib/python3.8/site-packages/pyctest/share/cmake-3.13/Modules/FindosgTerrain.cmake",
  "lib/python3.8/site-packages/pyctest/share/cmake-3.13/Modules/FindosgText.cmake",
  "lib/python3.8/site-packages/pyctest/share/cmake-3.13/Modules/FindosgUtil.cmake",
  "lib/python3.8/site-packages/pyctest/share/cmake-3.13/Modules/FindosgViewer.cmake",
  "lib/python3.8/site-packages/pyctest/share/cmake-3.13/Modules/FindosgVolume.cmake",
  "lib/python3.8/site-packages/pyctest/share/cmake-3.13/Modules/FindosgWidget.cmake",
  "lib/python3.8/site-packages/pyctest/share/cmake-3.13/Modules/Findosg_functions.cmake",
  "lib/python3.8/site-packages/pyctest/share/cmake-3.13/Modules/FindwxWidgets.cmake",
  "lib/python3.8/site-packages/pyctest/share/cmake-3.13/Modules/FindwxWindows.cmake",
  "lib/python3.8/site-packages/pyctest/share/cmake-3.13/Modules/FortranCInterface.cmake",
  "lib/python3.8/site-packages/pyctest/share/cmake-3.13/Modules/FortranCInterface/Detect.cmake",
  "lib/python3.8/site-packages/pyctest/share/cmake-3.13/Modules/FortranCInterface/Input.cmake.in",
  "lib/python3.8/site-packages/pyctest/share/cmake-3.13/Modules/FortranCInterface/MYMODULE.c",
  "lib/python3.8/site-packages/pyctest/share/cmake-3.13/Modules/FortranCInterface/MY_MODULE.c",
  "lib/python3.8/site-packages/pyctest/share/cmake-3.13/Modules/FortranCInterface/Macro.h.in",
  "lib/python3.8/site-packages/pyctest/share/cmake-3.13/Modules/FortranCInterface/Output.cmake.in",
  "lib/python3.8/site-packages/pyctest/share/cmake-3.13/Modules/FortranCInterface/Verify/VerifyC.c",
  "lib/python3.8/site-packages/pyctest/share/cmake-3.13/Modules/FortranCInterface/Verify/VerifyCXX.cxx",
  "lib/python3.8/site-packages/pyctest/share/cmake-3.13/Modules/FortranCInterface/Verify/VerifyFortran.f",
  "lib/python3.8/site-packages/pyctest/share/cmake-3.13/Modules/FortranCInterface/Verify/main.c",
  "lib/python3.8/site-packages/pyctest/share/cmake-3.13/Modules/FortranCInterface/call_mod.f90",
  "lib/python3.8/site-packages/pyctest/share/cmake-3.13/Modules/FortranCInterface/call_sub.f",
  "lib/python3.8/site-packages/pyctest/share/cmake-3.13/Modules/FortranCInterface/main.F",
  "lib/python3.8/site-packages/pyctest/share/cmake-3.13/Modules/FortranCInterface/my_module.f90",
  "lib/python3.8/site-packages/pyctest/share/cmake-3.13/Modules/FortranCInterface/my_module_.c",
  "lib/python3.8/site-packages/pyctest/share/cmake-3.13/Modules/FortranCInterface/my_sub.f",
  "lib/python3.8/site-packages/pyctest/share/cmake-3.13/Modules/FortranCInterface/mymodule.f90",
  "lib/python3.8/site-packages/pyctest/share/cmake-3.13/Modules/FortranCInterface/mymodule_.c",
  "lib/python3.8/site-packages/pyctest/share/cmake-3.13/Modules/FortranCInterface/mysub.f",
  "lib/python3.8/site-packages/pyctest/share/cmake-3.13/Modules/FortranCInterface/symbol.c.in",
  "lib/python3.8/site-packages/pyctest/share/cmake-3.13/Modules/GNUInstallDirs.cmake",
  "lib/python3.8/site-packages/pyctest/share/cmake-3.13/Modules/GenerateExportHeader.cmake",
  "lib/python3.8/site-packages/pyctest/share/cmake-3.13/Modules/GetPrerequisites.cmake",
  "lib/python3.8/site-packages/pyctest/share/cmake-3.13/Modules/GoogleTest.cmake",
  "lib/python3.8/site-packages/pyctest/share/cmake-3.13/Modules/GoogleTestAddTests.cmake",
  "lib/python3.8/site-packages/pyctest/share/cmake-3.13/Modules/ITKCompatibility.cmake",
  "lib/python3.8/site-packages/pyctest/share/cmake-3.13/Modules/InstallRequiredSystemLibraries.cmake",
  "lib/python3.8/site-packages/pyctest/share/cmake-3.13/Modules/IntelVSImplicitPath/detect.cmake",
  "lib/python3.8/site-packages/pyctest/share/cmake-3.13/Modules/IntelVSImplicitPath/hello.f",
  "lib/python3.8/site-packages/pyctest/share/cmake-3.13/Modules/Internal/CPack/CPackDeb.cmake",
  "lib/python3.8/site-packages/pyctest/share/cmake-3.13/Modules/Internal/CPack/CPackExternal.cmake",
  "lib/python3.8/site-packages/pyctest/share/cmake-3.13/Modules/Internal/CPack/CPackFreeBSD.cmake",
  "lib/python3.8/site-packages/pyctest/share/cmake-3.13/Modules/Internal/CPack/CPackNuGet.cmake",
  "lib/python3.8/site-packages/pyctest/share/cmake-3.13/Modules/Internal/CPack/CPackRPM.cmake",
  "lib/python3.8/site-packages/pyctest/share/cmake-3.13/Modules/Internal/CPack/CPackWIX.cmake",
  "lib/python3.8/site-packages/pyctest/share/cmake-3.13/Modules/Internal/CPack/CPackZIP.cmake",
  "lib/python3.8/site-packages/pyctest/share/cmake-3.13/Modules/Internal/FeatureTesting.cmake",
  "lib/python3.8/site-packages/pyctest/share/cmake-3.13/Modules/KDE3Macros.cmake",
  "lib/python3.8/site-packages/pyctest/share/cmake-3.13/Modules/MacOSXBundleInfo.plist.in",
  "lib/python3.8/site-packages/pyctest/share/cmake-3.13/Modules/MacOSXFrameworkInfo.plist.in",
  "lib/python3.8/site-packages/pyctest/share/cmake-3.13/Modules/MacroAddFileDependencies.cmake",
  "lib/python3.8/site-packages/pyctest/share/cmake-3.13/Modules/MatlabTestsRedirect.cmake",
  "lib/python3.8/site-packages/pyctest/share/cmake-3.13/Modules/NSIS.InstallOptions.ini.in",
  "lib/python3.8/site-packages/pyctest/share/cmake-3.13/Modules/NSIS.template.in",
  "lib/python3.8/site-packages/pyctest/share/cmake-3.13/Modules/Platform/AIX-Clang-C.cmake",
  "lib/python3.8/site-packages/pyctest/share/cmake-3.13/Modules/Platform/AIX-Clang-CXX.cmake",
  "lib/python3.8/site-packages/pyctest/share/cmake-3.13/Modules/Platform/AIX-GNU-ASM.cmake",
  "lib/python3.8/site-packages/pyctest/share/cmake-3.13/Modules/Platform/AIX-GNU-C.cmake",
  "lib/python3.8/site-packages/pyctest/share/cmake-3.13/Modules/Platform/AIX-GNU-CXX.cmake",
  "lib/python3.8/site-packages/pyctest/share/cmake-3.13/Modules/Platform/AIX-GNU-Fortran.cmake",
  "lib/python3.8/site-packages/pyctest/share/cmake-3.13/Modules/Platform/AIX-GNU.cmake",
  "lib/python3.8/site-packages/pyctest/share/cmake-3.13/Modules/Platform/AIX-VisualAge-C.cmake",
  "lib/python3.8/site-packages/pyctest/share/cmake-3.13/Modules/Platform/AIX-VisualAge-CXX.cmake",
  "lib/python3.8/site-packages/pyctest/share/cmake-3.13/Modules/Platform/AIX-VisualAge-Fortran.cmake",
  "lib/python3.8/site-packages/pyctest/share/cmake-3.13/Modules/Platform/AIX-XL-ASM.cmake",
  "lib/python3.8/site-packages/pyctest/share/cmake-3.13/Modules/Platform/AIX-XL-C.cmake",
  "lib/python3.8/site-packages/pyctest/share/cmake-3.13/Modules/Platform/AIX-XL-CXX.cmake",
  "lib/python3.8/site-packages/pyctest/share/cmake-3.13/Modules/Platform/AIX-XL-Fortran.cmake",
  "lib/python3.8/site-packages/pyctest/share/cmake-3.13/Modules/Platform/AIX-XL.cmake",
  "lib/python3.8/site-packages/pyctest/share/cmake-3.13/Modules/Platform/AIX.cmake",
  "lib/python3.8/site-packages/pyctest/share/cmake-3.13/Modules/Platform/ARTOS-GNU-C.cmake",
  "lib/python3.8/site-packages/pyctest/share/cmake-3.13/Modules/Platform/ARTOS.cmake",
  "lib/python3.8/site-packages/pyctest/share/cmake-3.13/Modules/Platform/Android-Clang-ASM.cmake",
  "lib/python3.8/site-packages/pyctest/share/cmake-3.13/Modules/Platform/Android-Clang-C.cmake",
  "lib/python3.8/site-packages/pyctest/share/cmake-3.13/Modules/Platform/Android-Clang-CXX.cmake",
  "lib/python3.8/site-packages/pyctest/share/cmake-3.13/Modules/Platform/Android-Clang.cmake",
  "lib/python3.8/site-packages/pyctest/share/cmake-3.13/Modules/Platform/Android-Common.cmake",
  "lib/python3.8/site-packages/pyctest/share/cmake-3.13/Modules/Platform/Android-Determine-C.cmake",
  "lib/python3.8/site-packages/pyctest/share/cmake-3.13/Modules/Platform/Android-Determine-CXX.cmake",
  "lib/python3.8/site-packages/pyctest/share/cmake-3.13/Modules/Platform/Android-Determine.cmake",
  "lib/python3.8/site-packages/pyctest/share/cmake-3.13/Modules/Platform/Android-GNU-C.cmake",
  "lib/python3.8/site-packages/pyctest/share/cmake-3.13/Modules/Platform/Android-GNU-CXX.cmake",
  "lib/python3.8/site-packages/pyctest/share/cmake-3.13/Modules/Platform/Android-GNU.cmake",
  "lib/python3.8/site-packages/pyctest/share/cmake-3.13/Modules/Platform/Android-Initialize.cmake",
  "lib/python3.8/site-packages/pyctest/share/cmake-3.13/Modules/Platform/Android.cmake",
  "lib/python3.8/site-packages/pyctest/share/cmake-3.13/Modules/Platform/Android/Determine-Compiler-NDK.cmake",
  "lib/python3.8/site-packages/pyctest/share/cmake-3.13/Modules/Platform/Android/Determine-Compiler-Standalone.cmake",
  "lib/python3.8/site-packages/pyctest/share/cmake-3.13/Modules/Platform/Android/Determine-Compiler.cmake",
  "lib/python3.8/site-packages/pyctest/share/cmake-3.13/Modules/Platform/Android/abi-arm64-v8a-Clang.cmake",
  "lib/python3.8/site-packages/pyctest/share/cmake-3.13/Modules/Platform/Android/abi-arm64-v8a-GNU.cmake",
  "lib/python3.8/site-packages/pyctest/share/cmake-3.13/Modules/Platform/Android/abi-armeabi-Clang.cmake",
  "lib/python3.8/site-packages/pyctest/share/cmake-3.13/Modules/Platform/Android/abi-armeabi-GNU.cmake",
  "lib/python3.8/site-packages/pyctest/share/cmake-3.13/Modules/Platform/Android/abi-armeabi-v6-Clang.cmake",
  "lib/python3.8/site-packages/pyctest/share/cmake-3.13/Modules/Platform/Android/abi-armeabi-v6-GNU.cmake",
  "lib/python3.8/site-packages/pyctest/share/cmake-3.13/Modules/Platform/Android/abi-armeabi-v7a-Clang.cmake",
  "lib/python3.8/site-packages/pyctest/share/cmake-3.13/Modules/Platform/Android/abi-armeabi-v7a-GNU.cmake",
  "lib/python3.8/site-packages/pyctest/share/cmake-3.13/Modules/Platform/Android/abi-common-Clang.cmake",
  "lib/python3.8/site-packages/pyctest/share/cmake-3.13/Modules/Platform/Android/abi-common-GNU.cmake",
  "lib/python3.8/site-packages/pyctest/share/cmake-3.13/Modules/Platform/Android/abi-common.cmake",
  "lib/python3.8/site-packages/pyctest/share/cmake-3.13/Modules/Platform/Android/abi-mips-Clang.cmake",
  "lib/python3.8/site-packages/pyctest/share/cmake-3.13/Modules/Platform/Android/abi-mips-GNU.cmake",
  "lib/python3.8/site-packages/pyctest/share/cmake-3.13/Modules/Platform/Android/abi-mips64-Clang.cmake",
  "lib/python3.8/site-packages/pyctest/share/cmake-3.13/Modules/Platform/Android/abi-mips64-GNU.cmake",
  "lib/python3.8/site-packages/pyctest/share/cmake-3.13/Modules/Platform/Android/abi-x86-Clang.cmake",
  "lib/python3.8/site-packages/pyctest/share/cmake-3.13/Modules/Platform/Android/abi-x86-GNU.cmake",
  "lib/python3.8/site-packages/pyctest/share/cmake-3.13/Modules/Platform/Android/abi-x86_64-Clang.cmake",
  "lib/python3.8/site-packages/pyctest/share/cmake-3.13/Modules/Platform/Android/abi-x86_64-GNU.cmake",
  "lib/python3.8/site-packages/pyctest/share/cmake-3.13/Modules/Platform/Android/ndk-stl-c++.cmake",
  "lib/python3.8/site-packages/pyctest/share/cmake-3.13/Modules/Platform/Android/ndk-stl-c++_shared.cmake",
  "lib/python3.8/site-packages/pyctest/share/cmake-3.13/Modules/Platform/Android/ndk-stl-c++_static.cmake",
  "lib/python3.8/site-packages/pyctest/share/cmake-3.13/Modules/Platform/Android/ndk-stl-gabi++.cmake",
  "lib/python3.8/site-packages/pyctest/share/cmake-3.13/Modules/Platform/Android/ndk-stl-gabi++_shared.cmake",
  "lib/python3.8/site-packages/pyctest/share/cmake-3.13/Modules/Platform/Android/ndk-stl-gabi++_static.cmake",
  "lib/python3.8/site-packages/pyctest/share/cmake-3.13/Modules/Platform/Android/ndk-stl-gnustl.cmake",
  "lib/python3.8/site-packages/pyctest/share/cmake-3.13/Modules/Platform/Android/ndk-stl-gnustl_shared.cmake",
  "lib/python3.8/site-packages/pyctest/share/cmake-3.13/Modules/Platform/Android/ndk-stl-gnustl_static.cmake",
  "lib/python3.8/site-packages/pyctest/share/cmake-3.13/Modules/Platform/Android/ndk-stl-none.cmake",
  "lib/python3.8/site-packages/pyctest/share/cmake-3.13/Modules/Platform/Android/ndk-stl-stlport.cmake",
  "lib/python3.8/site-packages/pyctest/share/cmake-3.13/Modules/Platform/Android/ndk-stl-stlport_shared.cmake",
  "lib/python3.8/site-packages/pyctest/share/cmake-3.13/Modules/Platform/Android/ndk-stl-stlport_static.cmake",
  "lib/python3.8/site-packages/pyctest/share/cmake-3.13/Modules/Platform/Android/ndk-stl-system.cmake",
  "lib/python3.8/site-packages/pyctest/share/cmake-3.13/Modules/Platform/Apple-Absoft-Fortran.cmake",
  "lib/python3.8/site-packages/pyctest/share/cmake-3.13/Modules/Platform/Apple-AppleClang-C.cmake",
  "lib/python3.8/site-packages/pyctest/share/cmake-3.13/Modules/Platform/Apple-AppleClang-CXX.cmake",
  "lib/python3.8/site-packages/pyctest/share/cmake-3.13/Modules/Platform/Apple-Clang-C.cmake",
  "lib/python3.8/site-packages/pyctest/share/cmake-3.13/Modules/Platform/Apple-Clang-CXX.cmake",
  "lib/python3.8/site-packages/pyctest/share/cmake-3.13/Modules/Platform/Apple-Clang.cmake",
  "lib/python3.8/site-packages/pyctest/share/cmake-3.13/Modules/Platform/Apple-GNU-C.cmake",
  "lib/python3.8/site-packages/pyctest/share/cmake-3.13/Modules/Platform/Apple-GNU-CXX.cmake",
  "lib/python3.8/site-packages/pyctest/share/cmake-3.13/Modules/Platform/Apple-GNU-Fortran.cmake",
  "lib/python3.8/site-packages/pyctest/share/cmake-3.13/Modules/Platform/Apple-GNU.cmake",
  "lib/python3.8/site-packages/pyctest/share/cmake-3.13/Modules/Platform/Apple-Intel-C.cmake",
  "lib/python3.8/site-packages/pyctest/share/cmake-3.13/Modules/Platform/Apple-Intel-CXX.cmake",
  "lib/python3.8/site-packages/pyctest/share/cmake-3.13/Modules/Platform/Apple-Intel-Fortran.cmake",
  "lib/python3.8/site-packages/pyctest/share/cmake-3.13/Modules/Platform/Apple-Intel.cmake",
  "lib/python3.8/site-packages/pyctest/share/cmake-3.13/Modules/Platform/Apple-NAG-Fortran.cmake",
  "lib/python3.8/site-packages/pyctest/share/cmake-3.13/Modules/Platform/Apple-NVIDIA-CUDA.cmake",
  "lib/python3.8/site-packages/pyctest/share/cmake-3.13/Modules/Platform/Apple-PGI-C.cmake",
  "lib/python3.8/site-packages/pyctest/share/cmake-3.13/Modules/Platform/Apple-PGI-CXX.cmake",
  "lib/python3.8/site-packages/pyctest/share/cmake-3.13/Modules/Platform/Apple-PGI-Fortran.cmake",
  "lib/python3.8/site-packages/pyctest/share/cmake-3.13/Modules/Platform/Apple-PGI.cmake",
  "lib/python3.8/site-packages/pyctest/share/cmake-3.13/Modules/Platform/Apple-VisualAge-C.cmake",
  "lib/python3.8/site-packages/pyctest/share/cmake-3.13/Modules/Platform/Apple-VisualAge-CXX.cmake",
  "lib/python3.8/site-packages/pyctest/share/cmake-3.13/Modules/Platform/Apple-XL-C.cmake",
  "lib/python3.8/site-packages/pyctest/share/cmake-3.13/Modules/Platform/Apple-XL-CXX.cmake",
  "lib/python3.8/site-packages/pyctest/share/cmake-3.13/Modules/Platform/BSDOS.cmake",
  "lib/python3.8/site-packages/pyctest/share/cmake-3.13/Modules/Platform/BeOS.cmake",
  "lib/python3.8/site-packages/pyctest/share/cmake-3.13/Modules/Platform/BlueGeneL.cmake",
  "lib/python3.8/site-packages/pyctest/share/cmake-3.13/Modules/Platform/BlueGeneP-base.cmake",
  "lib/python3.8/site-packages/pyctest/share/cmake-3.13/Modules/Platform/BlueGeneP-dynamic-GNU-C.cmake",
  "lib/python3.8/site-packages/pyctest/share/cmake-3.13/Modules/Platform/BlueGeneP-dynamic-GNU-CXX.cmake",
  "lib/python3.8/site-packages/pyctest/share/cmake-3.13/Modules/Platform/BlueGeneP-dynamic-GNU-Fortran.cmake",
  "lib/python3.8/site-packages/pyctest/share/cmake-3.13/Modules/Platform/BlueGeneP-dynamic-XL-C.cmake",
  "lib/python3.8/site-packages/pyctest/share/cmake-3.13/Modules/Platform/BlueGeneP-dynamic-XL-CXX.cmake",
  "lib/python3.8/site-packages/pyctest/share/cmake-3.13/Modules/Platform/BlueGeneP-dynamic-XL-Fortran.cmake",
  "lib/python3.8/site-packages/pyctest/share/cmake-3.13/Modules/Platform/BlueGeneP-dynamic.cmake",
  "lib/python3.8/site-packages/pyctest/share/cmake-3.13/Modules/Platform/BlueGeneP-static-GNU-C.cmake",
  "lib/python3.8/site-packages/pyctest/share/cmake-3.13/Modules/Platform/BlueGeneP-static-GNU-CXX.cmake",
  "lib/python3.8/site-packages/pyctest/share/cmake-3.13/Modules/Platform/BlueGeneP-static-GNU-Fortran.cmake",
  "lib/python3.8/site-packages/pyctest/share/cmake-3.13/Modules/Platform/BlueGeneP-static-XL-C.cmake",
  "lib/python3.8/site-packages/pyctest/share/cmake-3.13/Modules/Platform/BlueGeneP-static-XL-CXX.cmake",
  "lib/python3.8/site-packages/pyctest/share/cmake-3.13/Modules/Platform/BlueGeneP-static-XL-Fortran.cmake",
  "lib/python3.8/site-packages/pyctest/share/cmake-3.13/Modules/Platform/BlueGeneP-static.cmake",
  "lib/python3.8/site-packages/pyctest/share/cmake-3.13/Modules/Platform/BlueGeneQ-base.cmake",
  "lib/python3.8/site-packages/pyctest/share/cmake-3.13/Modules/Platform/BlueGeneQ-dynamic-GNU-C.cmake",
  "lib/python3.8/site-packages/pyctest/share/cmake-3.13/Modules/Platform/BlueGeneQ-dynamic-GNU-CXX.cmake",
  "lib/python3.8/site-packages/pyctest/share/cmake-3.13/Modules/Platform/BlueGeneQ-dynamic-GNU-Fortran.cmake",
  "lib/python3.8/site-packages/pyctest/share/cmake-3.13/Modules/Platform/BlueGeneQ-dynamic-XL-C.cmake",
  "lib/python3.8/site-packages/pyctest/share/cmake-3.13/Modules/Platform/BlueGeneQ-dynamic-XL-CXX.cmake",
  "lib/python3.8/site-packages/pyctest/share/cmake-3.13/Modules/Platform/BlueGeneQ-dynamic-XL-Fortran.cmake",
  "lib/python3.8/site-packages/pyctest/share/cmake-3.13/Modules/Platform/BlueGeneQ-dynamic.cmake",
  "lib/python3.8/site-packages/pyctest/share/cmake-3.13/Modules/Platform/BlueGeneQ-static-GNU-C.cmake",
  "lib/python3.8/site-packages/pyctest/share/cmake-3.13/Modules/Platform/BlueGeneQ-static-GNU-CXX.cmake",
  "lib/python3.8/site-packages/pyctest/share/cmake-3.13/Modules/Platform/BlueGeneQ-static-GNU-Fortran.cmake",
  "lib/python3.8/site-packages/pyctest/share/cmake-3.13/Modules/Platform/BlueGeneQ-static-XL-C.cmake",
  "lib/python3.8/site-packages/pyctest/share/cmake-3.13/Modules/Platform/BlueGeneQ-static-XL-CXX.cmake",
  "lib/python3.8/site-packages/pyctest/share/cmake-3.13/Modules/Platform/BlueGeneQ-static-XL-Fortran.cmake",
  "lib/python3.8/site-packages/pyctest/share/cmake-3.13/Modules/Platform/BlueGeneQ-static.cmake",
  "lib/python3.8/site-packages/pyctest/share/cmake-3.13/Modules/Platform/CYGWIN-Clang-C.cmake",
  "lib/python3.8/site-packages/pyctest/share/cmake-3.13/Modules/Platform/CYGWIN-Clang-CXX.cmake",
  "lib/python3.8/site-packages/pyctest/share/cmake-3.13/Modules/Platform/CYGWIN-Determine-CXX.cmake",
  "lib/python3.8/site-packages/pyctest/share/cmake-3.13/Modules/Platform/CYGWIN-GNU-C.cmake",
  "lib/python3.8/site-packages/pyctest/share/cmake-3.13/Modules/Platform/CYGWIN-GNU-CXX.cmake",
  "lib/python3.8/site-packages/pyctest/share/cmake-3.13/Modules/Platform/CYGWIN-GNU-Fortran.cmake",
  "lib/python3.8/site-packages/pyctest/share/cmake-3.13/Modules/Platform/CYGWIN-GNU.cmake",
  "lib/python3.8/site-packages/pyctest/share/cmake-3.13/Modules/Platform/CYGWIN-windres.cmake",
  "lib/python3.8/site-packages/pyctest/share/cmake-3.13/Modules/Platform/CYGWIN.cmake",
  "lib/python3.8/site-packages/pyctest/share/cmake-3.13/Modules/Platform/Catamount.cmake",
  "lib/python3.8/site-packages/pyctest/share/cmake-3.13/Modules/Platform/CrayLinuxEnvironment.cmake",
  "lib/python3.8/site-packages/pyctest/share/cmake-3.13/Modules/Platform/Darwin-Determine-CXX.cmake",
  "lib/python3.8/site-packages/pyctest/share/cmake-3.13/Modules/Platform/Darwin-Initialize.cmake",
  "lib/python3.8/site-packages/pyctest/share/cmake-3.13/Modules/Platform/Darwin.cmake",
  "lib/python3.8/site-packages/pyctest/share/cmake-3.13/Modules/Platform/DragonFly.cmake",
  "lib/python3.8/site-packages/pyctest/share/cmake-3.13/Modules/Platform/Euros.cmake",
  "lib/python3.8/site-packages/pyctest/share/cmake-3.13/Modules/Platform/FreeBSD-Determine-CXX.cmake",
  "lib/python3.8/site-packages/pyctest/share/cmake-3.13/Modules/Platform/FreeBSD.cmake",
  "lib/python3.8/site-packages/pyctest/share/cmake-3.13/Modules/Platform/Fuchsia.cmake",
  "lib/python3.8/site-packages/pyctest/share/cmake-3.13/Modules/Platform/GHS-MULTI-Initialize.cmake",
  "lib/python3.8/site-packages/pyctest/share/cmake-3.13/Modules/Platform/GHS-MULTI.cmake",
  "lib/python3.8/site-packages/pyctest/share/cmake-3.13/Modules/Platform/GNU.cmake",
  "lib/python3.8/site-packages/pyctest/share/cmake-3.13/Modules/Platform/GNUtoMS_lib.bat.in",
  "lib/python3.8/site-packages/pyctest/share/cmake-3.13/Modules/Platform/GNUtoMS_lib.cmake",
  "lib/python3.8/site-packages/pyctest/share/cmake-3.13/Modules/Platform/Generic-ADSP-ASM.cmake",
  "lib/python3.8/site-packages/pyctest/share/cmake-3.13/Modules/Platform/Generic-ADSP-C.cmake",
  "lib/python3.8/site-packages/pyctest/share/cmake-3.13/Modules/Platform/Generic-ADSP-CXX.cmake",
  "lib/python3.8/site-packages/pyctest/share/cmake-3.13/Modules/Platform/Generic-ADSP-Common.cmake",
  "lib/python3.8/site-packages/pyctest/share/cmake-3.13/Modules/Platform/Generic-SDCC-C.cmake",
  "lib/python3.8/site-packages/pyctest/share/cmake-3.13/Modules/Platform/Generic.cmake",
  "lib/python3.8/site-packages/pyctest/share/cmake-3.13/Modules/Platform/HP-UX-GNU-ASM.cmake",
  "lib/python3.8/site-packages/pyctest/share/cmake-3.13/Modules/Platform/HP-UX-GNU-C.cmake",
  "lib/python3.8/site-packages/pyctest/share/cmake-3.13/Modules/Platform/HP-UX-GNU-CXX.cmake",
  "lib/python3.8/site-packages/pyctest/share/cmake-3.13/Modules/Platform/HP-UX-GNU-Fortran.cmake",
  "lib/python3.8/site-packages/pyctest/share/cmake-3.13/Modules/Platform/HP-UX-GNU.cmake",
  "lib/python3.8/site-packages/pyctest/share/cmake-3.13/Modules/Platform/HP-UX-HP-ASM.cmake",
  "lib/python3.8/site-packages/pyctest/share/cmake-3.13/Modules/Platform/HP-UX-HP-C.cmake",
  "lib/python3.8/site-packages/pyctest/share/cmake-3.13/Modules/Platform/HP-UX-HP-CXX.cmake",
  "lib/python3.8/site-packages/pyctest/share/cmake-3.13/Modules/Platform/HP-UX-HP-Fortran.cmake",
  "lib/python3.8/site-packages/pyctest/share/cmake-3.13/Modules/Platform/HP-UX-HP.cmake",
  "lib/python3.8/site-packages/pyctest/share/cmake-3.13/Modules/Platform/HP-UX.cmake",
  "lib/python3.8/site-packages/pyctest/share/cmake-3.13/Modules/Platform/Haiku.cmake",
  "lib/python3.8/site-packages/pyctest/share/cmake-3.13/Modules/Platform/IRIX.cmake",
  "lib/python3.8/site-packages/pyctest/share/cmake-3.13/Modules/Platform/IRIX64.cmake",
  "lib/python3.8/site-packages/pyctest/share/cmake-3.13/Modules/Platform/Linux-Absoft-Fortran.cmake",
  "lib/python3.8/site-packages/pyctest/share/cmake-3.13/Modules/Platform/Linux-CCur-Fortran.cmake",
  "lib/python3.8/site-packages/pyctest/share/cmake-3.13/Modules/Platform/Linux-Clang-C.cmake",
  "lib/python3.8/site-packages/pyctest/share/cmake-3.13/Modules/Platform/Linux-Clang-CXX.cmake",
  "lib/python3.8/site-packages/pyctest/share/cmake-3.13/Modules/Platform/Linux-Determine-CXX.cmake",
  "lib/python3.8/site-packages/pyctest/share/cmake-3.13/Modules/Platform/Linux-GNU-C.cmake",
  "lib/python3.8/site-packages/pyctest/share/cmake-3.13/Modules/Platform/Linux-GNU-CXX.cmake",
  "lib/python3.8/site-packages/pyctest/share/cmake-3.13/Modules/Platform/Linux-GNU-Fortran.cmake",
  "lib/python3.8/site-packages/pyctest/share/cmake-3.13/Modules/Platform/Linux-GNU.cmake",
  "lib/python3.8/site-packages/pyctest/share/cmake-3.13/Modules/Platform/Linux-Intel-C.cmake",
  "lib/python3.8/site-packages/pyctest/share/cmake-3.13/Modules/Platform/Linux-Intel-CXX.cmake",
  "lib/python3.8/site-packages/pyctest/share/cmake-3.13/Modules/Platform/Linux-Intel-Fortran.cmake",
  "lib/python3.8/site-packages/pyctest/share/cmake-3.13/Modules/Platform/Linux-Intel.cmake",
  "lib/python3.8/site-packages/pyctest/share/cmake-3.13/Modules/Platform/Linux-NAG-Fortran.cmake",
  "lib/python3.8/site-packages/pyctest/share/cmake-3.13/Modules/Platform/Linux-PGI-C.cmake",
  "lib/python3.8/site-packages/pyctest/share/cmake-3.13/Modules/Platform/Linux-PGI-CXX.cmake",
  "lib/python3.8/site-packages/pyctest/share/cmake-3.13/Modules/Platform/Linux-PGI-Fortran.cmake",
  "lib/python3.8/site-packages/pyctest/share/cmake-3.13/Modules/Platform/Linux-PGI.cmake",
  "lib/python3.8/site-packages/pyctest/share/cmake-3.13/Modules/Platform/Linux-PathScale-C.cmake",
  "lib/python3.8/site-packages/pyctest/share/cmake-3.13/Modules/Platform/Linux-PathScale-CXX.cmake",
  "lib/python3.8/site-packages/pyctest/share/cmake-3.13/Modules/Platform/Linux-PathScale-Fortran.cmake",
  "lib/python3.8/site-packages/pyctest/share/cmake-3.13/Modules/Platform/Linux-PathScale.cmake",
  "lib/python3.8/site-packages/pyctest/share/cmake-3.13/Modules/Platform/Linux-SunPro-CXX.cmake",
  "lib/python3.8/site-packages/pyctest/share/cmake-3.13/Modules/Platform/Linux-TinyCC-C.cmake",
  "lib/python3.8/site-packages/pyctest/share/cmake-3.13/Modules/Platform/Linux-VisualAge-C.cmake",
  "lib/python3.8/site-packages/pyctest/share/cmake-3.13/Modules/Platform/Linux-VisualAge-CXX.cmake",
  "lib/python3.8/site-packages/pyctest/share/cmake-3.13/Modules/Platform/Linux-VisualAge-Fortran.cmake",
  "lib/python3.8/site-packages/pyctest/share/cmake-3.13/Modules/Platform/Linux-XL-C.cmake",
  "lib/python3.8/site-packages/pyctest/share/cmake-3.13/Modules/Platform/Linux-XL-CXX.cmake",
  "lib/python3.8/site-packages/pyctest/share/cmake-3.13/Modules/Platform/Linux-XL-Fortran.cmake",
  "lib/python3.8/site-packages/pyctest/share/cmake-3.13/Modules/Platform/Linux-como.cmake",
  "lib/python3.8/site-packages/pyctest/share/cmake-3.13/Modules/Platform/Linux.cmake",
  "lib/python3.8/site-packages/pyctest/share/cmake-3.13/Modules/Platform/MP-RAS.cmake",
  "lib/python3.8/site-packages/pyctest/share/cmake-3.13/Modules/Platform/Midipix.cmake",
  "lib/python3.8/site-packages/pyctest/share/cmake-3.13/Modules/Platform/MirBSD.cmake",
  "lib/python3.8/site-packages/pyctest/share/cmake-3.13/Modules/Platform/NetBSD.cmake",
  "lib/python3.8/site-packages/pyctest/share/cmake-3.13/Modules/Platform/OSF1.cmake",
  "lib/python3.8/site-packages/pyctest/share/cmake-3.13/Modules/Platform/OpenBSD.cmake",
  "lib/python3.8/site-packages/pyctest/share/cmake-3.13/Modules/Platform/OpenVMS.cmake",
  "lib/python3.8/site-packages/pyctest/share/cmake-3.13/Modules/Platform/QNX.cmake",
  "lib/python3.8/site-packages/pyctest/share/cmake-3.13/Modules/Platform/RISCos.cmake",
  "lib/python3.8/site-packages/pyctest/share/cmake-3.13/Modules/Platform/SCO_SV.cmake",
  "lib/python3.8/site-packages/pyctest/share/cmake-3.13/Modules/Platform/SINIX.cmake",
  "lib/python3.8/site-packages/pyctest/share/cmake-3.13/Modules/Platform/SunOS-GNU-C.cmake",
  "lib/python3.8/site-packages/pyctest/share/cmake-3.13/Modules/Platform/SunOS-GNU-CXX.cmake",
  "lib/python3.8/site-packages/pyctest/share/cmake-3.13/Modules/Platform/SunOS-GNU-Fortran.cmake",
  "lib/python3.8/site-packages/pyctest/share/cmake-3.13/Modules/Platform/SunOS-GNU.cmake",
  "lib/python3.8/site-packages/pyctest/share/cmake-3.13/Modules/Platform/SunOS-PathScale-C.cmake",
  "lib/python3.8/site-packages/pyctest/share/cmake-3.13/Modules/Platform/SunOS-PathScale-CXX.cmake",
  "lib/python3.8/site-packages/pyctest/share/cmake-3.13/Modules/Platform/SunOS-PathScale-Fortran.cmake",
  "lib/python3.8/site-packages/pyctest/share/cmake-3.13/Modules/Platform/SunOS-PathScale.cmake",
  "lib/python3.8/site-packages/pyctest/share/cmake-3.13/Modules/Platform/SunOS.cmake",
  "lib/python3.8/site-packages/pyctest/share/cmake-3.13/Modules/Platform/Tru64.cmake",
  "lib/python3.8/site-packages/pyctest/share/cmake-3.13/Modules/Platform/ULTRIX.cmake",
  "lib/python3.8/site-packages/pyctest/share/cmake-3.13/Modules/Platform/UNIX_SV.cmake",
  "lib/python3.8/site-packages/pyctest/share/cmake-3.13/Modules/Platform/UnixPaths.cmake",
  "lib/python3.8/site-packages/pyctest/share/cmake-3.13/Modules/Platform/UnixWare.cmake",
  "lib/python3.8/site-packages/pyctest/share/cmake-3.13/Modules/Platform/Windows-Borland-C.cmake",
  "lib/python3.8/site-packages/pyctest/share/cmake-3.13/Modules/Platform/Windows-Borland-CXX.cmake",
  "lib/python3.8/site-packages/pyctest/share/cmake-3.13/Modules/Platform/Windows-Clang-C.cmake",
  "lib/python3.8/site-packages/pyctest/share/cmake-3.13/Modules/Platform/Windows-Clang-CXX.cmake",
  "lib/python3.8/site-packages/pyctest/share/cmake-3.13/Modules/Platform/Windows-Clang.cmake",
  "lib/python3.8/site-packages/pyctest/share/cmake-3.13/Modules/Platform/Windows-Determine-CXX.cmake",
  "lib/python3.8/site-packages/pyctest/share/cmake-3.13/Modules/Platform/Windows-Embarcadero-C.cmake",
  "lib/python3.8/site-packages/pyctest/share/cmake-3.13/Modules/Platform/Windows-Embarcadero-CXX.cmake",
  "lib/python3.8/site-packages/pyctest/share/cmake-3.13/Modules/Platform/Windows-Embarcadero.cmake",
  "lib/python3.8/site-packages/pyctest/share/cmake-3.13/Modules/Platform/Windows-Flang-Fortran.cmake",
  "lib/python3.8/site-packages/pyctest/share/cmake-3.13/Modules/Platform/Windows-G95-Fortran.cmake",
  "lib/python3.8/site-packages/pyctest/share/cmake-3.13/Modules/Platform/Windows-GNU-C-ABI.cmake",
  "lib/python3.8/site-packages/pyctest/share/cmake-3.13/Modules/Platform/Windows-GNU-C.cmake",
  "lib/python3.8/site-packages/pyctest/share/cmake-3.13/Modules/Platform/Windows-GNU-CXX-ABI.cmake",
  "lib/python3.8/site-packages/pyctest/share/cmake-3.13/Modules/Platform/Windows-GNU-CXX.cmake",
  "lib/python3.8/site-packages/pyctest/share/cmake-3.13/Modules/Platform/Windows-GNU-Fortran-ABI.cmake",
  "lib/python3.8/site-packages/pyctest/share/cmake-3.13/Modules/Platform/Windows-GNU-Fortran.cmake",
  "lib/python3.8/site-packages/pyctest/share/cmake-3.13/Modules/Platform/Windows-GNU.cmake",
  "lib/python3.8/site-packages/pyctest/share/cmake-3.13/Modules/Platform/Windows-Intel-ASM.cmake",
  "lib/python3.8/site-packages/pyctest/share/cmake-3.13/Modules/Platform/Windows-Intel-C.cmake",
  "lib/python3.8/site-packages/pyctest/share/cmake-3.13/Modules/Platform/Windows-Intel-CXX.cmake",
  "lib/python3.8/site-packages/pyctest/share/cmake-3.13/Modules/Platform/Windows-Intel-Fortran.cmake",
  "lib/python3.8/site-packages/pyctest/share/cmake-3.13/Modules/Platform/Windows-Intel.cmake",
  "lib/python3.8/site-packages/pyctest/share/cmake-3.13/Modules/Platform/Windows-MSVC-C.cmake",
  "lib/python3.8/site-packages/pyctest/share/cmake-3.13/Modules/Platform/Windows-MSVC-CXX.cmake",
  "lib/python3.8/site-packages/pyctest/share/cmake-3.13/Modules/Platform/Windows-MSVC.cmake",
  "lib/python3.8/site-packages/pyctest/share/cmake-3.13/Modules/Platform/Windows-NVIDIA-CUDA.cmake",
  "lib/python3.8/site-packages/pyctest/share/cmake-3.13/Modules/Platform/Windows-OpenWatcom-C.cmake",
  "lib/python3.8/site-packages/pyctest/share/cmake-3.13/Modules/Platform/Windows-OpenWatcom-CXX.cmake",
  "lib/python3.8/site-packages/pyctest/share/cmake-3.13/Modules/Platform/Windows-OpenWatcom.cmake",
  "lib/python3.8/site-packages/pyctest/share/cmake-3.13/Modules/Platform/Windows-PGI-C.cmake",
  "lib/python3.8/site-packages/pyctest/share/cmake-3.13/Modules/Platform/Windows-PGI-Fortran.cmake",
  "lib/python3.8/site-packages/pyctest/share/cmake-3.13/Modules/Platform/Windows-PGI.cmake",
  "lib/python3.8/site-packages/pyctest/share/cmake-3.13/Modules/Platform/Windows-Watcom-C.cmake",
  "lib/python3.8/site-packages/pyctest/share/cmake-3.13/Modules/Platform/Windows-Watcom-CXX.cmake",
  "lib/python3.8/site-packages/pyctest/share/cmake-3.13/Modules/Platform/Windows-df.cmake",
  "lib/python3.8/site-packages/pyctest/share/cmake-3.13/Modules/Platform/Windows-windres.cmake",
  "lib/python3.8/site-packages/pyctest/share/cmake-3.13/Modules/Platform/Windows.cmake",
  "lib/python3.8/site-packages/pyctest/share/cmake-3.13/Modules/Platform/WindowsCE-MSVC-C.cmake",
  "lib/python3.8/site-packages/pyctest/share/cmake-3.13/Modules/Platform/WindowsCE-MSVC-CXX.cmake",
  "lib/python3.8/site-packages/pyctest/share/cmake-3.13/Modules/Platform/WindowsCE.cmake",
  "lib/python3.8/site-packages/pyctest/share/cmake-3.13/Modules/Platform/WindowsPaths.cmake",
  "lib/python3.8/site-packages/pyctest/share/cmake-3.13/Modules/Platform/WindowsPhone-Clang-C.cmake",
  "lib/python3.8/site-packages/pyctest/share/cmake-3.13/Modules/Platform/WindowsPhone-Clang-CXX.cmake",
  "lib/python3.8/site-packages/pyctest/share/cmake-3.13/Modules/Platform/WindowsPhone-GNU-C.cmake",
  "lib/python3.8/site-packages/pyctest/share/cmake-3.13/Modules/Platform/WindowsPhone-GNU-CXX.cmake",
  "lib/python3.8/site-packages/pyctest/share/cmake-3.13/Modules/Platform/WindowsPhone-MSVC-C.cmake",
  "lib/python3.8/site-packages/pyctest/share/cmake-3.13/Modules/Platform/WindowsPhone-MSVC-CXX.cmake",
  "lib/python3.8/site-packages/pyctest/share/cmake-3.13/Modules/Platform/WindowsPhone.cmake",
  "lib/python3.8/site-packages/pyctest/share/cmake-3.13/Modules/Platform/WindowsStore-Clang-C.cmake",
  "lib/python3.8/site-packages/pyctest/share/cmake-3.13/Modules/Platform/WindowsStore-Clang-CXX.cmake",
  "lib/python3.8/site-packages/pyctest/share/cmake-3.13/Modules/Platform/WindowsStore-GNU-C.cmake",
  "lib/python3.8/site-packages/pyctest/share/cmake-3.13/Modules/Platform/WindowsStore-GNU-CXX.cmake",
  "lib/python3.8/site-packages/pyctest/share/cmake-3.13/Modules/Platform/WindowsStore-MSVC-C.cmake",
  "lib/python3.8/site-packages/pyctest/share/cmake-3.13/Modules/Platform/WindowsStore-MSVC-CXX.cmake",
  "lib/python3.8/site-packages/pyctest/share/cmake-3.13/Modules/Platform/WindowsStore.cmake",
  "lib/python3.8/site-packages/pyctest/share/cmake-3.13/Modules/Platform/Xenix.cmake",
  "lib/python3.8/site-packages/pyctest/share/cmake-3.13/Modules/Platform/eCos.cmake",
  "lib/python3.8/site-packages/pyctest/share/cmake-3.13/Modules/Platform/gas.cmake",
  "lib/python3.8/site-packages/pyctest/share/cmake-3.13/Modules/Platform/kFreeBSD.cmake",
  "lib/python3.8/site-packages/pyctest/share/cmake-3.13/Modules/Platform/syllable.cmake",
  "lib/python3.8/site-packages/pyctest/share/cmake-3.13/Modules/ProcessorCount.cmake",
  "lib/python3.8/site-packages/pyctest/share/cmake-3.13/Modules/Qt4ConfigDependentSettings.cmake",
  "lib/python3.8/site-packages/pyctest/share/cmake-3.13/Modules/Qt4Macros.cmake",
  "lib/python3.8/site-packages/pyctest/share/cmake-3.13/Modules/RepositoryInfo.txt.in",
  "lib/python3.8/site-packages/pyctest/share/cmake-3.13/Modules/SelectLibraryConfigurations.cmake",
  "lib/python3.8/site-packages/pyctest/share/cmake-3.13/Modules/Squish4RunTestCase.bat",
  "lib/python3.8/site-packages/pyctest/share/cmake-3.13/Modules/Squish4RunTestCase.sh",
  "lib/python3.8/site-packages/pyctest/share/cmake-3.13/Modules/SquishRunTestCase.bat",
  "lib/python3.8/site-packages/pyctest/share/cmake-3.13/Modules/SquishRunTestCase.sh",
  "lib/python3.8/site-packages/pyctest/share/cmake-3.13/Modules/SquishTestScript.cmake",
  "lib/python3.8/site-packages/pyctest/share/cmake-3.13/Modules/SystemInformation.cmake",
  "lib/python3.8/site-packages/pyctest/share/cmake-3.13/Modules/SystemInformation.in",
  "lib/python3.8/site-packages/pyctest/share/cmake-3.13/Modules/TestBigEndian.cmake",
  "lib/python3.8/site-packages/pyctest/share/cmake-3.13/Modules/TestCXXAcceptsFlag.cmake",
  "lib/python3.8/site-packages/pyctest/share/cmake-3.13/Modules/TestEndianess.c.in",
  "lib/python3.8/site-packages/pyctest/share/cmake-3.13/Modules/TestForANSIForScope.cmake",
  "lib/python3.8/site-packages/pyctest/share/cmake-3.13/Modules/TestForANSIStreamHeaders.cmake",
  "lib/python3.8/site-packages/pyctest/share/cmake-3.13/Modules/TestForANSIStreamHeaders.cxx",
  "lib/python3.8/site-packages/pyctest/share/cmake-3.13/Modules/TestForAnsiForScope.cxx",
  "lib/python3.8/site-packages/pyctest/share/cmake-3.13/Modules/TestForSSTREAM.cmake",
  "lib/python3.8/site-packages/pyctest/share/cmake-3.13/Modules/TestForSSTREAM.cxx",
  "lib/python3.8/site-packages/pyctest/share/cmake-3.13/Modules/TestForSTDNamespace.cmake",
  "lib/python3.8/site-packages/pyctest/share/cmake-3.13/Modules/TestForSTDNamespace.cxx",
  "lib/python3.8/site-packages/pyctest/share/cmake-3.13/Modules/UseEcos.cmake",
  "lib/python3.8/site-packages/pyctest/share/cmake-3.13/Modules/UseJava.cmake",
  "lib/python3.8/site-packages/pyctest/share/cmake-3.13/Modules/UseJavaClassFilelist.cmake",
  "lib/python3.8/site-packages/pyctest/share/cmake-3.13/Modules/UseJavaSymlinks.cmake",
  "lib/python3.8/site-packages/pyctest/share/cmake-3.13/Modules/UsePkgConfig.cmake",
  "lib/python3.8/site-packages/pyctest/share/cmake-3.13/Modules/UseQt4.cmake",
  "lib/python3.8/site-packages/pyctest/share/cmake-3.13/Modules/UseSWIG.cmake",
  "lib/python3.8/site-packages/pyctest/share/cmake-3.13/Modules/UseSWIG/ManageSupportFiles.cmake",
  "lib/python3.8/site-packages/pyctest/share/cmake-3.13/Modules/Use_wxWindows.cmake",
  "lib/python3.8/site-packages/pyctest/share/cmake-3.13/Modules/UsewxWidgets.cmake",
  "lib/python3.8/site-packages/pyctest/share/cmake-3.13/Modules/VTKCompatibility.cmake",
  "lib/python3.8/site-packages/pyctest/share/cmake-3.13/Modules/WIX.template.in",
  "lib/python3.8/site-packages/pyctest/share/cmake-3.13/Modules/WriteBasicConfigVersionFile.cmake",
  "lib/python3.8/site-packages/pyctest/share/cmake-3.13/Modules/WriteCompilerDetectionHeader.cmake",
  "lib/python3.8/site-packages/pyctest/share/cmake-3.13/Modules/ecos_clean.cmake",
  "lib/python3.8/site-packages/pyctest/share/cmake-3.13/Modules/exportheader.cmake.in",
  "lib/python3.8/site-packages/pyctest/share/cmake-3.13/Modules/javaTargets.cmake.in",
  "lib/python3.8/site-packages/pyctest/share/cmake-3.13/Modules/kde3init_dummy.cpp.in",
  "lib/python3.8/site-packages/pyctest/share/cmake-3.13/Modules/kde3uic.cmake",
  "lib/python3.8/site-packages/pyctest/share/cmake-3.13/Templates/AppleInfo.plist",
  "lib/python3.8/site-packages/pyctest/share/cmake-3.13/Templates/CMakeDevelConfig.cmake.in",
  "lib/python3.8/site-packages/pyctest/share/cmake-3.13/Templates/CMakeVSMacros1.vsmacros",
  "lib/python3.8/site-packages/pyctest/share/cmake-3.13/Templates/CMakeVSMacros2.vsmacros",
  "lib/python3.8/site-packages/pyctest/share/cmake-3.13/Templates/CPackConfig.cmake.in",
  "lib/python3.8/site-packages/pyctest/share/cmake-3.13/Templates/CTestScript.cmake.in",
  "lib/python3.8/site-packages/pyctest/share/cmake-3.13/Templates/MSBuild/nasm.props.in",
  "lib/python3.8/site-packages/pyctest/share/cmake-3.13/Templates/MSBuild/nasm.targets",
  "lib/python3.8/site-packages/pyctest/share/cmake-3.13/Templates/MSBuild/nasm.xml",
  "lib/python3.8/site-packages/pyctest/share/cmake-3.13/Templates/TestDriver.cxx.in",
  "lib/python3.8/site-packages/pyctest/share/cmake-3.13/Templates/Windows/ApplicationIcon.png",
  "lib/python3.8/site-packages/pyctest/share/cmake-3.13/Templates/Windows/Logo.png",
  "lib/python3.8/site-packages/pyctest/share/cmake-3.13/Templates/Windows/SmallLogo.png",
  "lib/python3.8/site-packages/pyctest/share/cmake-3.13/Templates/Windows/SmallLogo44x44.png",
  "lib/python3.8/site-packages/pyctest/share/cmake-3.13/Templates/Windows/SplashScreen.png",
  "lib/python3.8/site-packages/pyctest/share/cmake-3.13/Templates/Windows/StoreLogo.png",
  "lib/python3.8/site-packages/pyctest/share/cmake-3.13/Templates/Windows/Windows_TemporaryKey.pfx",
  "lib/python3.8/site-packages/pyctest/share/cmake-3.13/completions/cmake",
  "lib/python3.8/site-packages/pyctest/share/cmake-3.13/completions/cpack",
  "lib/python3.8/site-packages/pyctest/share/cmake-3.13/completions/ctest",
  "lib/python3.8/site-packages/pyctest/share/cmake-3.13/editors/emacs/cmake-mode.el",
  "lib/python3.8/site-packages/pyctest/share/cmake-3.13/editors/vim/indent/cmake.vim",
  "lib/python3.8/site-packages/pyctest/share/cmake-3.13/editors/vim/syntax/cmake.vim",
  "lib/python3.8/site-packages/pyctest/share/cmake-3.13/include/cmCPluginAPI.h"
 ],
 "index": {
  "arch": "x86_64",
  "build": "py38he9686a7_2",
  "build_number": 2,
  "depends": [
   "curl >=7.71.1,<8.0a0",
   "libgcc-ng >=7.5.0",
   "libstdcxx-ng >=7.5.0",
   "openssl >=1.1.1h,<1.1.2a",
   "python >=3.8,<3.9.0a0",
   "python_abi 3.8.* *_cp38"
  ],
  "license": "MIT",
  "license_family": "MIT",
  "name": "pyctest",
  "platform": "linux",
  "subdir": "linux-64",
  "timestamp": 1602593368948,
  "version": "0.0.12"
 },
 "metadata_version": 1,
 "name": "pyctest",
 "raw_recipe": "{% set name = \"pyctest\" %}\n{% set version = \"0.0.12\" %}\n{% set sha256 = \"db7b54439049fbbcfe77fc8ea38bd69a45833edd78d04af28c890001c373a884\" %}\n\npackage:\n  name: {{ name|lower }}\n  version: {{ version }}\n\nsource:\n  url: https://pypi.io/packages/source/{{ name[0] }}/{{ name }}/{{ name }}-{{ version }}.tar.gz\n  sha256: {{ sha256 }}\n\nbuild:\n  number: 2\n  script: \"{{ PYTHON }} -m pip install . --no-deps --ignore-installed --no-cache-dir -vvv\"\n  skip: true  # [win]\n\nrequirements:\n  build:\n    - {{ compiler('c') }}\n    - {{ compiler('cxx') }}\n    - cmake\n    - git\n  host:\n    - python\n    - pip\n    - setuptools\n    - openssl\n    - curl\n  run:\n    - python\n    - openssl\n    - curl\n\ntest:\n  imports:\n    - pyctest\n    - pyctest.pyctest\n    - pyctest.pycmake\n    - pyctest.helpers\n    - pyctest.cmake\n    - pyctest.ctest\n    - pyctest.cpack\n\nabout:\n  home: http://github.com/jrmadsen/pyctest\n  license: MIT\n  license_family: MIT\n  license_file: LICENSE\n  summary: 'Python bindings to select portions of CMake/CTest package -- enabling\ngeneration of CTests for CDash submission without a CMake build system'\n  doc_url: https://pyctest.readthedocs.io/en/latest/\n  dev_url: http://github.com/jrmadsen/pyctest\n\nextra:\n  recipe-maintainers:\n    - jrmadsen\n",
 "rendered_recipe": {
  "about": {
   "dev_url": "http://github.com/jrmadsen/pyctest",
   "doc_url": "https://pyctest.readthedocs.io/en/latest/",
   "home": "http://github.com/jrmadsen/pyctest",
   "license": "MIT",
   "license_family": "MIT",
   "license_file": "LICENSE",
   "summary": "Python bindings to select portions of CMake/CTest package -- enabling generation of CTests for CDash submission without a CMake build system"
  },
  "build": {
   "number": "2",
   "script": "/home/conda/feedstock_root/build_artifacts/pyctest_1602592902004/_h_env_placehold_placehold_placehold_placehold_placehold_placehold_placehold_placehold_placehold_placehold_placehold_placehold_placehold_placehold_placehold_placehold_placehold_placehold_pla/bin/python -m pip install . --no-deps --ignore-installed --no-cache-dir -vvv",
   "string": "py38he9686a7_2"
  },
  "extra": {
   "copy_test_source_files": true,
   "final": true,
   "recipe-maintainers": [
    "jrmadsen"
   ]
  },
  "package": {
   "name": "pyctest",
   "version": "0.0.12"
  },
  "requirements": {
   "build": [
    "_libgcc_mutex 0.1 conda_forge",
    "_openmp_mutex 4.5 1_gnu",
    "binutils_impl_linux-64 2.35 h18a2f87_9",
    "binutils_linux-64 2.35 hc3fd857_29",
    "bzip2 1.0.8 h516909a_3",
    "c-ares 1.16.1 h516909a_3",
    "ca-certificates 2020.6.20 hecda079_0",
    "cmake 3.18.2 h5c55442_0",
    "curl 7.71.1 he644dc0_8",
    "expat 2.2.9 he1b5a44_2",
    "gcc_impl_linux-64 7.5.0 hda68d29_13",
    "gcc_linux-64 7.5.0 he2a3fca_29",
    "gettext 0.19.8.1 hc5be6a0_1002",
    "git 2.28.0 pl526h5e3e691_1",
    "gxx_impl_linux-64 7.5.0 h64c220c_13",
    "gxx_linux-64 7.5.0 h547f3ba_29",
    "kernel-headers_linux-64 2.6.32 h77966d4_13",
    "krb5 1.17.1 hfafb76e_3",
    "ld_impl_linux-64 2.35 h769bd43_9",
    "libcurl 7.71.1 hcdd3856_8",
    "libedit 3.1.20191231 he28a2e2_2",
    "libev 4.33 h516909a_1",
    "libffi 3.2.1 he1b5a44_1007",
    "libgcc-ng 9.3.0 h5dbcf3e_17",
    "libgomp 9.3.0 h5dbcf3e_17",
    "libiconv 1.16 h516909a_0",
    "libnghttp2 1.41.0 h8cfc5f6_2",
    "libssh2 1.9.0 hab1572f_5",
    "libstdcxx-ng 9.3.0 h2ae2ef3_17",
    "libuv 1.40.0 h516909a_0",
    "ncurses 6.2 he1b5a44_2",
    "openssl 1.1.1h h516909a_0",
    "pcre 8.44 he1b5a44_0",
    "perl 5.26.2 h516909a_1006",
    "rhash 1.3.6 h14c3975_1001",
    "sysroot_linux-64 2.12 h77966d4_13",
    "tk 8.6.10 hed695b0_1",
    "xz 5.2.5 h516909a_1",
    "zlib 1.2.11 h516909a_1009"
   ],
   "host": [
    "_libgcc_mutex 0.1 conda_forge",
    "_openmp_mutex 4.5 1_gnu",
    "c-ares 1.16.1 h516909a_3",
    "ca-certificates 2020.6.20 hecda079_0",
    "certifi 2020.6.20 py38h924ce5b_2",
    "curl 7.71.1 he644dc0_8",
    "krb5 1.17.1 hfafb76e_3",
    "ld_impl_linux-64 2.35 h769bd43_9",
    "libcurl 7.71.1 hcdd3856_8",
    "libedit 3.1.20191231 he28a2e2_2",
    "libev 4.33 h516909a_1",
    "libffi 3.2.1 he1b5a44_1007",
    "libgcc-ng 9.3.0 h5dbcf3e_17",
    "libgomp 9.3.0 h5dbcf3e_17",
    "libnghttp2 1.41.0 h8cfc5f6_2",
    "libssh2 1.9.0 hab1572f_5",
    "libstdcxx-ng 9.3.0 h2ae2ef3_17",
    "ncurses 6.2 he1b5a44_2",
    "openssl 1.1.1h h516909a_0",
    "pip 20.2.3 py_0",
    "python 3.8.6 h852b56e_0_cpython",
    "python_abi 3.8 1_cp38",
    "readline 8.0 he28a2e2_2",
    "setuptools 49.6.0 py38h924ce5b_2",
    "sqlite 3.33.0 h4cf870e_1",
    "tk 8.6.10 hed695b0_1",
    "wheel 0.35.1 pyh9f0ad1d_0",
    "xz 5.2.5 h516909a_1",
    "zlib 1.2.11 h516909a_1009"
   ],
   "run": [
    "curl >=7.71.1,<8.0a0",
    "libgcc-ng >=7.5.0",
    "libstdcxx-ng >=7.5.0",
    "openssl >=1.1.1h,<1.1.2a",
    "openssl >=1.1.1h,<1.1.2a",
    "python >=3.8,<3.9.0a0",
    "python_abi 3.8.* *_cp38"
   ]
  },
  "source": {
   "sha256": "db7b54439049fbbcfe77fc8ea38bd69a45833edd78d04af28c890001c373a884",
   "url": "https://pypi.io/packages/source/p/pyctest/pyctest-0.0.12.tar.gz"
  },
  "test": {
   "imports": [
    "pyctest",
    "pyctest.cmake",
    "pyctest.cpack",
    "pyctest.ctest",
    "pyctest.helpers",
    "pyctest.pycmake",
    "pyctest.pyctest"
   ]
  }
 },
 "version": "0.0.12"
}